2026-05-04 10:51:16,889 INFO  App.Controllers.DashboardController - GetDashboardStates API called. branchId=1, userId=1
2026-05-04 10:51:16,889 INFO  App.Controllers.DashboardController - GetDashboardStates API called. branchId=1, userId=1
2026-05-04 10:51:16,889 INFO  App.Controllers.DashboardController - GetWalletAmount API called. clientIds=1
2026-05-04 10:51:31,029 INFO  BranchController - GetBranchDetailsByBranchId API called. branchId=1
2026-05-04 10:51:31,047 INFO  BranchController - GetBranchDetailsByBranchId success. branchId=1, count=1
2026-05-04 10:51:31,654 INFO  BranchController - GetBranchDetailsByBranchId API called. branchId=1
2026-05-04 10:51:31,656 INFO  BranchController - GetBranchDetailsByBranchId success. branchId=1, count=1
2026-05-04 10:52:40,778 INFO  BranchController - GetBranchAndUserWiseBranchList API called. branchId=1, userId=1
2026-05-04 10:52:40,826 INFO  BranchController - GetBranchAndUserWiseBranchList success. branchId=1, userId=1, count=111
2026-05-04 10:52:40,864 INFO  BranchController - GetBranchAndUserWiseBranchList API called. branchId=1, userId=1
2026-05-04 10:52:40,874 INFO  BranchController - GetBranchAndUserWiseBranchList success. branchId=1, userId=1, count=111
2026-05-04 10:52:42,580 INFO  App.Controllers.DashboardController - GetWalletAmount API called. clientIds=1
2026-05-04 10:52:42,585 INFO  App.Controllers.DashboardController - GetDashboardStates API called. branchId=1, userId=1
2026-05-04 10:52:43,560 INFO  BranchController - GetBranchDetailsByBranchId API called. branchId=1
2026-05-04 10:52:43,563 INFO  BranchController - GetBranchDetailsByBranchId success. branchId=1, count=1
2026-05-04 10:53:27,788 INFO  BranchController - GetBranchAndUserWiseBranchList API called. branchId=1, userId=1
2026-05-04 10:53:27,797 INFO  BranchController - GetBranchAndUserWiseBranchList success. branchId=1, userId=1, count=111
2026-05-04 10:53:36,435 INFO  BranchController - GetBranchAndUserWiseBranchList API called. branchId=1, userId=1
2026-05-04 10:53:36,438 INFO  BranchController - GetBranchAndUserWiseBranchList success. branchId=1, userId=1, count=111
2026-05-04 10:53:38,262 INFO  App.Controllers.DashboardController - GetWalletAmount API called. clientIds=1
2026-05-04 10:53:38,265 INFO  App.Controllers.DashboardController - GetDashboardStates API called. branchId=1, userId=1
2026-05-04 10:53:40,754 INFO  BranchController - GetBranchDetailsByBranchId API called. branchId=1
2026-05-04 10:53:40,759 INFO  BranchController - GetBranchDetailsByBranchId success. branchId=1, count=1
2026-05-04 10:53:40,775 INFO  BranchController - GetBranchAndUserWiseBranchList API called. branchId=1, userId=1
2026-05-04 10:53:40,779 INFO  BranchController - GetBranchAndUserWiseBranchList success. branchId=1, userId=1, count=111
2026-05-04 10:53:40,913 INFO  BranchController - GetBranchDetailsByBranchId API called. branchId=1
2026-05-04 10:53:40,916 INFO  BranchController - GetBranchDetailsByBranchId success. branchId=1, count=1
2026-05-04 10:55:21,680 INFO  BranchController - GetBranchAndUserWiseBranchList API called. branchId=1, userId=1
2026-05-04 10:55:21,690 INFO  BranchController - GetBranchAndUserWiseBranchList success. branchId=1, userId=1, count=111
2026-05-04 10:55:21,704 INFO  BranchController - GetBranchDetailsByBranchId API called. branchId=1
2026-05-04 10:55:21,709 INFO  BranchController - GetBranchDetailsByBranchId success. branchId=1, count=1
2026-05-04 10:55:28,181 INFO  App.Controllers.DashboardController - GetDashboardStates API called. branchId=1, userId=1
2026-05-04 10:55:28,181 INFO  App.Controllers.DashboardController - GetWalletAmount API called. clientIds=1
2026-05-04 10:55:30,503 INFO  BranchController - GetBranchAndUserWiseBranchList API called. branchId=1, userId=1
2026-05-04 10:55:30,509 INFO  BranchController - GetBranchAndUserWiseBranchList success. branchId=1, userId=1, count=111
2026-05-04 10:55:48,617 INFO  BranchController - GetBranchAndUserWiseBranchList API called. branchId=1, userId=1
2026-05-04 10:55:48,623 INFO  BranchController - GetBranchAndUserWiseBranchList success. branchId=1, userId=1, count=111
2026-05-04 10:56:34,605 INFO  BranchController - GetBranchAndUserWiseBranchList API called. branchId=1, userId=1
2026-05-04 10:56:34,612 INFO  BranchController - GetBranchAndUserWiseBranchList success. branchId=1, userId=1, count=111
2026-05-04 10:56:37,162 INFO  App.Controllers.DashboardController - GetWalletAmount API called. clientIds=1
2026-05-04 10:56:37,171 INFO  App.Controllers.DashboardController - GetDashboardStates API called. branchId=1, userId=1
2026-05-04 10:56:42,748 INFO  BranchController - GetBranchDetailsByBranchId API called. branchId=1
2026-05-04 10:56:42,753 INFO  BranchController - GetBranchDetailsByBranchId success. branchId=1, count=1
2026-05-04 10:58:40,232 INFO  App.Controllers.DashboardController - GetDashboardStates API called. branchId=1, userId=1
2026-05-04 10:58:40,235 INFO  App.Controllers.DashboardController - GetWalletAmount API called. clientIds=1
2026-05-04 10:59:36,219 INFO  BranchController - GetBranchDetailsByBranchId API called. branchId=1
2026-05-04 10:59:36,227 INFO  BranchController - GetBranchDetailsByBranchId success. branchId=1, count=1
2026-05-04 10:59:44,903 INFO  App.Controllers.DashboardController - GetWalletAmount API called. clientIds=1
2026-05-04 10:59:44,903 INFO  App.Controllers.DashboardController - GetDashboardStates API called. branchId=1, userId=1
2026-05-04 10:59:44,903 INFO  App.Controllers.DashboardController - GetDashboardStates API called. branchId=1, userId=1
2026-05-04 10:59:49,332 INFO  BranchController - GetBranchDetailsByBranchId API called. branchId=1
2026-05-04 10:59:49,336 INFO  BranchController - GetBranchDetailsByBranchId success. branchId=1, count=1
2026-05-04 10:59:49,679 INFO  BranchController - GetBranchDetailsByBranchId API called. branchId=1
2026-05-04 10:59:49,682 INFO  BranchController - GetBranchDetailsByBranchId success. branchId=1, count=1
2026-05-04 11:01:09,015 INFO  App.Controllers.DashboardController - GetDashboardStates API called. branchId=1, userId=1
2026-05-04 11:01:09,015 INFO  App.Controllers.DashboardController - GetWalletAmount API called. clientIds=1
2026-05-04 11:03:06,345 INFO  App.Controllers.DashboardController - GetWalletAmount API called. clientIds=1
2026-05-04 11:03:06,345 INFO  App.Controllers.DashboardController - GetDashboardStates API called. branchId=1, userId=1
2026-05-04 11:03:06,528 INFO  App.Controllers.DashboardController - GetDashboardStates API called. branchId=1, userId=1
2026-05-04 11:03:10,067 INFO  App.Controllers.DashboardController - GetWalletAmount API called. clientIds=1
2026-05-04 11:03:10,067 INFO  App.Controllers.DashboardController - GetDashboardStates API called. branchId=1, userId=1
2026-05-04 11:03:10,067 INFO  App.Controllers.DashboardController - GetDashboardStates API called. branchId=1, userId=1
2026-05-04 11:03:28,590 INFO  App.Controllers.DashboardController - GetWalletAmount API called. clientIds=1
2026-05-04 11:03:28,590 INFO  App.Controllers.DashboardController - GetDashboardStates API called. branchId=1, userId=1
2026-05-04 11:03:28,590 INFO  App.Controllers.DashboardController - GetDashboardStates API called. branchId=1, userId=1
2026-05-04 11:04:01,567 INFO  App.Controllers.DashboardController - GetDashboardStates API called. branchId=1, userId=1
2026-05-04 11:04:01,567 INFO  App.Controllers.DashboardController - GetWalletAmount API called. clientIds=1
2026-05-04 11:04:01,786 INFO  App.Controllers.DashboardController - GetDashboardStates API called. branchId=1, userId=1
2026-05-04 11:04:12,461 INFO  BranchController - GetBranchDetailsByBranchId API called. branchId=1
2026-05-04 11:04:12,477 INFO  BranchController - GetBranchDetailsByBranchId success. branchId=1, count=1
2026-05-04 11:04:12,883 INFO  BranchController - GetBranchDetailsByBranchId API called. branchId=1
2026-05-04 11:04:12,886 INFO  BranchController - GetBranchDetailsByBranchId success. branchId=1, count=1
2026-05-04 11:15:44,583 INFO  App.Controllers.DashboardController - GetDashboardStates API called. branchId=1, userId=1
2026-05-04 11:15:44,583 INFO  App.Controllers.DashboardController - GetWalletAmount API called. clientIds=1
2026-05-04 11:15:44,724 INFO  App.Controllers.DashboardController - GetDashboardStates API called. branchId=1, userId=1
2026-05-04 11:16:12,988 INFO  BranchController - GetBranchDetailsByBranchId API called. branchId=1
2026-05-04 11:16:13,036 INFO  BranchController - GetBranchDetailsByBranchId success. branchId=1, count=1
2026-05-04 11:16:13,419 INFO  BranchController - GetBranchDetailsByBranchId API called. branchId=1
2026-05-04 11:16:13,423 INFO  BranchController - GetBranchDetailsByBranchId success. branchId=1, count=1
2026-05-04 11:27:01,058 INFO  App.Controllers.DashboardController - GetDashboardStates API called. branchId=1, userId=1
2026-05-04 11:27:01,060 INFO  App.Controllers.DashboardController - GetWalletAmount API called. clientIds=1
2026-05-04 11:27:01,154 INFO  App.Controllers.DashboardController - GetDashboardStates API called. branchId=1, userId=1
2026-05-04 11:27:07,385 INFO  BranchController - GetBranchDetailsByBranchId API called. branchId=1
2026-05-04 11:27:07,392 INFO  BranchController - GetBranchDetailsByBranchId success. branchId=1, count=1
2026-05-04 11:27:07,698 INFO  BranchController - GetBranchDetailsByBranchId API called. branchId=1
2026-05-04 11:27:07,701 INFO  BranchController - GetBranchDetailsByBranchId success. branchId=1, count=1
2026-05-04 11:32:05,513 INFO  BranchController - GetBranchDetailsByBranchId API called. branchId=1
2026-05-04 11:32:05,586 INFO  BranchController - GetBranchDetailsByBranchId success. branchId=1, count=1
2026-05-04 11:32:05,810 INFO  BranchController - GetBranchDetailsByBranchId API called. branchId=1
2026-05-04 11:32:05,813 INFO  BranchController - GetBranchDetailsByBranchId success. branchId=1, count=1
2026-05-04 12:11:46,824 INFO  BranchController - GetBranchDetailsByBranchId API called. branchId=1
2026-05-04 12:11:46,926 INFO  BranchController - GetBranchDetailsByBranchId success. branchId=1, count=1
2026-05-04 12:11:47,166 INFO  BranchController - GetBranchDetailsByBranchId API called. branchId=1
2026-05-04 12:11:47,170 INFO  BranchController - GetBranchDetailsByBranchId success. branchId=1, count=1
2026-05-04 12:24:40,721 INFO  BranchController - GetBranchDetailsByBranchId API called. branchId=1
2026-05-04 12:24:40,797 INFO  BranchController - GetBranchDetailsByBranchId success. branchId=1, count=1
2026-05-04 12:24:41,166 INFO  BranchController - GetBranchDetailsByBranchId API called. branchId=1
2026-05-04 12:24:41,168 INFO  BranchController - GetBranchDetailsByBranchId success. branchId=1, count=1
2026-05-04 12:37:40,742 INFO  App.Controllers.DashboardController - GetWalletAmount API called. clientIds=1
2026-05-04 12:37:40,742 INFO  App.Controllers.DashboardController - GetDashboardStates API called. branchId=1, userId=1
2026-05-04 12:37:40,957 INFO  App.Controllers.DashboardController - GetDashboardStates API called. branchId=1, userId=1
2026-05-04 12:37:59,257 INFO  BranchController - GetBranchDetailsByBranchId API called. branchId=1
2026-05-04 12:37:59,263 INFO  BranchController - GetBranchDetailsByBranchId success. branchId=1, count=1
2026-05-04 12:37:59,601 INFO  BranchController - GetBranchDetailsByBranchId API called. branchId=1
2026-05-04 12:37:59,604 INFO  BranchController - GetBranchDetailsByBranchId success. branchId=1, count=1
2026-05-04 12:40:01,390 INFO  BranchController - GetBranchDetailsByBranchId API called. branchId=1
2026-05-04 12:40:01,402 INFO  BranchController - GetBranchDetailsByBranchId success. branchId=1, count=1
2026-05-04 12:40:01,830 INFO  BranchController - GetBranchDetailsByBranchId API called. branchId=1
2026-05-04 12:40:01,834 INFO  BranchController - GetBranchDetailsByBranchId success. branchId=1, count=1
2026-05-04 12:42:40,448 WARN  LISD.Middleware.ErrorLoggingMiddleware - API error response
Correlation: 00-2ec170396632b7056281d127a2f65008-8bbd36fe1d1ce0a2-00
Status     : 400
Method     : GET
Path       : /api/ServiceAllDetailsForOPDBilling/GetPackageAllDetails
Query      : 
Host       : 192.168.1.38:5021
Scheme     : http
Remote IP  : 192.168.1.38
User-Agent : Mozilla/5.0 (Macintosh; Intel Mac OS X 10_15_7) AppleWebKit/537.36 (KHTML, like Gecko) Chrome/147.0.0.0 Safari/537.36
ResponseBody: {"status":false,"message":"Validation error","correlationId":"00-2ec170396632b7056281d127a2f65008-8bbd36fe1d1ce0a2-00","data":{"id":["The id field is required."]}}
2026-05-04 12:50:08,393 INFO  BranchController - GetBranchDetailsByBranchId API called. branchId=1
2026-05-04 12:50:08,496 INFO  BranchController - GetBranchDetailsByBranchId success. branchId=1, count=1
2026-05-04 12:50:08,908 INFO  BranchController - GetBranchDetailsByBranchId API called. branchId=1
2026-05-04 12:50:08,910 INFO  BranchController - GetBranchDetailsByBranchId success. branchId=1, count=1
2026-05-04 12:55:41,642 INFO  App.Controllers.DashboardController - GetWalletAmount API called. clientIds=1
2026-05-04 12:55:41,642 INFO  App.Controllers.DashboardController - GetDashboardStates API called. branchId=1, userId=1
2026-05-04 12:55:42,136 INFO  App.Controllers.DashboardController - GetDashboardStates API called. branchId=1, userId=1
2026-05-04 12:55:44,319 INFO  BranchController - GetBranchDetailsByBranchId API called. branchId=1
2026-05-04 12:55:44,322 INFO  BranchController - GetBranchDetailsByBranchId success. branchId=1, count=1
2026-05-04 12:55:44,742 INFO  BranchController - GetBranchDetailsByBranchId API called. branchId=1
2026-05-04 12:55:44,747 INFO  BranchController - GetBranchDetailsByBranchId success. branchId=1, count=1
2026-05-04 13:11:09,360 INFO  App.Controllers.DashboardController - GetDashboardStates API called. branchId=1, userId=1
2026-05-04 13:11:09,360 INFO  App.Controllers.DashboardController - GetWalletAmount API called. clientIds=1
2026-05-04 13:11:09,850 INFO  App.Controllers.DashboardController - GetDashboardStates API called. branchId=1, userId=1
2026-05-04 13:11:13,058 INFO  BranchController - GetBranchDetailsByBranchId API called. branchId=1
2026-05-04 13:11:13,061 INFO  BranchController - GetBranchDetailsByBranchId success. branchId=1, count=1
2026-05-04 13:11:13,405 INFO  BranchController - GetBranchDetailsByBranchId API called. branchId=1
2026-05-04 13:11:13,408 INFO  BranchController - GetBranchDetailsByBranchId success. branchId=1, count=1
2026-05-04 13:14:15,943 INFO  App.Controllers.DashboardController - GetWalletAmount API called. clientIds=1
2026-05-04 13:14:15,943 INFO  App.Controllers.DashboardController - GetDashboardStates API called. branchId=1, userId=1
2026-05-04 13:14:15,946 INFO  App.Controllers.DashboardController - GetDashboardStates API called. branchId=1, userId=1
2026-05-04 13:15:21,056 INFO  BranchController - GetBranchDetailsByBranchId API called. branchId=1
2026-05-04 13:15:21,076 INFO  BranchController - GetBranchDetailsByBranchId success. branchId=1, count=1
2026-05-04 13:15:22,069 INFO  BranchController - GetBranchDetailsByBranchId API called. branchId=1
2026-05-04 13:15:22,076 INFO  BranchController - GetBranchDetailsByBranchId success. branchId=1, count=1
2026-05-04 13:17:32,351 INFO  App.Controllers.DashboardController - GetDashboardStates API called. branchId=1, userId=1
2026-05-04 13:17:32,352 INFO  App.Controllers.DashboardController - GetWalletAmount API called. clientIds=1
2026-05-04 13:17:32,459 INFO  App.Controllers.DashboardController - GetDashboardStates API called. branchId=1, userId=1
2026-05-04 13:18:07,823 INFO  BranchController - GetBranchDetailsByBranchId API called. branchId=1
2026-05-04 13:18:07,834 INFO  BranchController - GetBranchDetailsByBranchId success. branchId=1, count=1
2026-05-04 13:18:08,472 INFO  BranchController - GetBranchDetailsByBranchId API called. branchId=1
2026-05-04 13:18:08,474 INFO  BranchController - GetBranchDetailsByBranchId success. branchId=1, count=1
2026-05-04 13:19:56,741 INFO  App.Controllers.DashboardController - GetWalletAmount API called. clientIds=1
2026-05-04 13:19:56,741 INFO  App.Controllers.DashboardController - GetDashboardStates API called. branchId=1, userId=1
2026-05-04 13:19:57,955 INFO  BranchController - GetBranchAndUserWiseBranchList API called. branchId=1, userId=1
2026-05-04 13:19:57,966 INFO  BranchController - GetBranchAndUserWiseBranchList API called. branchId=1, userId=1
2026-05-04 13:19:57,966 INFO  BranchController - GetBranchAndUserWiseBranchList success. branchId=1, userId=1, count=4
2026-05-04 13:19:57,968 INFO  BranchController - GetBranchAndUserWiseBranchList success. branchId=1, userId=1, count=4
2026-05-04 13:20:05,035 INFO  BranchController - GetBranchAndUserWiseBranchList API called. branchId=1, userId=1
2026-05-04 13:20:05,039 INFO  BranchController - GetBranchAndUserWiseBranchList success. branchId=1, userId=1, count=4
2026-05-04 13:20:07,551 INFO  BranchController - GetBranchDetailsByBranchId API called. branchId=1
2026-05-04 13:20:07,554 INFO  BranchController - GetBranchDetailsByBranchId success. branchId=1, count=1
2026-05-04 13:23:43,426 INFO  BranchController - GetBranchDetailsByBranchId API called. branchId=1
2026-05-04 13:23:43,461 INFO  BranchController - GetBranchDetailsByBranchId success. branchId=1, count=1
2026-05-04 13:23:43,622 INFO  BranchController - GetBranchDetailsByBranchId API called. branchId=1
2026-05-04 13:23:43,624 INFO  BranchController - GetBranchDetailsByBranchId success. branchId=1, count=1
2026-05-04 13:28:32,156 INFO  BranchController - GetBranchDetailsByBranchId API called. branchId=1
2026-05-04 13:28:32,268 INFO  BranchController - GetBranchDetailsByBranchId success. branchId=1, count=1
2026-05-04 13:28:32,657 INFO  BranchController - GetBranchDetailsByBranchId API called. branchId=1
2026-05-04 13:28:32,685 INFO  BranchController - GetBranchDetailsByBranchId success. branchId=1, count=1
2026-05-04 13:45:08,959 INFO  BranchController - GetBranchDetailsByBranchId API called. branchId=1
2026-05-04 13:45:09,005 INFO  BranchController - GetBranchDetailsByBranchId success. branchId=1, count=1
2026-05-04 13:45:09,460 INFO  BranchController - GetBranchDetailsByBranchId API called. branchId=1
2026-05-04 13:45:09,463 INFO  BranchController - GetBranchDetailsByBranchId success. branchId=1, count=1
2026-05-04 13:54:19,193 INFO  BranchController - GetBranchDetailsByBranchId API called. branchId=1
2026-05-04 13:54:19,274 INFO  BranchController - GetBranchDetailsByBranchId success. branchId=1, count=1
2026-05-04 13:54:19,363 INFO  BranchController - GetBranchDetailsByBranchId API called. branchId=1
2026-05-04 13:54:19,367 INFO  BranchController - GetBranchDetailsByBranchId success. branchId=1, count=1
2026-05-04 14:00:04,429 INFO  BranchController - GetBranchDetailsByBranchId API called. branchId=1
2026-05-04 14:00:04,475 INFO  BranchController - GetBranchDetailsByBranchId success. branchId=1, count=1
2026-05-04 14:00:04,567 INFO  BranchController - GetBranchDetailsByBranchId API called. branchId=1
2026-05-04 14:00:04,570 INFO  BranchController - GetBranchDetailsByBranchId success. branchId=1, count=1
2026-05-04 14:00:23,792 INFO  BranchController - GetBranchDetailsByBranchId API called. branchId=1
2026-05-04 14:00:23,803 INFO  BranchController - GetBranchDetailsByBranchId success. branchId=1, count=1
2026-05-04 14:00:24,197 INFO  BranchController - GetBranchDetailsByBranchId API called. branchId=1
2026-05-04 14:00:24,200 INFO  BranchController - GetBranchDetailsByBranchId success. branchId=1, count=1
2026-05-04 14:01:44,778 INFO  BranchController - GetBranchDetailsByBranchId API called. branchId=1
2026-05-04 14:01:44,796 INFO  BranchController - GetBranchDetailsByBranchId success. branchId=1, count=1
2026-05-04 14:01:45,119 INFO  BranchController - GetBranchDetailsByBranchId API called. branchId=1
2026-05-04 14:01:45,123 INFO  BranchController - GetBranchDetailsByBranchId success. branchId=1, count=1
2026-05-04 14:03:14,141 INFO  BranchController - GetBranchDetailsByBranchId API called. branchId=1
2026-05-04 14:03:14,155 INFO  BranchController - GetBranchDetailsByBranchId success. branchId=1, count=1
2026-05-04 14:03:14,537 INFO  BranchController - GetBranchDetailsByBranchId API called. branchId=1
2026-05-04 14:03:14,540 INFO  BranchController - GetBranchDetailsByBranchId success. branchId=1, count=1
2026-05-04 15:25:47,521 INFO  App.Controllers.DashboardController - GetDashboardStates API called. branchId=1, userId=1
2026-05-04 15:25:47,521 INFO  App.Controllers.DashboardController - GetWalletAmount API called. clientIds=1
2026-05-04 15:25:47,521 INFO  App.Controllers.DashboardController - GetDashboardStates API called. branchId=1, userId=1
2026-05-04 15:25:50,272 INFO  BranchController - GetBranchDetailsByBranchId API called. branchId=1
2026-05-04 15:25:50,275 INFO  BranchController - GetBranchDetailsByBranchId success. branchId=1, count=1
2026-05-04 15:25:50,689 INFO  BranchController - GetBranchDetailsByBranchId API called. branchId=1
2026-05-04 15:25:50,691 INFO  BranchController - GetBranchDetailsByBranchId success. branchId=1, count=1
2026-05-04 15:26:10,877 INFO  BranchController - GetBranchDetailsByBranchId API called. branchId=1
2026-05-04 15:26:10,887 INFO  BranchController - GetBranchDetailsByBranchId success. branchId=1, count=1
2026-05-04 15:26:11,210 INFO  BranchController - GetBranchDetailsByBranchId API called. branchId=1
2026-05-04 15:26:11,213 INFO  BranchController - GetBranchDetailsByBranchId success. branchId=1, count=1
2026-05-04 15:26:15,196 INFO  BranchController - GetBranchDetailsByBranchId API called. branchId=1
2026-05-04 15:26:15,205 INFO  BranchController - GetBranchDetailsByBranchId success. branchId=1, count=1
2026-05-04 15:26:15,434 INFO  BranchController - GetBranchDetailsByBranchId API called. branchId=1
2026-05-04 15:26:15,439 INFO  BranchController - GetBranchDetailsByBranchId success. branchId=1, count=1
2026-05-04 15:27:00,011 INFO  BranchController - GetBranchDetailsByBranchId API called. branchId=1
2026-05-04 15:27:00,029 INFO  BranchController - GetBranchDetailsByBranchId success. branchId=1, count=1
2026-05-04 15:27:00,349 INFO  BranchController - GetBranchDetailsByBranchId API called. branchId=1
2026-05-04 15:27:00,359 INFO  BranchController - GetBranchDetailsByBranchId success. branchId=1, count=1
2026-05-04 15:27:11,613 INFO  BranchController - GetBranchDetailsByBranchId API called. branchId=1
2026-05-04 15:27:11,676 INFO  BranchController - GetBranchDetailsByBranchId success. branchId=1, count=1
2026-05-04 15:27:11,837 INFO  BranchController - GetBranchDetailsByBranchId API called. branchId=1
2026-05-04 15:27:11,847 INFO  BranchController - GetBranchDetailsByBranchId success. branchId=1, count=1
2026-05-04 15:27:34,691 INFO  BranchController - GetBranchDetailsByBranchId API called. branchId=1
2026-05-04 15:27:34,701 INFO  BranchController - GetBranchDetailsByBranchId success. branchId=1, count=1
2026-05-04 15:27:35,032 INFO  BranchController - GetBranchDetailsByBranchId API called. branchId=1
2026-05-04 15:27:35,035 INFO  BranchController - GetBranchDetailsByBranchId success. branchId=1, count=1
2026-05-04 15:27:54,619 INFO  BranchController - GetBranchDetailsByBranchId API called. branchId=1
2026-05-04 15:27:54,639 INFO  BranchController - GetBranchDetailsByBranchId success. branchId=1, count=1
2026-05-04 15:27:54,863 INFO  BranchController - GetBranchDetailsByBranchId API called. branchId=1
2026-05-04 15:27:54,866 INFO  BranchController - GetBranchDetailsByBranchId success. branchId=1, count=1
2026-05-04 15:28:12,246 INFO  BranchController - GetBranchDetailsByBranchId API called. branchId=1
2026-05-04 15:28:12,265 INFO  BranchController - GetBranchDetailsByBranchId success. branchId=1, count=1
2026-05-04 15:28:12,507 INFO  BranchController - GetBranchDetailsByBranchId API called. branchId=1
2026-05-04 15:28:12,512 INFO  BranchController - GetBranchDetailsByBranchId success. branchId=1, count=1
2026-05-04 15:28:48,056 INFO  App.Controllers.DashboardController - GetDashboardStates API called. branchId=1, userId=1
2026-05-04 15:28:48,056 INFO  App.Controllers.DashboardController - GetWalletAmount API called. clientIds=1
2026-05-04 15:28:48,523 INFO  App.Controllers.DashboardController - GetDashboardStates API called. branchId=1, userId=1
2026-05-04 15:29:11,476 INFO  App.Controllers.DashboardController - GetDashboardStates API called. branchId=1, userId=1
2026-05-04 15:29:11,477 INFO  App.Controllers.DashboardController - GetWalletAmount API called. clientIds=1
2026-05-04 15:29:11,584 INFO  App.Controllers.DashboardController - GetDashboardStates API called. branchId=1, userId=1
2026-05-04 15:29:23,318 INFO  BranchController - GetBranchDetailsByBranchId API called. branchId=1
2026-05-04 15:29:23,328 INFO  BranchController - GetBranchDetailsByBranchId success. branchId=1, count=1
2026-05-04 15:29:23,666 INFO  BranchController - GetBranchDetailsByBranchId API called. branchId=1
2026-05-04 15:29:23,669 INFO  BranchController - GetBranchDetailsByBranchId success. branchId=1, count=1
2026-05-04 15:30:04,492 INFO  BranchController - GetBranchDetailsByBranchId API called. branchId=1
2026-05-04 15:30:04,511 INFO  BranchController - GetBranchDetailsByBranchId success. branchId=1, count=1
2026-05-04 15:30:04,834 INFO  BranchController - GetBranchDetailsByBranchId API called. branchId=1
2026-05-04 15:30:04,839 INFO  BranchController - GetBranchDetailsByBranchId success. branchId=1, count=1
2026-05-04 15:30:15,208 INFO  App.Controllers.DashboardController - GetDashboardStates API called. branchId=1, userId=1
2026-05-04 15:30:15,208 INFO  App.Controllers.DashboardController - GetWalletAmount API called. clientIds=1
2026-05-04 15:30:15,208 INFO  App.Controllers.DashboardController - GetDashboardStates API called. branchId=1, userId=1
2026-05-04 15:30:17,518 INFO  BranchController - GetBranchDetailsByBranchId API called. branchId=1
2026-05-04 15:30:17,522 INFO  BranchController - GetBranchDetailsByBranchId success. branchId=1, count=1
2026-05-04 15:30:17,844 INFO  BranchController - GetBranchDetailsByBranchId API called. branchId=1
2026-05-04 15:30:17,852 INFO  BranchController - GetBranchDetailsByBranchId success. branchId=1, count=1
2026-05-04 15:30:22,438 INFO  App.Controllers.DashboardController - GetWalletAmount API called. clientIds=1
2026-05-04 15:30:22,443 INFO  App.Controllers.DashboardController - GetDashboardStates API called. branchId=1, userId=1
2026-05-04 15:30:26,130 INFO  BranchController - GetBranchAndUserWiseBranchList API called. branchId=1, userId=1
2026-05-04 15:30:26,139 INFO  BranchController - GetBranchAndUserWiseBranchList success. branchId=1, userId=1, count=4
2026-05-04 15:30:26,154 INFO  App.Controllers.DashboardController - GetBillAndAdvanceDash API called. filter=, clientIdList=1, fromDate=2026-05-04, toDate=2026-05-04
2026-05-04 15:30:26,289 INFO  App.Controllers.DashboardController - GetBillAndAdvanceDash success. transactionsCount=15, summaryExists=True
2026-05-04 15:30:26,607 INFO  App.Controllers.DashboardController - GetBillAndAdvanceDash API called. filter=, clientIdList=1,8066,9066,9068, fromDate=2026-05-04, toDate=2026-05-04
2026-05-04 15:30:26,612 INFO  App.Controllers.DashboardController - GetBillAndAdvanceDash success. transactionsCount=15, summaryExists=True
2026-05-04 15:30:27,459 INFO  App.Controllers.DashboardController - GetWalletAmount API called. clientIds=1
2026-05-04 15:30:27,471 INFO  App.Controllers.DashboardController - GetDashboardStates API called. branchId=1, userId=1
2026-05-04 15:30:29,230 INFO  BranchController - GetBranchDetailsByBranchId API called. branchId=1
2026-05-04 15:30:29,233 INFO  BranchController - GetBranchDetailsByBranchId success. branchId=1, count=1
2026-05-04 15:30:50,824 INFO  App.Controllers.DashboardController - GetWalletAmount API called. clientIds=1
2026-05-04 15:30:50,826 INFO  App.Controllers.DashboardController - GetDashboardStates API called. branchId=1, userId=1
2026-05-04 15:31:00,196 INFO  BranchController - GetBranchDetailsByBranchId API called. branchId=1
2026-05-04 15:31:00,199 INFO  BranchController - GetBranchDetailsByBranchId success. branchId=1, count=1
2026-05-04 15:37:39,042 INFO  BranchController - GetBranchDetailsByBranchId API called. branchId=1
2026-05-04 15:37:39,132 INFO  BranchController - GetBranchDetailsByBranchId success. branchId=1, count=1
2026-05-04 15:37:39,567 INFO  BranchController - GetBranchDetailsByBranchId API called. branchId=1
2026-05-04 15:37:39,569 INFO  BranchController - GetBranchDetailsByBranchId success. branchId=1, count=1
2026-05-04 15:37:57,636 INFO  BranchController - GetBranchDetailsByBranchId API called. branchId=1
2026-05-04 15:37:57,700 INFO  BranchController - GetBranchDetailsByBranchId success. branchId=1, count=1
2026-05-04 15:37:57,877 INFO  BranchController - GetBranchDetailsByBranchId API called. branchId=1
2026-05-04 15:37:57,882 INFO  BranchController - GetBranchDetailsByBranchId success. branchId=1, count=1
2026-05-04 15:38:12,189 INFO  BranchController - GetBranchDetailsByBranchId API called. branchId=1
2026-05-04 15:38:12,208 INFO  BranchController - GetBranchDetailsByBranchId success. branchId=1, count=1
2026-05-04 15:38:12,662 INFO  BranchController - GetBranchDetailsByBranchId API called. branchId=1
2026-05-04 15:38:12,665 INFO  BranchController - GetBranchDetailsByBranchId success. branchId=1, count=1
2026-05-04 15:38:21,881 INFO  BranchController - GetBranchDetailsByBranchId API called. branchId=1
2026-05-04 15:38:21,896 INFO  BranchController - GetBranchDetailsByBranchId success. branchId=1, count=1
2026-05-04 15:38:22,113 INFO  BranchController - GetBranchDetailsByBranchId API called. branchId=1
2026-05-04 15:38:22,119 INFO  BranchController - GetBranchDetailsByBranchId success. branchId=1, count=1
2026-05-04 16:01:18,391 INFO  App.Controllers.DashboardController - GetWalletAmount API called. clientIds=1
2026-05-04 16:01:18,393 INFO  App.Controllers.DashboardController - GetDashboardStates API called. branchId=1, userId=1
2026-05-04 16:01:20,657 INFO  BranchController - GetBranchDetailsByBranchId API called. branchId=1
2026-05-04 16:01:20,663 INFO  BranchController - GetBranchDetailsByBranchId success. branchId=1, count=1
2026-05-04 16:17:08,526 INFO  App.Controllers.DashboardController - GetWalletAmount API called. clientIds=1
2026-05-04 16:17:08,529 INFO  App.Controllers.DashboardController - GetDashboardStates API called. branchId=1, userId=1
2026-05-04 16:17:08,929 INFO  App.Controllers.DashboardController - GetDashboardStates API called. branchId=1, userId=1
2026-05-04 16:17:13,507 INFO  BranchController - GetBranchDetailsByBranchId API called. branchId=1
2026-05-04 16:17:13,539 INFO  BranchController - GetBranchDetailsByBranchId success. branchId=1, count=1
2026-05-04 16:17:14,043 INFO  BranchController - GetBranchDetailsByBranchId API called. branchId=1
2026-05-04 16:17:14,046 INFO  BranchController - GetBranchDetailsByBranchId success. branchId=1, count=1
2026-05-04 16:19:07,499 INFO  App.Controllers.DashboardController - GetDashboardStates API called. branchId=1, userId=1
2026-05-04 16:19:07,500 INFO  App.Controllers.DashboardController - GetDashboardStates API called. branchId=1, userId=1
2026-05-04 16:19:07,500 INFO  App.Controllers.DashboardController - GetWalletAmount API called. clientIds=1
2026-05-04 16:19:12,795 INFO  BranchController - GetBranchDetailsByBranchId API called. branchId=1
2026-05-04 16:19:12,799 INFO  BranchController - GetBranchDetailsByBranchId success. branchId=1, count=1
2026-05-04 16:19:13,119 INFO  BranchController - GetBranchDetailsByBranchId API called. branchId=1
2026-05-04 16:19:13,121 INFO  BranchController - GetBranchDetailsByBranchId success. branchId=1, count=1
2026-05-04 16:25:24,329 INFO  App.Controllers.DashboardController - GetDashboardStates API called. branchId=1, userId=1
2026-05-04 16:25:24,335 INFO  App.Controllers.DashboardController - GetWalletAmount API called. clientIds=1
2026-05-04 16:25:24,821 INFO  App.Controllers.DashboardController - GetDashboardStates API called. branchId=1, userId=1
2026-05-04 16:25:27,163 INFO  BranchController - GetBranchDetailsByBranchId API called. branchId=1
2026-05-04 16:25:27,166 INFO  BranchController - GetBranchDetailsByBranchId success. branchId=1, count=1
2026-05-04 16:25:27,442 INFO  BranchController - GetBranchDetailsByBranchId API called. branchId=1
2026-05-04 16:25:27,444 INFO  BranchController - GetBranchDetailsByBranchId success. branchId=1, count=1
2026-05-04 16:32:29,662 INFO  App.Controllers.DashboardController - GetDashboardStates API called. branchId=1, userId=1
2026-05-04 16:32:29,662 INFO  App.Controllers.DashboardController - GetWalletAmount API called. clientIds=1
2026-05-04 16:32:29,724 INFO  App.Controllers.DashboardController - GetDashboardStates API called. branchId=1, userId=1
2026-05-04 16:32:35,561 INFO  BranchController - GetBranchDetailsByBranchId API called. branchId=1
2026-05-04 16:32:35,563 INFO  BranchController - GetBranchDetailsByBranchId success. branchId=1, count=1
2026-05-04 16:32:35,940 INFO  BranchController - GetBranchDetailsByBranchId API called. branchId=1
2026-05-04 16:32:35,942 INFO  BranchController - GetBranchDetailsByBranchId success. branchId=1, count=1
2026-05-04 16:35:09,835 INFO  App.Controllers.DashboardController - GetWalletAmount API called. clientIds=1
2026-05-04 16:35:09,842 INFO  App.Controllers.DashboardController - GetDashboardStates API called. branchId=1, userId=1
2026-05-04 16:35:09,906 INFO  App.Controllers.DashboardController - GetDashboardStates API called. branchId=1, userId=1
2026-05-04 16:35:11,747 INFO  BranchController - GetBranchDetailsByBranchId API called. branchId=1
2026-05-04 16:35:11,750 INFO  BranchController - GetBranchDetailsByBranchId success. branchId=1, count=1
2026-05-04 16:35:12,054 INFO  BranchController - GetBranchDetailsByBranchId API called. branchId=1
2026-05-04 16:35:12,056 INFO  BranchController - GetBranchDetailsByBranchId success. branchId=1, count=1
2026-05-04 16:37:37,194 INFO  App.Controllers.DashboardController - GetDashboardStates API called. branchId=1, userId=1
2026-05-04 16:37:37,195 INFO  App.Controllers.DashboardController - GetDashboardStates API called. branchId=1, userId=1
2026-05-04 16:37:37,195 INFO  App.Controllers.DashboardController - GetWalletAmount API called. clientIds=1
2026-05-04 16:37:41,988 INFO  BranchController - GetBranchDetailsByBranchId API called. branchId=1
2026-05-04 16:37:41,992 INFO  BranchController - GetBranchDetailsByBranchId success. branchId=1, count=1
2026-05-04 16:37:42,330 INFO  BranchController - GetBranchDetailsByBranchId API called. branchId=1
2026-05-04 16:37:42,332 INFO  BranchController - GetBranchDetailsByBranchId success. branchId=1, count=1
2026-05-04 16:38:42,364 WARN  LISD.Middleware.ErrorLoggingMiddleware - API error response
Correlation: 00-415805983f37cf79031b2244b8633476-5e45fb5f0f2f5fdf-00
Status     : 404
Method     : GET
Path       : /favicon.ico
Query      : 
Host       : 192.168.1.9:5021
Scheme     : http
Remote IP  : 192.168.1.9
User-Agent : Mozilla/5.0 (Macintosh; Intel Mac OS X 10_15_7) AppleWebKit/537.36 (KHTML, like Gecko) Chrome/147.0.0.0 Safari/537.36

2026-05-04 16:40:56,153 INFO  App.Controllers.DashboardController - GetDashboardStates API called. branchId=1, userId=1
2026-05-04 16:40:56,153 INFO  App.Controllers.DashboardController - GetDashboardStates API called. branchId=1, userId=1
2026-05-04 16:40:56,155 INFO  App.Controllers.DashboardController - GetWalletAmount API called. clientIds=1
2026-05-04 16:40:57,891 INFO  BranchController - GetBranchDetailsByBranchId API called. branchId=1
2026-05-04 16:40:57,894 INFO  BranchController - GetBranchDetailsByBranchId success. branchId=1, count=1
2026-05-04 16:40:58,273 INFO  BranchController - GetBranchDetailsByBranchId API called. branchId=1
2026-05-04 16:40:58,277 INFO  BranchController - GetBranchDetailsByBranchId success. branchId=1, count=1
2026-05-04 16:42:42,443 INFO  BranchController - GetBranchAndUserWiseBranchList API called. branchId=1, userId=1
2026-05-04 16:42:42,489 INFO  BranchController - GetBranchAndUserWiseBranchList API called. branchId=1, userId=1
2026-05-04 16:42:42,520 INFO  BranchController - GetBranchAndUserWiseBranchList success. branchId=1, userId=1, count=4
2026-05-04 16:42:42,522 INFO  BranchController - GetBranchAndUserWiseBranchList success. branchId=1, userId=1, count=4
2026-05-04 16:42:54,467 INFO  BranchController - GetBranchAndUserWiseBranchList API called. branchId=1, userId=1
2026-05-04 16:42:54,474 INFO  BranchController - GetBranchAndUserWiseBranchList success. branchId=1, userId=1, count=4
2026-05-04 16:42:56,316 INFO  App.Controllers.DashboardController - GetWalletAmount API called. clientIds=1
2026-05-04 16:42:56,316 INFO  App.Controllers.DashboardController - GetDashboardStates API called. branchId=1, userId=1
2026-05-04 16:42:58,868 INFO  BranchController - GetBranchDetailsByBranchId API called. branchId=1
2026-05-04 16:42:58,870 INFO  BranchController - GetBranchDetailsByBranchId success. branchId=1, count=1
2026-05-04 16:42:58,883 INFO  BranchController - GetBranchAndUserWiseBranchList API called. branchId=1, userId=1
2026-05-04 16:42:58,886 INFO  BranchController - GetBranchAndUserWiseBranchList success. branchId=1, userId=1, count=4
2026-05-04 16:42:58,987 INFO  BranchController - GetBranchDetailsByBranchId API called. branchId=1
2026-05-04 16:42:58,990 INFO  BranchController - GetBranchDetailsByBranchId success. branchId=1, count=1
2026-05-04 16:44:45,301 INFO  BranchController - GetBranchAndUserWiseBranchList API called. branchId=1, userId=1
2026-05-04 16:44:45,313 INFO  BranchController - GetBranchAndUserWiseBranchList success. branchId=1, userId=1, count=4
2026-05-04 16:44:45,330 INFO  BranchController - GetBranchDetailsByBranchId API called. branchId=1
2026-05-04 16:44:45,335 INFO  BranchController - GetBranchDetailsByBranchId success. branchId=1, count=1
2026-05-04 16:44:47,376 INFO  App.Controllers.DashboardController - GetDashboardStates API called. branchId=1, userId=1
2026-05-04 16:44:47,376 INFO  App.Controllers.DashboardController - GetWalletAmount API called. clientIds=1
2026-05-04 16:44:49,193 INFO  BranchController - GetBranchDetailsByBranchId API called. branchId=1
2026-05-04 16:44:49,196 INFO  BranchController - GetBranchDetailsByBranchId success. branchId=1, count=1
2026-05-04 16:50:20,356 INFO  App.Controllers.DashboardController - GetDashboardStates API called. branchId=1, userId=1
2026-05-04 16:50:20,361 INFO  App.Controllers.DashboardController - GetWalletAmount API called. clientIds=1
2026-05-04 16:50:20,478 INFO  App.Controllers.DashboardController - GetDashboardStates API called. branchId=1, userId=1
2026-05-04 16:50:32,386 INFO  BranchController - GetBranchDetailsByBranchId API called. branchId=1
2026-05-04 16:50:32,395 INFO  BranchController - GetBranchDetailsByBranchId success. branchId=1, count=1
2026-05-04 16:50:32,817 INFO  BranchController - GetBranchDetailsByBranchId API called. branchId=1
2026-05-04 16:50:32,821 INFO  BranchController - GetBranchDetailsByBranchId success. branchId=1, count=1
2026-05-04 17:01:29,308 INFO  App.Controllers.DashboardController - GetDashboardStates API called. branchId=1, userId=1
2026-05-04 17:01:29,308 INFO  App.Controllers.DashboardController - GetWalletAmount API called. clientIds=1
2026-05-04 17:01:29,308 INFO  App.Controllers.DashboardController - GetDashboardStates API called. branchId=1, userId=1
2026-05-04 17:01:34,236 INFO  BranchController - GetBranchDetailsByBranchId API called. branchId=1
2026-05-04 17:01:34,241 INFO  BranchController - GetBranchDetailsByBranchId success. branchId=1, count=1
2026-05-04 17:01:34,836 INFO  BranchController - GetBranchDetailsByBranchId API called. branchId=1
2026-05-04 17:01:34,839 INFO  BranchController - GetBranchDetailsByBranchId success. branchId=1, count=1
2026-05-04 17:03:06,204 INFO  BranchController - GetBranchDetailsByBranchId API called. branchId=1
2026-05-04 17:03:06,237 INFO  BranchController - GetBranchDetailsByBranchId success. branchId=1, count=1
2026-05-04 17:03:06,522 INFO  BranchController - GetBranchDetailsByBranchId API called. branchId=1
2026-05-04 17:03:06,524 INFO  BranchController - GetBranchDetailsByBranchId success. branchId=1, count=1
2026-05-04 17:16:29,527 INFO  App.Controllers.DashboardController - GetWalletAmount API called. clientIds=1
2026-05-04 17:16:29,527 INFO  App.Controllers.DashboardController - GetDashboardStates API called. branchId=1, userId=1
2026-05-04 17:16:46,365 INFO  BranchController - GetBranchDetailsByBranchId API called. branchId=1
2026-05-04 17:16:46,368 INFO  BranchController - GetBranchDetailsByBranchId success. branchId=1, count=1
2026-05-04 17:16:53,652 INFO  App.Controllers.DashboardController - GetWalletAmount API called. clientIds=1
2026-05-04 17:16:53,655 INFO  App.Controllers.DashboardController - GetDashboardStates API called. branchId=1, userId=1
2026-05-04 17:16:58,219 INFO  BranchController - GetBranchDetailsByBranchId API called. branchId=1
2026-05-04 17:16:58,222 INFO  BranchController - GetBranchDetailsByBranchId success. branchId=1, count=1
2026-05-04 17:16:58,251 INFO  BranchController - GetBranchAndUserWiseBranchList API called. branchId=1, userId=1
2026-05-04 17:16:58,262 INFO  BranchController - GetBranchAndUserWiseBranchList success. branchId=1, userId=1, count=4
2026-05-04 17:16:58,406 INFO  BranchController - GetBranchDetailsByBranchId API called. branchId=1
2026-05-04 17:16:58,408 INFO  BranchController - GetBranchDetailsByBranchId success. branchId=1, count=1
2026-05-04 17:33:26,271 INFO  BranchController - GetBranchDetailsByBranchId API called. branchId=1
2026-05-04 17:33:26,275 INFO  BranchController - GetBranchDetailsByBranchId success. branchId=1, count=1
2026-05-04 17:33:32,583 INFO  BranchController - GetBranchAndUserWiseBranchList API called. branchId=1, userId=1
2026-05-04 17:33:32,585 INFO  BranchController - GetBranchDetailsByBranchId API called. branchId=1
2026-05-04 17:33:32,619 INFO  BranchController - GetBranchAndUserWiseBranchList success. branchId=1, userId=1, count=4
2026-05-04 17:33:32,684 INFO  BranchController - GetBranchDetailsByBranchId success. branchId=1, count=1
2026-05-04 17:33:34,975 INFO  App.Controllers.DashboardController - GetWalletAmount API called. clientIds=1
2026-05-04 17:33:34,975 INFO  App.Controllers.DashboardController - GetDashboardStates API called. branchId=1, userId=1
2026-05-04 17:33:37,150 INFO  BranchController - GetBranchDetailsByBranchId API called. branchId=1
2026-05-04 17:33:37,155 INFO  BranchController - GetBranchDetailsByBranchId success. branchId=1, count=1
2026-05-04 17:38:09,024 INFO  App.Controllers.DashboardController - GetDashboardStates API called. branchId=1, userId=1
2026-05-04 17:38:09,029 INFO  App.Controllers.DashboardController - GetDashboardStates API called. branchId=1, userId=1
2026-05-04 17:38:09,037 INFO  App.Controllers.DashboardController - GetWalletAmount API called. clientIds=1
2026-05-04 17:38:11,863 INFO  BranchController - GetBranchDetailsByBranchId API called. branchId=1
2026-05-04 17:38:11,867 INFO  BranchController - GetBranchDetailsByBranchId success. branchId=1, count=1
2026-05-04 17:38:12,264 INFO  BranchController - GetBranchDetailsByBranchId API called. branchId=1
2026-05-04 17:38:12,267 INFO  BranchController - GetBranchDetailsByBranchId success. branchId=1, count=1
2026-05-04 17:39:34,006 INFO  BranchController - GetBranchDetailsByBranchId API called. branchId=1
2026-05-04 17:39:34,027 INFO  BranchController - GetBranchDetailsByBranchId success. branchId=1, count=1
2026-05-04 17:39:34,298 INFO  BranchController - GetBranchDetailsByBranchId API called. branchId=1
2026-05-04 17:39:34,301 INFO  BranchController - GetBranchDetailsByBranchId success. branchId=1, count=1
2026-05-04 17:39:35,903 INFO  App.Controllers.DashboardController - GetWalletAmount API called. clientIds=1
2026-05-04 17:39:35,904 INFO  App.Controllers.DashboardController - GetDashboardStates API called. branchId=1, userId=1
2026-05-04 17:39:38,282 INFO  BranchController - GetBranchDetailsByBranchId API called. branchId=1
2026-05-04 17:39:38,285 INFO  BranchController - GetBranchDetailsByBranchId success. branchId=1, count=1
2026-05-04 17:40:33,133 INFO  App.Controllers.DashboardController - GetWalletAmount API called. clientIds=1
2026-05-04 17:40:33,135 INFO  App.Controllers.DashboardController - GetDashboardStates API called. branchId=1, userId=1
2026-05-04 17:40:36,198 INFO  BranchController - GetBranchDetailsByBranchId API called. branchId=1
2026-05-04 17:40:36,202 INFO  BranchController - GetBranchDetailsByBranchId success. branchId=1, count=1
2026-05-04 17:40:36,240 INFO  BranchController - GetBranchAndUserWiseBranchList API called. branchId=1, userId=1
2026-05-04 17:40:36,243 INFO  BranchController - GetBranchAndUserWiseBranchList success. branchId=1, userId=1, count=4
2026-05-04 17:40:36,371 INFO  BranchController - GetBranchDetailsByBranchId API called. branchId=1
2026-05-04 17:40:36,378 INFO  BranchController - GetBranchDetailsByBranchId success. branchId=1, count=1
2026-05-04 17:47:01,098 INFO  BranchController - GetBranchAndUserWiseBranchList API called. branchId=1, userId=1
2026-05-04 17:47:01,102 INFO  BranchController - GetBranchAndUserWiseBranchList success. branchId=1, userId=1, count=4
2026-05-04 17:47:01,297 INFO  BranchController - GetBranchDetailsByBranchId API called. branchId=1
2026-05-04 17:47:01,299 INFO  BranchController - GetBranchDetailsByBranchId success. branchId=1, count=1
2026-05-04 17:47:05,126 INFO  App.Controllers.DashboardController - GetDashboardStates API called. branchId=1, userId=1
2026-05-04 17:47:05,127 INFO  App.Controllers.DashboardController - GetWalletAmount API called. clientIds=1
2026-05-04 17:47:13,425 INFO  BranchController - GetBranchAndUserWiseBranchList API called. branchId=1, userId=1
2026-05-04 17:47:13,428 INFO  BranchController - GetBranchAndUserWiseBranchList success. branchId=1, userId=1, count=4
2026-05-04 17:47:13,474 INFO  BranchController - GetBranchAndUserWiseBranchList API called. branchId=1, userId=1
2026-05-04 17:47:13,477 INFO  BranchController - GetBranchAndUserWiseBranchList success. branchId=1, userId=1, count=4
2026-05-04 17:47:57,763 INFO  BranchController - GetBranchAndUserWiseBranchList API called. branchId=1, userId=1
2026-05-04 17:47:57,777 INFO  BranchController - GetBranchAndUserWiseBranchList success. branchId=1, userId=1, count=4
2026-05-04 17:48:00,144 INFO  App.Controllers.DashboardController - GetDashboardStates API called. branchId=1, userId=1
2026-05-04 17:48:00,144 INFO  App.Controllers.DashboardController - GetWalletAmount API called. clientIds=1
2026-05-04 17:48:09,558 INFO  BranchController - GetBranchDetailsByBranchId API called. branchId=1
2026-05-04 17:48:09,561 INFO  BranchController - GetBranchDetailsByBranchId success. branchId=1, count=1
2026-05-04 17:48:09,567 INFO  BranchController - GetBranchAndUserWiseBranchList API called. branchId=1, userId=1
2026-05-04 17:48:09,570 INFO  BranchController - GetBranchAndUserWiseBranchList success. branchId=1, userId=1, count=4
2026-05-04 17:48:09,638 INFO  BranchController - GetBranchDetailsByBranchId API called. branchId=1
2026-05-04 17:48:09,641 INFO  BranchController - GetBranchDetailsByBranchId success. branchId=1, count=1
2026-05-04 18:00:37,845 INFO  BranchController - GetBranchAndUserWiseBranchList API called. branchId=1, userId=1
2026-05-04 18:00:37,851 INFO  BranchController - GetBranchAndUserWiseBranchList success. branchId=1, userId=1, count=4
2026-05-04 18:00:37,871 INFO  BranchController - GetBranchDetailsByBranchId API called. branchId=1
2026-05-04 18:00:37,876 INFO  BranchController - GetBranchDetailsByBranchId success. branchId=1, count=1
2026-05-04 18:01:03,778 INFO  BranchController - GetBranchDetailsByBranchId API called. branchId=1
2026-05-04 18:01:03,825 INFO  BranchController - GetBranchDetailsByBranchId success. branchId=1, count=1
2026-05-04 18:01:05,990 INFO  App.Controllers.DashboardController - GetWalletAmount API called. clientIds=1
2026-05-04 18:01:05,990 INFO  App.Controllers.DashboardController - GetDashboardStates API called. branchId=1, userId=1
2026-05-04 18:01:07,229 INFO  BranchController - GetBranchDetailsByBranchId API called. branchId=1
2026-05-04 18:01:07,231 INFO  BranchController - GetBranchDetailsByBranchId success. branchId=1, count=1
2026-05-04 18:03:39,824 INFO  App.Controllers.DashboardController - GetWalletAmount API called. clientIds=1
2026-05-04 18:03:40,066 INFO  App.Controllers.DashboardController - GetDashboardStates API called. branchId=1, userId=1
2026-05-04 18:03:42,719 INFO  BranchController - GetBranchDetailsByBranchId API called. branchId=1
2026-05-04 18:03:42,754 INFO  BranchController - GetBranchDetailsByBranchId success. branchId=1, count=1
2026-05-04 18:03:42,756 INFO  BranchController - GetBranchAndUserWiseBranchList API called. branchId=1, userId=1
2026-05-04 18:03:42,759 INFO  BranchController - GetBranchAndUserWiseBranchList success. branchId=1, userId=1, count=4
2026-05-04 18:03:42,779 INFO  BranchController - GetBranchDetailsByBranchId API called. branchId=1
2026-05-04 18:03:42,786 INFO  BranchController - GetBranchDetailsByBranchId success. branchId=1, count=1
2026-05-04 18:05:00,835 INFO  BranchController - GetBranchAndUserWiseBranchList API called. branchId=1, userId=1
2026-05-04 18:05:00,839 INFO  BranchController - GetBranchAndUserWiseBranchList success. branchId=1, userId=1, count=4
2026-05-04 18:05:00,846 INFO  BranchController - GetBranchDetailsByBranchId API called. branchId=1
2026-05-04 18:05:00,851 INFO  BranchController - GetBranchDetailsByBranchId success. branchId=1, count=1
2026-05-04 18:05:02,984 INFO  App.Controllers.DashboardController - GetWalletAmount API called. clientIds=1
2026-05-04 18:05:02,986 INFO  App.Controllers.DashboardController - GetDashboardStates API called. branchId=1, userId=1
2026-05-04 18:05:04,695 INFO  BranchController - GetBranchDetailsByBranchId API called. branchId=1
2026-05-04 18:05:04,697 INFO  BranchController - GetBranchDetailsByBranchId success. branchId=1, count=1
2026-05-04 18:14:39,598 INFO  App.Controllers.DashboardController - GetWalletAmount API called. clientIds=1
2026-05-04 18:14:40,118 INFO  App.Controllers.DashboardController - GetDashboardStates API called. branchId=1, userId=1
2026-05-04 18:14:42,698 INFO  BranchController - GetBranchDetailsByBranchId API called. branchId=1
2026-05-04 18:14:42,701 INFO  BranchController - GetBranchDetailsByBranchId success. branchId=1, count=1
2026-05-04 18:14:42,711 INFO  BranchController - GetBranchAndUserWiseBranchList API called. branchId=1, userId=1
2026-05-04 18:14:42,713 INFO  BranchController - GetBranchAndUserWiseBranchList success. branchId=1, userId=1, count=4
2026-05-04 18:14:42,859 INFO  BranchController - GetBranchDetailsByBranchId API called. branchId=1
2026-05-04 18:14:42,861 INFO  BranchController - GetBranchDetailsByBranchId success. branchId=1, count=1
2026-05-04 18:22:55,570 INFO  BranchController - GetBranchAndUserWiseBranchList API called. branchId=1, userId=1
2026-05-04 18:22:55,576 INFO  BranchController - GetBranchAndUserWiseBranchList success. branchId=1, userId=1, count=4
2026-05-04 18:22:56,111 INFO  BranchController - GetBranchDetailsByBranchId API called. branchId=1
2026-05-04 18:22:56,117 INFO  BranchController - GetBranchDetailsByBranchId success. branchId=1, count=1
2026-05-04 18:22:56,934 INFO  App.Controllers.DashboardController - GetDashboardStates API called. branchId=1, userId=1
2026-05-04 18:22:56,959 INFO  App.Controllers.DashboardController - GetWalletAmount API called. clientIds=1
2026-05-04 18:22:59,115 INFO  BranchController - GetBranchDetailsByBranchId API called. branchId=1
2026-05-04 18:22:59,124 INFO  BranchController - GetBranchDetailsByBranchId success. branchId=1, count=1
2026-05-04 18:23:31,305 INFO  App.Controllers.DashboardController - GetDashboardStates API called. branchId=1, userId=1
2026-05-04 18:23:31,309 INFO  App.Controllers.DashboardController - GetDashboardStates API called. branchId=1, userId=1
2026-05-04 18:23:31,309 INFO  App.Controllers.DashboardController - GetWalletAmount API called. clientIds=1
2026-05-04 18:23:33,694 INFO  BranchController - GetBranchDetailsByBranchId API called. branchId=1
2026-05-04 18:23:33,703 INFO  BranchController - GetBranchDetailsByBranchId success. branchId=1, count=1
2026-05-04 18:23:34,000 INFO  BranchController - GetBranchDetailsByBranchId API called. branchId=1
2026-05-04 18:23:34,003 INFO  BranchController - GetBranchDetailsByBranchId success. branchId=1, count=1
2026-05-04 19:09:37,053 INFO  BranchController - GetDiscountApprovalForBilling API called. discountType=opd, branchId=0
2026-05-04 19:09:37,165 INFO  BranchController - GetDiscountApprovalForBilling success. count=0
2026-05-04 19:09:40,796 INFO  BranchController - GetDiscountApprovalForBilling API called. discountType=opd, branchId=1
2026-05-04 19:09:40,808 INFO  BranchController - GetDiscountApprovalForBilling success. count=2
