2026-05-10 14:36:02,489 INFO  App.Controllers.DashboardController - GetWalletAmount API called. clientIds=9066
2026-05-10 14:36:02,489 INFO  App.Controllers.DashboardController - GetDashboardStates API called. branchId=9066, userId=1
2026-05-10 14:36:02,945 INFO  App.Controllers.DashboardController - GetDashboardStates API called. branchId=9066, userId=1
2026-05-10 14:36:39,717 INFO  BranchController - GetBranchDetailsByBranchId API called. branchId=9066
2026-05-10 14:36:39,772 INFO  BranchController - GetBranchDetailsByBranchId success. branchId=9066, count=1
2026-05-10 14:36:39,953 INFO  BranchController - GetBranchDetailsByBranchId API called. branchId=9066
2026-05-10 14:36:39,956 INFO  BranchController - GetBranchDetailsByBranchId success. branchId=9066, count=1
2026-05-10 14:38:17,483 INFO  App.Controllers.DashboardController - GetWalletAmount API called. clientIds=9066
2026-05-10 14:38:17,483 INFO  App.Controllers.DashboardController - GetDashboardStates API called. branchId=9066, userId=1
2026-05-10 14:38:19,147 INFO  BranchController - GetBranchDetailsByBranchId API called. branchId=9066
2026-05-10 14:38:19,151 INFO  BranchController - GetBranchDetailsByBranchId success. branchId=9066, count=1
2026-05-10 14:38:27,522 INFO  BranchController - GetBranchAndUserWiseBranchList API called. branchId=9066, userId=1
2026-05-10 14:38:27,545 INFO  BranchController - GetBranchAndUserWiseBranchList API called. branchId=9066, userId=1
2026-05-10 14:38:27,549 INFO  BranchController - GetBranchAndUserWiseBranchList success. branchId=9066, userId=1, count=1
2026-05-10 14:38:27,550 INFO  BranchController - GetBranchAndUserWiseBranchList success. branchId=9066, userId=1, count=1
2026-05-10 14:38:52,027 INFO  BranchController - GetBranchAndUserWiseBranchList API called. branchId=9066, userId=1
2026-05-10 14:38:52,034 INFO  BranchController - GetBranchAndUserWiseBranchList success. branchId=9066, userId=1, count=1
2026-05-10 14:38:53,721 INFO  App.Controllers.DashboardController - GetWalletAmount API called. clientIds=9066
2026-05-10 14:38:53,721 INFO  App.Controllers.DashboardController - GetDashboardStates API called. branchId=9066, userId=1
2026-05-10 14:40:01,630 INFO  App.Controllers.DashboardController - GetDashboardStates API called. branchId=9066, userId=1
2026-05-10 14:40:01,630 INFO  App.Controllers.DashboardController - GetWalletAmount API called. clientIds=9066
2026-05-10 14:43:41,200 INFO  App.Controllers.DashboardController - GetDashboardStates API called. branchId=1, userId=1
2026-05-10 14:43:41,258 INFO  App.Controllers.DashboardController - GetWalletAmount API called. clientIds=1
2026-05-10 14:43:41,300 INFO  App.Controllers.DashboardController - GetDashboardStates API called. branchId=1, userId=1
2026-05-10 14:44:50,744 INFO  App.Controllers.DashboardController - GetDashboardStates API called. branchId=1, userId=28182
2026-05-10 14:44:50,749 INFO  App.Controllers.DashboardController - GetWalletAmount API called. clientIds=1
2026-05-10 14:44:50,845 INFO  App.Controllers.DashboardController - GetDashboardStates API called. branchId=1, userId=28182
2026-05-10 14:49:03,413 INFO  App.Controllers.DashboardController - GetDashboardStates API called. branchId=1, userId=28182
2026-05-10 14:49:03,453 INFO  App.Controllers.DashboardController - GetWalletAmount API called. clientIds=1
2026-05-10 14:49:03,531 INFO  App.Controllers.DashboardController - GetDashboardStates API called. branchId=1, userId=28182
2026-05-10 15:06:12,041 INFO  App.Controllers.DashboardController - GetDashboardStates API called. branchId=1, userId=28182
2026-05-10 15:06:12,082 INFO  App.Controllers.DashboardController - GetWalletAmount API called. clientIds=1
2026-05-10 15:06:12,165 INFO  App.Controllers.DashboardController - GetDashboardStates API called. branchId=1, userId=28182
2026-05-10 15:21:31,879 INFO  App.Controllers.DashboardController - GetDashboardStates API called. branchId=1, userId=1
2026-05-10 15:21:31,915 INFO  App.Controllers.DashboardController - GetWalletAmount API called. clientIds=1
2026-05-10 15:21:32,004 INFO  App.Controllers.DashboardController - GetDashboardStates API called. branchId=1, userId=1
2026-05-10 15:21:35,895 INFO  BranchController - GetBranchAndUserWiseBranchList API called. branchId=1, userId=1
2026-05-10 15:21:35,899 INFO  BranchController - GetBranchAndUserWiseBranchList success. branchId=1, userId=1, count=4
2026-05-10 15:21:35,926 INFO  BranchController - GetBranchAndUserWiseBranchList API called. branchId=1, userId=1
2026-05-10 15:21:35,928 INFO  BranchController - GetBranchAndUserWiseBranchList success. branchId=1, userId=1, count=4
2026-05-10 15:21:37,932 INFO  App.Controllers.DashboardController - GetWalletAmount API called. clientIds=1
2026-05-10 15:21:37,937 INFO  App.Controllers.DashboardController - GetDashboardStates API called. branchId=1, userId=1
2026-05-10 15:21:53,511 INFO  BranchController - GetBranchAndUserWiseBranchList API called. branchId=1, userId=1
2026-05-10 15:21:53,516 INFO  BranchController - GetBranchAndUserWiseBranchList success. branchId=1, userId=1, count=4
2026-05-10 15:21:53,537 INFO  App.Controllers.DashboardController - GetBillAndAdvanceDash API called. filter=, clientIdList=1, fromDate=2026-05-10, toDate=2026-05-10
2026-05-10 15:21:53,608 INFO  App.Controllers.DashboardController - GetBillAndAdvanceDash API called. filter=, clientIdList=1,8066,9066,9068, fromDate=2026-05-10, toDate=2026-05-10
2026-05-10 15:21:53,628 INFO  App.Controllers.DashboardController - GetBillAndAdvanceDash success. transactionsCount=0, summaryExists=True
2026-05-10 15:21:53,646 INFO  App.Controllers.DashboardController - GetBillAndAdvanceDash success. transactionsCount=8, summaryExists=True
2026-05-10 15:21:55,052 INFO  App.Controllers.DashboardController - GetWalletAmount API called. clientIds=1
2026-05-10 15:29:21,667 INFO  App.Controllers.DashboardController - GetWalletAmount API called. clientIds=1
2026-05-10 15:29:21,667 INFO  App.Controllers.DashboardController - GetDashboardStates API called. branchId=1, userId=1
2026-05-10 15:29:27,064 INFO  App.Controllers.DashboardController - GetWalletAmount API called. clientIds=1
2026-05-10 15:29:27,067 INFO  App.Controllers.DashboardController - GetDashboardStates API called. branchId=1, userId=1
2026-05-10 15:30:13,577 INFO  App.Controllers.DashboardController - GetDashboardStates API called. branchId=8066, userId=1
2026-05-10 15:30:13,581 INFO  App.Controllers.DashboardController - GetWalletAmount API called. clientIds=8066
2026-05-10 15:30:13,650 INFO  App.Controllers.DashboardController - GetDashboardStates API called. branchId=8066, userId=1
2026-05-10 15:30:16,354 INFO  BranchController - GetBranchDetailsByBranchId API called. branchId=8066
2026-05-10 15:30:16,357 INFO  BranchController - GetBranchDetailsByBranchId success. branchId=8066, count=1
2026-05-10 15:30:16,642 INFO  BranchController - GetBranchDetailsByBranchId API called. branchId=8066
2026-05-10 15:30:16,649 INFO  BranchController - GetBranchDetailsByBranchId success. branchId=8066, count=1
2026-05-10 15:30:53,885 INFO  BranchController - GetBranchAndUserWiseBranchList API called. branchId=8066, userId=1
2026-05-10 15:30:53,889 INFO  BranchController - GetBranchAndUserWiseBranchList success. branchId=8066, userId=1, count=2
2026-05-10 15:30:53,914 INFO  BranchController - GetBranchAndUserWiseBranchList API called. branchId=8066, userId=1
2026-05-10 15:30:53,916 INFO  BranchController - GetBranchAndUserWiseBranchList success. branchId=8066, userId=1, count=2
2026-05-10 15:31:05,741 INFO  BranchController - GetBranchAndUserWiseBranchList API called. branchId=8066, userId=1
2026-05-10 15:31:05,744 INFO  BranchController - GetBranchAndUserWiseBranchList success. branchId=8066, userId=1, count=2
2026-05-10 15:31:08,360 INFO  App.Controllers.DashboardController - GetWalletAmount API called. clientIds=8066
2026-05-10 15:31:08,364 INFO  App.Controllers.DashboardController - GetDashboardStates API called. branchId=8066, userId=1
2026-05-10 15:31:15,535 INFO  BranchController - GetBranchDetailsByBranchId API called. branchId=8066
2026-05-10 15:31:15,538 INFO  BranchController - GetBranchDetailsByBranchId success. branchId=8066, count=1
2026-05-10 15:31:15,551 INFO  BranchController - GetBranchAndUserWiseBranchList API called. branchId=8066, userId=1
2026-05-10 15:31:15,553 INFO  BranchController - GetBranchAndUserWiseBranchList success. branchId=8066, userId=1, count=2
2026-05-10 15:31:15,623 INFO  BranchController - GetBranchDetailsByBranchId API called. branchId=8066
2026-05-10 15:31:15,626 INFO  BranchController - GetBranchDetailsByBranchId success. branchId=8066, count=1
