2026-05-02 11:15:00,623 INFO  App.Controllers.DashboardController - GetDashboardStates API called. branchId=1, userId=1
2026-05-02 11:15:00,623 INFO  App.Controllers.DashboardController - GetDashboardStates API called. branchId=1, userId=1
2026-05-02 11:15:00,623 INFO  App.Controllers.DashboardController - GetWalletAmount API called. clientIds=1
2026-05-02 11:15:32,916 INFO  BranchController - GetBranchDetailsByBranchId API called. branchId=1
2026-05-02 11:15:32,947 INFO  BranchController - GetBranchDetailsByBranchId success. branchId=1, count=1
2026-05-02 11:15:33,455 INFO  BranchController - GetBranchDetailsByBranchId API called. branchId=1
2026-05-02 11:15:33,458 INFO  BranchController - GetBranchDetailsByBranchId success. branchId=1, count=1
2026-05-02 12:13:43,796 WARN  LISD.Middleware.ErrorLoggingMiddleware - API error response
Correlation: 00-0290204805d3e89f096d408195eaf268-20faf80668f06f90-00
Status     : 404
Method     : GET
Path       : /favicon.ico
Query      : 
Host       : 192.168.31.71:5021
Scheme     : http
Remote IP  : 192.168.31.71
User-Agent : Mozilla/5.0 (Macintosh; Intel Mac OS X 10_15_7) AppleWebKit/537.36 (KHTML, like Gecko) Chrome/147.0.0.0 Safari/537.36

2026-05-02 13:45:57,034 ERROR LISD.Middleware.ErrorLoggingMiddleware - API error response
Correlation: 00-717ae71b2f17ceeb6dfe90b8093d3faa-1dae8227eb8e0d7b-00
Status     : 500
Method     : POST
Path       : /api/Patient/save
Query      : 
Host       : 192.168.31.71:5021
Scheme     : http
Remote IP  : 192.168.31.71
User-Agent : PostmanRuntime/7.53.0
RequestBody: {
  "HospId": 1,
  "BranchId": 1,
  "LoginBranchId": 1,
  "CorporateId": 1,

  "Title": "Mr",
  "FirstName": "atul kumar",
  "MiddleName": "",
  "LastName": "singh",
  "AgeYears": 30,
  "AgeMonths": 0,
  "AgeDays": 0,
  "DOB": "1995-01-01",
  "Gender": "Male",
  "MaritalStatus": "Single",
  "Relation": "Father",
  "RelativeName": "Robert Doe",
  "ContactNumber": "",
  "Address": "123 Street, City",

  "DoctorId": 2,
  "ReferDoctorId": 2,
  "ReferLabId": 2,
  "FieldBoyId": 3,

  "MedicalHistory": "No major illness",
  "CollectionDateTime": "2026-03-18T11:30:00",

  "CountryId": 1,
  "Country": "India",
  "StateId": 1,
  "State": "Delhi",
  "DistrictId": 1,
  "District": "New Delhi",
  "CityId": 1,
  "City": "Delhi",

  "UserId": 1,
  "IpAddress": "127.0.0.1",

  
  "GrossAmount": 1500,
  "DiscountPercentage": 10,
  "DiscountAmount": 150,
  "RoundOff": 50,
  "NetAmount": 1300,

  "TotalPayableAmount": 1300,
  "TotalPaidAmount": 0,
  "TotalBalanceAmount": 1300,

  "TotalPatientPayableAmount": 1300,
  "TotalCorporatePayableAmount": 0,
  "TotalPatientPaidAmount": 0,
  "TotalCorporatePaidAmount": 0,

  "DiscountApprovedById": 1,
  "DiscountReason": "10% overall discount",
  "Remarks": "10% overall discount",

  
  "Services": [
    {
      "ServiceItemId": 1,
      "SubSubCategoryId": 10,
      "ServiceName": "ACETYLCHOLINE RECEPTOR BINDING ANTIBODIES (ACHR)",
      "Rate": 1000,
      "Qty": 1,
      "GrossAmt": 1000,
      "DiscPer": 10,
      "DiscAmt": 100,
      "TotalTaxPer": 0,
      "TotalTaxAmt": 0,
      "NetAmt": 900,
      "IsUrgent": 1,
      "Barcode": "",
      "TestRemark": "Fasting"
    },
    {
      "ServiceItemId": 263,
      "SubSubCategoryId": 11,
      "ServiceName": "HEPATITIS E ANTIBODY - Anti HEV-IGG",
      "Rate": 500,
      "Qty": 1,
      "GrossAmt": 500,
      "DiscPer": 10,
      "DiscAmt": 50,
      "TotalTaxPer": 0,
      "TotalTaxAmt": 0,
      "NetAmt": 450,
      "IsUrgent": 1,
      "Barcode": "",
      "TestRemark": "Fasting"
    }
  ],

  "payments": [],

  "Investigations": [
    {
      "ReportingBranchId": 1,
      "Barcode": "",
      "TestRemark": ""
    }
  ]
}
ResponseBody: {"success":false,"message":"UHID not found in PatientMaster"}
2026-05-02 13:53:03,695 INFO  BranchController - GetBranchDetailsByBranchId API called. branchId=1
2026-05-02 13:53:03,892 INFO  BranchController - GetBranchDetailsByBranchId success. branchId=1, count=1
2026-05-02 13:53:04,305 INFO  BranchController - GetBranchDetailsByBranchId API called. branchId=1
2026-05-02 13:53:04,315 INFO  BranchController - GetBranchDetailsByBranchId success. branchId=1, count=1
2026-05-02 13:53:30,885 ERROR LISD.Middleware.ErrorLoggingMiddleware - API error response
Correlation: 00-0ec6f5485bbc451666ba45669d83fa37-c410792258aa3b58-00
Status     : 500
Method     : GET
Path       : /api/ServiceAllDetailsForOPDBilling/GetServiceDetails
Query      : ?corporateId=1&doctorId=1&serviceItemId=126&categoryId=3&subCategoryId=1&subSubCategoryId=10&bedTypeId=0
Host       : 192.168.31.71:5021
Scheme     : http
Remote IP  : 192.168.31.71
User-Agent : okhttp/4.9.2
ResponseBody: {"success":false,"message":"Error fetching service details","data":"Could not find stored procedure 'S_GetActiveSampleTypesByIds'."}
2026-05-02 13:54:38,581 INFO  App.Controllers.DashboardController - GetDashboardStates API called. branchId=1, userId=1
2026-05-02 13:54:38,968 INFO  App.Controllers.DashboardController - GetWalletAmount API called. clientIds=1
2026-05-02 13:54:41,207 INFO  App.Controllers.DashboardController - GetDashboardStates API called. branchId=1, userId=1
2026-05-02 13:54:45,526 INFO  BranchController - GetBranchAndUserWiseBranchList API called. branchId=1, userId=1
2026-05-02 13:54:45,752 INFO  BranchController - GetBranchAndUserWiseBranchList success. branchId=1, userId=1, count=4
2026-05-02 13:54:46,490 INFO  BranchController - GetBranchAndUserWiseBranchList API called. branchId=1, userId=1
2026-05-02 13:54:46,500 INFO  BranchController - GetBranchAndUserWiseBranchList success. branchId=1, userId=1, count=4
2026-05-02 13:54:49,446 INFO  BranchController - GetBranchDetailsByBranchId API called. branchId=1
2026-05-02 13:54:49,454 INFO  BranchController - GetBranchDetailsByBranchId success. branchId=1, count=1
2026-05-02 13:54:51,802 INFO  BranchController - GetBranchDetailsByBranchId API called. branchId=1
2026-05-02 13:54:51,813 INFO  BranchController - GetBranchDetailsByBranchId success. branchId=1, count=1
2026-05-02 13:55:24,216 ERROR LISD.Middleware.ErrorLoggingMiddleware - API error response
Correlation: 00-481c119a1ed7ab45ab5a0ec7d806e201-0e66aa251d474b2e-00
Status     : 500
Method     : GET
Path       : /api/ServiceAllDetailsForOPDBilling/GetServiceDetails
Query      : ?corporateId=1&doctorId=1&serviceItemId=126&categoryId=3&subCategoryId=1&subSubCategoryId=10&bedTypeId=0
Host       : 192.168.31.71:5021
Scheme     : http
Remote IP  : 192.168.31.71
User-Agent : okhttp/4.9.2
ResponseBody: {"success":false,"message":"Error fetching service details","data":"Could not find stored procedure 'S_GetActiveSampleTypesByIds'."}
2026-05-02 13:55:58,149 ERROR LISD.Middleware.ErrorLoggingMiddleware - API error response
Correlation: 00-758736c60a318786b36cd4d6cd9c1944-4150abba6b14a97b-00
Status     : 500
Method     : GET
Path       : /api/ServiceAllDetailsForOPDBilling/GetServiceDetails
Query      : ?corporateId=1&doctorId=1&serviceItemId=126&categoryId=3&subCategoryId=1&subSubCategoryId=10&bedTypeId=0
Host       : 192.168.31.71:5021
Scheme     : http
Remote IP  : 192.168.31.71
User-Agent : okhttp/4.9.2
ResponseBody: {"success":false,"message":"Error fetching service details","data":"Could not find stored procedure 'S_GetActiveSampleTypesByIds'."}
2026-05-02 13:57:10,980 INFO  App.Controllers.DashboardController - GetWalletAmount API called. clientIds=1
2026-05-02 13:57:10,980 INFO  App.Controllers.DashboardController - GetDashboardStates API called. branchId=1, userId=1
2026-05-02 13:57:11,302 INFO  App.Controllers.DashboardController - GetDashboardStates API called. branchId=1, userId=1
2026-05-02 13:57:15,255 INFO  BranchController - GetBranchDetailsByBranchId API called. branchId=1
2026-05-02 13:57:15,260 INFO  BranchController - GetBranchDetailsByBranchId success. branchId=1, count=1
2026-05-02 13:57:15,818 INFO  BranchController - GetBranchDetailsByBranchId API called. branchId=1
2026-05-02 13:57:15,823 INFO  BranchController - GetBranchDetailsByBranchId success. branchId=1, count=1
2026-05-02 13:57:38,846 ERROR LISD.Middleware.ErrorLoggingMiddleware - API error response
Correlation: 00-b2be640351941845d78cafcfb65284e4-27a756400c39a555-00
Status     : 500
Method     : GET
Path       : /api/ServiceAllDetailsForOPDBilling/GetServiceDetails
Query      : ?corporateId=1&doctorId=1&serviceItemId=126&categoryId=3&subCategoryId=1&subSubCategoryId=10&bedTypeId=0
Host       : 192.168.31.71:5021
Scheme     : http
Remote IP  : 192.168.31.71
User-Agent : okhttp/4.9.2
ResponseBody: {"success":false,"message":"Error fetching service details","data":"Could not find stored procedure 'S_GetActiveSampleTypesByIds'."}
2026-05-02 13:58:32,578 ERROR LISD.Middleware.ErrorLoggingMiddleware - API error response
Correlation: 00-58e6e7ecb9e88ac0ec7f0ae0b1d35448-838a90e4dcfe7916-00
Status     : 500
Method     : GET
Path       : /api/ServiceAllDetailsForOPDBilling/GetServiceDetails
Query      : ?corporateId=1&doctorId=1&serviceItemId=126&categoryId=3&subCategoryId=1&subSubCategoryId=10&bedTypeId=0
Host       : 192.168.31.71:5021
Scheme     : http
Remote IP  : 192.168.31.71
User-Agent : Mozilla/5.0 (Macintosh; Intel Mac OS X 10_15_7) AppleWebKit/537.36 (KHTML, like Gecko) Chrome/147.0.0.0 Safari/537.36
ResponseBody: {"success":false,"message":"Error fetching service details","data":"Could not find stored procedure 'S_GetActiveSampleTypesByIds'."}
2026-05-02 14:00:28,018 ERROR LISD.Middleware.ErrorLoggingMiddleware - API error response
Correlation: 00-58b2118af8bf190a1222b25121cb1533-df8d9acbf404358b-00
Status     : 500
Method     : GET
Path       : /api/ServiceAllDetailsForOPDBilling/GetServiceDetails
Query      : ?corporateId=1&doctorId=1&serviceItemId=126&categoryId=3&subCategoryId=1&subSubCategoryId=10&bedTypeId=0
Host       : 192.168.31.71:5021
Scheme     : http
Remote IP  : 192.168.31.71
User-Agent : okhttp/4.9.2
ResponseBody: {"success":false,"message":"Error fetching service details","data":"Could not find stored procedure 'S_GetActiveSampleTypesByIds'."}
2026-05-02 14:00:37,973 ERROR LISD.Middleware.ErrorLoggingMiddleware - API error response
Correlation: 00-783c167c820b154354622c0cf79fb56d-d770598b6ee9feb5-00
Status     : 500
Method     : GET
Path       : /api/ServiceAllDetailsForOPDBilling/GetServiceDetails
Query      : ?corporateId=1&doctorId=1&serviceItemId=126&categoryId=3&subCategoryId=1&subSubCategoryId=10&bedTypeId=0
Host       : 192.168.31.71:5021
Scheme     : http
Remote IP  : 192.168.31.71
User-Agent : okhttp/4.9.2
ResponseBody: {"success":false,"message":"Error fetching service details","data":"Could not find stored procedure 'S_GetActiveSampleTypesByIds'."}
2026-05-02 14:00:43,632 ERROR LISD.Middleware.ErrorLoggingMiddleware - API error response
Correlation: 00-0c6ff216a8eb43c1f205b2a11c5c039a-5f4c4bb988de3194-00
Status     : 500
Method     : GET
Path       : /api/ServiceAllDetailsForOPDBilling/GetServiceDetails
Query      : ?corporateId=1&doctorId=1&serviceItemId=126&categoryId=3&subCategoryId=1&subSubCategoryId=10&bedTypeId=0
Host       : 192.168.31.71:5021
Scheme     : http
Remote IP  : 192.168.31.71
User-Agent : okhttp/4.9.2
ResponseBody: {"success":false,"message":"Error fetching service details","data":"Could not find stored procedure 'S_GetActiveSampleTypesByIds'."}
2026-05-02 14:02:31,466 INFO  App.Controllers.DashboardController - GetWalletAmount API called. clientIds=1
2026-05-02 14:02:31,466 INFO  App.Controllers.DashboardController - GetDashboardStates API called. branchId=1, userId=1
2026-05-02 14:02:31,684 INFO  App.Controllers.DashboardController - GetDashboardStates API called. branchId=1, userId=1
2026-05-02 14:02:35,817 INFO  BranchController - GetBranchDetailsByBranchId API called. branchId=1
2026-05-02 14:02:35,841 INFO  BranchController - GetBranchDetailsByBranchId success. branchId=1, count=1
2026-05-02 14:02:36,177 INFO  BranchController - GetBranchDetailsByBranchId API called. branchId=1
2026-05-02 14:02:36,181 INFO  BranchController - GetBranchDetailsByBranchId success. branchId=1, count=1
2026-05-02 14:02:58,732 INFO  App.Controllers.DashboardController - GetWalletAmount API called. clientIds=1
2026-05-02 14:02:58,740 INFO  App.Controllers.DashboardController - GetDashboardStates API called. branchId=1, userId=1
2026-05-02 14:02:58,967 INFO  App.Controllers.DashboardController - GetDashboardStates API called. branchId=1, userId=1
2026-05-02 14:03:20,739 INFO  App.Controllers.DashboardController - GetDashboardStates API called. branchId=1, userId=1
2026-05-02 14:03:20,784 INFO  App.Controllers.DashboardController - GetWalletAmount API called. clientIds=1
2026-05-02 14:03:21,048 INFO  App.Controllers.DashboardController - GetDashboardStates API called. branchId=1, userId=1
2026-05-02 14:03:25,297 INFO  BranchController - GetBranchDetailsByBranchId API called. branchId=1
2026-05-02 14:03:25,302 INFO  BranchController - GetBranchDetailsByBranchId success. branchId=1, count=1
2026-05-02 14:03:25,812 INFO  BranchController - GetBranchDetailsByBranchId API called. branchId=1
2026-05-02 14:03:25,815 INFO  BranchController - GetBranchDetailsByBranchId success. branchId=1, count=1
2026-05-02 14:03:32,258 ERROR LISD.Middleware.ErrorLoggingMiddleware - API error response
Correlation: 00-bb7ba2b494ed74eda5364178c1c29f59-281df1c46210fdcc-00
Status     : 500
Method     : GET
Path       : /api/ServiceAllDetailsForOPDBilling/GetServiceDetails
Query      : ?corporateId=1&doctorId=1&serviceItemId=126&categoryId=3&subCategoryId=1&subSubCategoryId=10&bedTypeId=0
Host       : 192.168.31.71:5021
Scheme     : http
Remote IP  : 192.168.31.71
User-Agent : okhttp/4.9.2
ResponseBody: {"success":false,"message":"Error fetching service details","data":"Could not find stored procedure 'S_GetActiveSampleTypesByIds'."}
2026-05-02 14:03:48,583 ERROR LISD.Middleware.ErrorLoggingMiddleware - API error response
Correlation: 00-f65264f0393e2643d44e403629751792-c528cc91ee013d81-00
Status     : 500
Method     : GET
Path       : /api/ServiceAllDetailsForOPDBilling/GetServiceDetails
Query      : ?corporateId=1&doctorId=1&serviceItemId=126&categoryId=3&subCategoryId=1&subSubCategoryId=10&bedTypeId=0
Host       : 192.168.31.71:5021
Scheme     : http
Remote IP  : 192.168.31.71
User-Agent : okhttp/4.9.2
ResponseBody: {"success":false,"message":"Error fetching service details","data":"Could not find stored procedure 'S_GetActiveSampleTypesByIds'."}
2026-05-02 14:04:11,791 ERROR LISD.Middleware.ErrorLoggingMiddleware - API error response
Correlation: 00-664912538006aa23aebf1690f0aef2a1-a57a5b3ec74e8cda-00
Status     : 500
Method     : GET
Path       : /api/ServiceAllDetailsForOPDBilling/GetServiceDetails
Query      : ?corporateId=1&doctorId=1&serviceItemId=126&categoryId=3&subCategoryId=1&subSubCategoryId=10&bedTypeId=0
Host       : 192.168.31.71:5021
Scheme     : http
Remote IP  : 192.168.31.71
User-Agent : okhttp/4.9.2
ResponseBody: {"success":false,"message":"Error fetching service details","data":"Could not find stored procedure 'S_GetActiveSampleTypesByIds'."}
2026-05-02 14:04:11,820 ERROR LISD.Middleware.ErrorLoggingMiddleware - API error response
Correlation: 00-4b6df58dfe73a787759c758831a4ea52-67d44a132801f53c-00
Status     : 500
Method     : GET
Path       : /api/ServiceAllDetailsForOPDBilling/GetServiceDetails
Query      : ?corporateId=1&doctorId=1&serviceItemId=749&categoryId=3&subCategoryId=1&subSubCategoryId=11&bedTypeId=0
Host       : 192.168.31.71:5021
Scheme     : http
Remote IP  : 192.168.31.71
User-Agent : okhttp/4.9.2
ResponseBody: {"success":false,"message":"Error fetching service details","data":"Could not find stored procedure 'S_GetActiveSampleTypesByIds'."}
2026-05-02 14:07:01,693 INFO  App.Controllers.DashboardController - GetWalletAmount API called. clientIds=1
2026-05-02 14:07:01,740 INFO  App.Controllers.DashboardController - GetDashboardStates API called. branchId=1, userId=1
2026-05-02 14:08:35,275 INFO  BranchController - GetBranchDetailsByBranchId API called. branchId=1
2026-05-02 14:08:35,278 INFO  BranchController - GetBranchDetailsByBranchId success. branchId=1, count=1
2026-05-02 14:24:02,615 ERROR LISD.Middleware.ErrorLoggingMiddleware - API error response
Correlation: 00-9d32f68dadaa95eb3f08ef52d79dd01b-5f9f8d2e111b15d6-00
Status     : 500
Method     : POST
Path       : /api/Patient/save
Query      : 
Host       : 192.168.31.71:5021
Scheme     : http
Remote IP  : 192.168.31.71
User-Agent : PostmanRuntime/7.53.0
RequestBody: {
  "HospId": 1,
  "BranchId": 1,
  "LoginBranchId": 1,
  "CorporateId": 1,

  "Title": "Mr",
  "FirstName": "Anjali kumar",
  "MiddleName": "",
  "LastName": "singh",
  "AgeYears": 30,
  "AgeMonths": 0,
  "AgeDays": 0,
  "DOB": "1995-01-01",
  "Gender": "Male",
  "MaritalStatus": "Single",
  "Relation": "Father",
  "RelativeName": "Robert Doe",
  "ContactNumber": "",
  "Address": "123 Street, City",

  "DoctorId": 2,
  "ReferDoctorId": 2,
  "ReferLabId": 2,
  "FieldBoyId": 3,

  "MedicalHistory": "No major illness",
  "CollectionDateTime": "2026-03-18T11:30:00",

  "CountryId": 1,
  "Country": "India",
  "StateId": 1,
  "State": "Delhi",
  "DistrictId": 1,
  "District": "New Delhi",
  "CityId": 1,
  "City": "Delhi",

  "UserId": 1,
  "IpAddress": "127.0.0.1",

  "GrossAmount": 1500,
  "DiscountPercentage": 10,
  "DiscountAmount": 150,
  "RoundOff": 50,
  "NetAmount": 1300,

  "TotalPayableAmount": 1300,
  "TotalPaidAmount": 1200,
  "TotalBalanceAmount": 100,

  "TotalPatientPayableAmount": 1300,
  "TotalCorporatePayableAmount": 0,
  "TotalPatientPaidAmount": 1200,
  "TotalCorporatePaidAmount": 0,

  "DiscountApprovedById": 1,
  "DiscountReason": "10% overall discount",
  "Remarks": "10% overall discount",

  "Services": [
    {
      "ServiceItemId": 1,
      "SubSubCategoryId": 10,
      "ServiceName": "ACETYLCHOLINE RECEPTOR BINDING ANTIBODIES (ACHR)",
      "Rate": 1000,
      "Qty": 1,
      "GrossAmt": 1000,
      "DiscPer": 10,
      "DiscAmt": 100,
      "TotalTaxPer": 0,
      "TotalTaxAmt": 0,
      "NetAmt": 900,
      "IsUrgent": 1,
      "Barcode": "",
      "TestRemark": "Fasting"
    },
    {
      "ServiceItemId": 263,
      "SubSubCategoryId": 11,
      "ServiceName": "HEPATITIS E ANTIBODY - Anti HEV-IGG",
      "Rate": 500,
      "Qty": 1,
      "GrossAmt": 500,
      "DiscPer": 10,
      "DiscAmt": 50,
      "TotalTaxPer": 0,
      "TotalTaxAmt": 0,
      "NetAmt": 450,
      "IsUrgent": 1,
      "Barcode": "",
      "TestRemark": "Fasting"
    }
  ],

  "payments": [
    {
      "paymentModeId": 1,
      "paymentMode": "Cash",
      "amount": 1,
      "bankId": 1,
      "referenceNo": ""
    }
  ],

  "Investigations": [
    {
      "ReportingBranchId": 1,
      "Barcode": "",
      "TestRemark": ""
    }
  ]
}
ResponseBody: {"success":false,"message":"UHID not found in PatientMaster"}
2026-05-02 15:44:17,409 INFO  BranchController - GetBranchDetailsByBranchId API called. branchId=1
2026-05-02 15:44:17,432 INFO  BranchController - GetBranchDetailsByBranchId success. branchId=1, count=1
2026-05-02 15:44:20,475 INFO  BranchController - GetBranchDetailsByBranchId API called. branchId=1
2026-05-02 15:44:20,479 INFO  BranchController - GetBranchDetailsByBranchId success. branchId=1, count=1
2026-05-02 15:44:29,596 INFO  BranchController - GetBranchDetailsByBranchId API called. branchId=1
2026-05-02 15:44:29,599 INFO  BranchController - GetBranchDetailsByBranchId success. branchId=1, count=1
2026-05-02 15:44:30,845 INFO  BranchController - GetBranchDetailsByBranchId API called. branchId=1
2026-05-02 15:44:30,848 INFO  BranchController - GetBranchDetailsByBranchId success. branchId=1, count=1
2026-05-02 15:46:29,011 WARN  LISD.Middleware.ErrorLoggingMiddleware - API error response
Correlation: 00-126d7b357424ab14955dec85ec2961df-a5efbb18020be170-00
Status     : 400
Method     : POST
Path       : /api/Patient/save
Query      : 
Host       : 192.168.31.71:5021
Scheme     : http
Remote IP  : 192.168.31.71
User-Agent : PostmanRuntime/7.53.0
RequestBody: FINAL PAYLOAD 👉 {
  "HospId": 1,
  "BranchId": 1,
  "LoginBranchId": 1,
  "CorporateId": 1,
  "Title": "MR.",
  "FirstName": "mahesh",
  "MiddleName": "",
  "LastName": "",
  "AgeYears": 23,
  "AgeMonths": 0,
  "AgeDays": 0,
  "DOB": "2003-05-01",
  "Gender": "MALE",
  "MaritalStatus": "",
  "Relation": "",
  "RelativeName": "",
  "ContactNumber": "",
  "Address": "",
  "DoctorId": 0,
  "ReferDoctorId": 2,
  "ReferLabId": 0,
  "FieldBoyId": 0,
  "MedicalHistory": "",
  "CollectionDateTime": null,
  "CountryId": 1,
  "Country": "India",
  "StateId": 1,
  "State": "",
  "DistrictId": 0,
  "District": "",
  "CityId": 0,
  "City": "",
  "UserId": 1,
  "IpAddress": "10.0.2.16",
  "GrossAmount": 350,
  "DiscountPercentage": 14.29,
  "DiscountAmount": 50,
  "RoundOff": 0,
  "NetAmount": 300,
  "TotalPayableAmount": 300,
  "TotalPaidAmount": 200,
  "TotalBalanceAmount": 100,
  "TotalPatientPayableAmount": 300,
  "TotalCorporatePayableAmount": 0,
  "TotalPatientPaidAmount": 200,
  "TotalCorporatePaidAmount": 0,
  "DiscountApprovedById": 1,
  "DiscountReason": "",
  "Remarks": "",
  "Services": [
    {
      "ServiceItemId": 126,
      "SubSubCategoryId": 10,
      "ServiceName": "LIVER FUNCTION TEST (LFT)",
      "Rate": 350,
      "Amount": 350,
      "Qty": 1,
      "qty": 1,
      "GrossAmt": 350,
      "DiscPer": 14.29,
      "DiscAmt": 50.02,
      "TotalTaxPer": 0,
      "TotalTaxAmt": 0,
      "NetAmt": 299.98,
      "IsUrgent": 1,
      "Barcode": "121244dgf",
      "TestRemark": "",
      "SampleTypeId": 2,
      "SampleType": "SERUM"
    }
  ],
  "payments": [
    {
      "paymentModeId": 1,
      "amount": 200,
      "bankId": 0,
      "referenceNo": ""
    }
  ],
  "Investigations": [
    {
      "ReportingBranchId": 1,
      "Barcode": "",
      "TestRemark": ""
    }
  ]
}
ResponseBody: {"status":false,"message":"Validation error","correlationId":"00-126d7b357424ab14955dec85ec2961df-a5efbb18020be170-00","data":{"$":["'F' is an invalid start of a value. Path: $ | LineNumber: 0 | BytePositionInLine: 0."]}}
2026-05-02 16:05:44,774 INFO  BranchController - GetBranchDetailsByBranchId API called. branchId=1
2026-05-02 16:05:44,840 INFO  BranchController - GetBranchDetailsByBranchId success. branchId=1, count=1
2026-05-02 16:05:46,043 INFO  BranchController - GetBranchDetailsByBranchId API called. branchId=1
2026-05-02 16:05:46,046 INFO  BranchController - GetBranchDetailsByBranchId success. branchId=1, count=1
2026-05-02 16:05:52,808 INFO  App.Controllers.DashboardController - GetDashboardStates API called. branchId=1, userId=1
2026-05-02 16:05:52,808 INFO  App.Controllers.DashboardController - GetWalletAmount API called. clientIds=1
2026-05-02 16:05:53,011 INFO  App.Controllers.DashboardController - GetDashboardStates API called. branchId=1, userId=1
2026-05-02 16:05:55,830 INFO  BranchController - GetBranchDetailsByBranchId API called. branchId=1
2026-05-02 16:05:55,834 INFO  BranchController - GetBranchDetailsByBranchId success. branchId=1, count=1
2026-05-02 16:05:56,302 INFO  BranchController - GetBranchDetailsByBranchId API called. branchId=1
2026-05-02 16:05:56,305 INFO  BranchController - GetBranchDetailsByBranchId success. branchId=1, count=1
2026-05-02 16:09:57,104 ERROR LISD.Middleware.ErrorLoggingMiddleware - API error response
Correlation: 00-fc69e8be276205b63d2d83f7ae355471-74960e346983f555-00
Status     : 500
Method     : POST
Path       : /api/Patient/save
Query      : 
Host       : 192.168.31.71:5021
Scheme     : http
Remote IP  : 192.168.31.71
User-Agent : PostmanRuntime/7.53.0
RequestBody: {
  "HospId": 1,
  "BranchId": 1,
  "LoginBranchId": 1,
  "CorporateId": 1,
  "Title": "MR.",
  "FirstName": "vikash",
  "MiddleName": "",
  "LastName": "",
  "AgeYears": 23,
  "AgeMonths": 0,
  "AgeDays": 0,
  "DOB": "2003-05-01",
  "Gender": "MALE",
  "MaritalStatus": "",
  "Relation": "",
  "RelativeName": "",
  "ContactNumber": "",
  "Address": "",
  "DoctorId": 0,
  "ReferDoctorId": 2,
  "ReferLabId": 0,
  "FieldBoyId": 0,
  "MedicalHistory": "",
  "CollectionDateTime": null,
  "CountryId": 1,
  "Country": "India",
  "StateId": 1,
  "State": "",
  "DistrictId": 0,
  "District": "",
  "CityId": 0,
  "City": "",
  "UserId": 1,
  "IpAddress": "10.0.2.16",
  "GrossAmount": 350,
  "DiscountPercentage": 14.29,
  "DiscountAmount": 50,
  "RoundOff": 0,
  "NetAmount": 300,
  "TotalPayableAmount": 300,
  "TotalPaidAmount": 200,
  "TotalBalanceAmount": 100,
  "TotalPatientPayableAmount": 300,
  "TotalCorporatePayableAmount": 0,
  "TotalPatientPaidAmount": 200,
  "TotalCorporatePaidAmount": 0,
  "DiscountApprovedById": 1,
  "DiscountReason": "",
  "Remarks": "",
  "Services": [
    {
      "ServiceItemId": 126,
      "SubSubCategoryId": 10,
      "ServiceName": "LIVER FUNCTION TEST (LFT)",
      "Rate": 350,
      "Amount": 350,
      "Qty": 1,
      "qty": 1,
      "GrossAmt": 350,
      "DiscPer": 0,
      "DiscAmt": 0,
      "TotalTaxPer": 0,
      "TotalTaxAmt": 0,
      "NetAmt": 0,
      "IsUrgent": 1,
      "Barcode": "121244dgf",
      "TestRemark": "",
      "SampleTypeId": 2,
      "SampleType": "SERUM"
    }
  ],
  "payments": [
    {
      "paymentModeId": 1,
      "amount": 200,
      "bankId": 0,
      "referenceNo": ""
    }
  ],
  "Investigations": [
    {
      "ReportingBranchId": 1,
      "Barcode": "",
      "TestRemark": ""
    }
  ]
}
ResponseBody: {"success":false,"message":"Barcode already used: 121244dgf"}
2026-05-02 16:12:36,512 ERROR LISD.Middleware.ErrorLoggingMiddleware - API error response
Correlation: 00-15481ff3b0310d7879c2f8ac26b79345-36ab57baef3b0f35-00
Status     : 500
Method     : POST
Path       : /api/Patient/save
Query      : 
Host       : 192.168.31.71:5021
Scheme     : http
Remote IP  : 192.168.31.71
User-Agent : PostmanRuntime/7.53.0
RequestBody: {
  "HospId": 1,
  "BranchId": 1,
  "LoginBranchId": 1,
  "CorporateId": 1,
  "Title": "MR.",
  "FirstName": "vipul",
  "MiddleName": "",
  "LastName": "",
  "AgeYears": 23,
  "AgeMonths": 0,
  "AgeDays": 0,
  "DOB": "2003-05-01",
  "Gender": "MALE",
  "MaritalStatus": "",
  "Relation": "",
  "RelativeName": "",
  "ContactNumber": "",
  "Address": "",
  "DoctorId": 0,
  "ReferDoctorId": 2,
  "ReferLabId": 0,
  "FieldBoyId": 0,
  "MedicalHistory": "",
  "CollectionDateTime": null,
  "CountryId": 1,
  "Country": "India",
  "StateId": 1,
  "State": "",
  "DistrictId": 0,
  "District": "",
  "CityId": 0,
  "City": "",
  "UserId": 1,
  "IpAddress": "10.0.2.16",
  "GrossAmount": 350,
  "DiscountPercentage": 14.29,
  "DiscountAmount": 50,
  "RoundOff": 0,
  "NetAmount": 300,
  "TotalPayableAmount": 300,
  "TotalPaidAmount": 200,
  "TotalBalanceAmount": 100,
  "TotalPatientPayableAmount": 300,
  "TotalCorporatePayableAmount": 0,
  "TotalPatientPaidAmount": 200,
  "TotalCorporatePaidAmount": 0,
  "DiscountApprovedById": 1,
  "DiscountReason": "",
  "Remarks": "",
  "Services": [
    {
      "ServiceItemId": 126,
      "SubSubCategoryId": 10,
      "ServiceName": "LIVER FUNCTION TEST (LFT)",
      "Rate": 350,
      "Amount": 350,
      "Qty": 1,
      "GrossAmt": 350,
      "DiscPer": 0,
      "DiscAmt": 0,
      "TotalTaxPer": 0,
      "TotalTaxAmt": 0,
      "NetAmt": 0,
      "IsUrgent": 1,
      "Barcode": "67fgh",
      "TestRemark": "",
      "SampleTypeId": 2,
      "SampleType": "SERUM"
    }
  ],
  "payments": [
    {
      "paymentModeId": 1,
      "amount": 200,
      "bankId": 0,
      "referenceNo": ""
    }
  ],
  "Investigations": [
    {
      "ReportingBranchId": 1,
      "Barcode": "",
      "TestRemark": ""
    }
  ]
}
ResponseBody: {"success":false,"message":"Barcode already used: 67fgh"}
2026-05-02 16:13:31,097 ERROR LISD.Middleware.ErrorLoggingMiddleware - API error response
Correlation: 00-0f54b4f3228b6dbe66017edb8fb25df3-7df3d87a739af834-00
Status     : 500
Method     : POST
Path       : /api/Patient/save
Query      : 
Host       : 192.168.31.71:5021
Scheme     : http
Remote IP  : 192.168.31.71
User-Agent : PostmanRuntime/7.53.0
RequestBody: {
  "HospId": 1,
  "BranchId": 1,
  "LoginBranchId": 1,
  "CorporateId": 1,
  "Title": "MR.",
  "FirstName": "vipul",
  "MiddleName": "",
  "LastName": "",
  "AgeYears": 23,
  "AgeMonths": 0,
  "AgeDays": 0,
  "DOB": "2003-05-01",
  "Gender": "MALE",
  "MaritalStatus": "",
  "Relation": "",
  "RelativeName": "",
  "ContactNumber": "",
  "Address": "",
  "DoctorId": 0,
  "ReferDoctorId": 2,
  "ReferLabId": 0,
  "FieldBoyId": 0,
  "MedicalHistory": "",
  "CollectionDateTime": null,
  "CountryId": 1,
  "Country": "India",
  "StateId": 1,
  "State": "",
  "DistrictId": 0,
  "District": "",
  "CityId": 0,
  "City": "",
  "UserId": 1,
  "IpAddress": "10.0.2.16",
  "GrossAmount": 350,
  "DiscountPercentage": 14.29,
  "DiscountAmount": 50,
  "RoundOff": 0,
  "NetAmount": 300,
  "TotalPayableAmount": 300,
  "TotalPaidAmount": 200,
  "TotalBalanceAmount": 100,
  "TotalPatientPayableAmount": 300,
  "TotalCorporatePayableAmount": 0,
  "TotalPatientPaidAmount": 200,
  "TotalCorporatePaidAmount": 0,
  "DiscountApprovedById": 1,
  "DiscountReason": "",
  "Remarks": "",
  "Services": [
    {
      "ServiceItemId": 126,
      "SubSubCategoryId": 10,
      "ServiceName": "LIVER FUNCTION TEST (LFT)",
      "Rate": 350,
      "Amount": 350,
      "Qty": 1,
      "GrossAmt": 350,
      "DiscPer": 0,
      "DiscAmt": 0,
      "TotalTaxPer": 0,
      "TotalTaxAmt": 0,
      "NetAmt": 0,
      "IsUrgent": 1,
      "Barcode": "123gh",
      "TestRemark": "",
      "SampleTypeId": 2,
      "SampleType": "SERUM"
    }
  ],
  "payments": [
    {
      "paymentModeId": 1,
      "amount": 200,
      "bankId": 0,
      "referenceNo": ""
    }
  ],
  "Investigations": [
    {
      "ReportingBranchId": 1
  
    }
  ]
}
ResponseBody: {"success":false,"message":"Barcode already used: 123gh"}
2026-05-02 16:14:11,292 INFO  BranchController - GetBranchDetailsByBranchId API called. branchId=1
2026-05-02 16:14:11,340 INFO  BranchController - GetBranchDetailsByBranchId success. branchId=1, count=1
2026-05-02 16:14:12,391 INFO  BranchController - GetBranchDetailsByBranchId API called. branchId=1
2026-05-02 16:14:12,397 INFO  BranchController - GetBranchDetailsByBranchId success. branchId=1, count=1
2026-05-02 16:20:55,824 INFO  BranchController - GetBranchDetailsByBranchId API called. branchId=1
2026-05-02 16:20:55,889 INFO  BranchController - GetBranchDetailsByBranchId success. branchId=1, count=1
2026-05-02 16:20:56,915 INFO  BranchController - GetBranchDetailsByBranchId API called. branchId=1
2026-05-02 16:20:56,922 INFO  BranchController - GetBranchDetailsByBranchId success. branchId=1, count=1
2026-05-02 16:39:41,191 ERROR LISD.Middleware.ErrorLoggingMiddleware - API error response
Correlation: 00-6e886d7a9c442b4f3c0e56c0c1172f86-8fa777dd243ff633-00
Status     : 500
Method     : POST
Path       : /api/Patient/save
Query      : 
Host       : 192.168.31.71:5021
Scheme     : http
Remote IP  : 192.168.31.71
User-Agent : PostmanRuntime/7.53.0
RequestBody: {
  "HospId": 1,
  "BranchId": 1,
  "LoginBranchId": 1,
  "CorporateId": 1,
  "Title": "MR.",
  "FirstName": "nirkal",
  "MiddleName": "",
  "LastName": "",
  "AgeYears": 23,
  "AgeMonths": 0,
  "AgeDays": 0,
  "DOB": "2003-05-01",
  "Gender": "MALE",
  "MaritalStatus": "",
  "Relation": "",
  "RelativeName": "",
  "ContactNumber": "",
  "Address": "",
  "DoctorId": 0,
  "ReferDoctorId": 3,
  "ReferLabId": 0,
  "FieldBoyId": 0,
  "MedicalHistory": "",
  "CollectionDateTime": null,
  "CountryId": 1,
  "Country": "India",
  "StateId": 1,
  "State": "",
  "DistrictId": 0,
  "District": "",
  "CityId": 0,
  "City": "",
  "UserId": 1,
  "IpAddress": "10.0.2.16",
  "GrossAmount": 1100,
  "DiscountPercentage": 0,
  "DiscountAmount": 0,
  "RoundOff": 0,
  "NetAmount": 1100,
  "TotalPayableAmount": 1100,
  "TotalPaidAmount": 1100,
  "TotalBalanceAmount": 0,
  "TotalPatientPayableAmount": 1100,
  "TotalCorporatePayableAmount": 0,
  "TotalPatientPaidAmount": 1100,
  "ReceiptAmount": 1000,
  "TotalCorporatePaidAmount": 0,
  "DiscountApprovedById": 1,
  "DiscountReason": "",
  "Remarks": "",
  "Services": [
    {
      "ServiceItemId": 126,
      "SubSubCategoryId": 10,
      "ServiceName": "LIVER FUNCTION TEST (LFT)",
      "Rate": 350,
      "Amount": 350,
      "Qty": 1,
      "GrossAmt": 350,
      "DiscPer": 0,
      "DiscAmt": 0,
      "TotalTaxPer": 0,
      "TotalTaxAmt": 0,
      "NetAmt": 350,
      "IsUrgent": 0,
      "Barcode": "545hghg",
      "TestRemark": "",
      "SampleTypeId": 2,
      "SampleType": "SERUM"
    },
    {
      "ServiceItemId": 3356,
      "SubSubCategoryId": 10,
      "ServiceName": "Liver Function Test Gold (LFT\nGold)",
      "Rate": 750,
      "Amount": 750,
      "Qty": 1,
      "GrossAmt": 750,
      "DiscPer": 0,
      "DiscAmt": 0,
      "TotalTaxPer": 0,
      "TotalTaxAmt": 0,
      "NetAmt": 750,
      "IsUrgent": 0,
      "Barcode": "fhgfh797",
      "TestRemark": "",
      "SampleTypeId": null,
      "SampleType": ""
    }
  ],
  "payments": [
    {
      "paymentModeId": 1,
      "amount": 1000,
      "bankId": 0,
      "referenceNo": ""
    },
    {
      "paymentModeId": 1002,
      "amount": 100,
      "bankId": 8,
      "referenceNo": "Debit card"
    }
  ],
  "Investigations": [
    {
      "ReportingBranchId": 1,
      "TestRemark": "bahut mst "
    }
  ]
}
ResponseBody: {"success":false,"message":"Barcode already used: 545hghg"}
2026-05-02 16:39:52,918 ERROR LISD.Middleware.ErrorLoggingMiddleware - API error response
Correlation: 00-5626c3d7aa7895c643d771e94b1ebee6-6a56dbab7201166a-00
Status     : 500
Method     : POST
Path       : /api/Patient/save
Query      : 
Host       : 192.168.31.71:5021
Scheme     : http
Remote IP  : 192.168.31.71
User-Agent : PostmanRuntime/7.53.0
RequestBody: {
  "HospId": 1,
  "BranchId": 1,
  "LoginBranchId": 1,
  "CorporateId": 1,
  "Title": "MR.",
  "FirstName": "nirkal",
  "MiddleName": "",
  "LastName": "",
  "AgeYears": 23,
  "AgeMonths": 0,
  "AgeDays": 0,
  "DOB": "2003-05-01",
  "Gender": "MALE",
  "MaritalStatus": "",
  "Relation": "",
  "RelativeName": "",
  "ContactNumber": "",
  "Address": "",
  "DoctorId": 0,
  "ReferDoctorId": 3,
  "ReferLabId": 0,
  "FieldBoyId": 0,
  "MedicalHistory": "",
  "CollectionDateTime": null,
  "CountryId": 1,
  "Country": "India",
  "StateId": 1,
  "State": "",
  "DistrictId": 0,
  "District": "",
  "CityId": 0,
  "City": "",
  "UserId": 1,
  "IpAddress": "10.0.2.16",
  "GrossAmount": 1100,
  "DiscountPercentage": 0,
  "DiscountAmount": 0,
  "RoundOff": 0,
  "NetAmount": 1100,
  "TotalPayableAmount": 1100,
  "TotalPaidAmount": 1100,
  "TotalBalanceAmount": 0,
  "TotalPatientPayableAmount": 1100,
  "TotalCorporatePayableAmount": 0,
  "TotalPatientPaidAmount": 1100,
  "ReceiptAmount": 1000,
  "TotalCorporatePaidAmount": 0,
  "DiscountApprovedById": 1,
  "DiscountReason": "",
  "Remarks": "",
  "Services": [
    {
      "ServiceItemId": 126,
      "SubSubCategoryId": 10,
      "ServiceName": "LIVER FUNCTION TEST (LFT)",
      "Rate": 350,
      "Amount": 350,
      "Qty": 1,
      "GrossAmt": 350,
      "DiscPer": 0,
      "DiscAmt": 0,
      "TotalTaxPer": 0,
      "TotalTaxAmt": 0,
      "NetAmt": 350,
      "IsUrgent": 0,
      "Barcode": "545hghg",
      "TestRemark": "",
      "SampleTypeId": 2,
      "SampleType": "SERUM"
    },
    {
      "ServiceItemId": 3356,
      "SubSubCategoryId": 10,
      "ServiceName": "Liver Function Test Gold (LFT\nGold)",
      "Rate": 750,
      "Amount": 750,
      "Qty": 1,
      "GrossAmt": 750,
      "DiscPer": 0,
      "DiscAmt": 0,
      "TotalTaxPer": 0,
      "TotalTaxAmt": 0,
      "NetAmt": 750,
      "IsUrgent": 0,
      "Barcode": "dfgty",
      "TestRemark": "",
      "SampleTypeId": null,
      "SampleType": ""
    }
  ],
  "payments": [
    {
      "paymentModeId": 1,
      "amount": 1000,
      "bankId": 0,
      "referenceNo": ""
    },
    {
      "paymentModeId": 1002,
      "amount": 100,
      "bankId": 8,
      "referenceNo": "Debit card"
    }
  ],
  "Investigations": [
    {
      "ReportingBranchId": 1,
      "TestRemark": "bahut mst "
    }
  ]
}
ResponseBody: {"success":false,"message":"Barcode already used: 545hghg"}
2026-05-02 16:40:00,055 ERROR LISD.Middleware.ErrorLoggingMiddleware - API error response
Correlation: 00-479c2cee02be6827c970f1d9b219a1c0-8e542319fe05b83f-00
Status     : 500
Method     : POST
Path       : /api/Patient/save
Query      : 
Host       : 192.168.31.71:5021
Scheme     : http
Remote IP  : 192.168.31.71
User-Agent : PostmanRuntime/7.53.0
RequestBody: {
  "HospId": 1,
  "BranchId": 1,
  "LoginBranchId": 1,
  "CorporateId": 1,
  "Title": "MR.",
  "FirstName": "nirkal",
  "MiddleName": "",
  "LastName": "",
  "AgeYears": 23,
  "AgeMonths": 0,
  "AgeDays": 0,
  "DOB": "2003-05-01",
  "Gender": "MALE",
  "MaritalStatus": "",
  "Relation": "",
  "RelativeName": "",
  "ContactNumber": "",
  "Address": "",
  "DoctorId": 0,
  "ReferDoctorId": 3,
  "ReferLabId": 0,
  "FieldBoyId": 0,
  "MedicalHistory": "",
  "CollectionDateTime": null,
  "CountryId": 1,
  "Country": "India",
  "StateId": 1,
  "State": "",
  "DistrictId": 0,
  "District": "",
  "CityId": 0,
  "City": "",
  "UserId": 1,
  "IpAddress": "10.0.2.16",
  "GrossAmount": 1100,
  "DiscountPercentage": 0,
  "DiscountAmount": 0,
  "RoundOff": 0,
  "NetAmount": 1100,
  "TotalPayableAmount": 1100,
  "TotalPaidAmount": 1100,
  "TotalBalanceAmount": 0,
  "TotalPatientPayableAmount": 1100,
  "TotalCorporatePayableAmount": 0,
  "TotalPatientPaidAmount": 1100,
  "ReceiptAmount": 1000,
  "TotalCorporatePaidAmount": 0,
  "DiscountApprovedById": 1,
  "DiscountReason": "",
  "Remarks": "",
  "Services": [
    {
      "ServiceItemId": 126,
      "SubSubCategoryId": 10,
      "ServiceName": "LIVER FUNCTION TEST (LFT)",
      "Rate": 350,
      "Amount": 350,
      "Qty": 1,
      "GrossAmt": 350,
      "DiscPer": 0,
      "DiscAmt": 0,
      "TotalTaxPer": 0,
      "TotalTaxAmt": 0,
      "NetAmt": 350,
      "IsUrgent": 0,
      "Barcode": "545hghg",
      "TestRemark": "",
      "SampleTypeId": 2,
      "SampleType": "SERUM"
    },
    {
      "ServiceItemId": 3356,
      "SubSubCategoryId": 10,
      "ServiceName": "Liver Function Test Gold (LFT\nGold)",
      "Rate": 750,
      "Amount": 750,
      "Qty": 1,
      "GrossAmt": 750,
      "DiscPer": 0,
      "DiscAmt": 0,
      "TotalTaxPer": 0,
      "TotalTaxAmt": 0,
      "NetAmt": 750,
      "IsUrgent": 0,
      "Barcode": "xcvbsdfg",
      "TestRemark": "",
      "SampleTypeId": null,
      "SampleType": ""
    }
  ],
  "payments": [
    {
      "paymentModeId": 1,
      "amount": 1000,
      "bankId": 0,
      "referenceNo": ""
    },
    {
      "paymentModeId": 1002,
      "amount": 100,
      "bankId": 8,
      "referenceNo": "Debit card"
    }
  ],
  "Investigations": [
    {
      "ReportingBranchId": 1,
      "TestRemark": "bahut mst "
    }
  ]
}
ResponseBody: {"success":false,"message":"Barcode already used: 545hghg"}
2026-05-02 16:42:58,562 ERROR LISD.Middleware.ErrorLoggingMiddleware - API error response
Correlation: 00-2c7485bf63ead9732adeb332df29734b-13ff5b0bd4624aff-00
Status     : 500
Method     : POST
Path       : /api/Patient/save
Query      : 
Host       : 192.168.31.71:5021
Scheme     : http
Remote IP  : 192.168.31.71
User-Agent : PostmanRuntime/7.53.0
RequestBody: {
  "HospId": 1,
  "BranchId": 1,
  "LoginBranchId": 1,
  "CorporateId": 1,
  "Title": "MR.",
  "FirstName": "punam",
  "MiddleName": "",
  "LastName": "",
  "AgeYears": 23,
  "AgeMonths": 0,
  "AgeDays": 0,
  "DOB": "2003-05-01",
  "Gender": "MALE",
  "MaritalStatus": "",
  "Relation": "",
  "RelativeName": "",
  "ContactNumber": "",
  "Address": "",
  "DoctorId": 0,
  "ReferDoctorId": 3,
  "ReferLabId": 0,
  "FieldBoyId": 0,
  "MedicalHistory": "",
  "CollectionDateTime": null,
  "CountryId": 1,
  "Country": "India",
  "StateId": 1,
  "State": "",
  "DistrictId": 0,
  "District": "",
  "CityId": 0,
  "City": "",
  "UserId": 1,
  "IpAddress": "10.0.2.16",
  "GrossAmount": 1100,
  "DiscountPercentage": 0,
  "DiscountAmount": 0,
  "RoundOff": 0,
  "NetAmount": 1100,
  "TotalPayableAmount": 1100,
  "TotalPaidAmount": 1100,
  "TotalBalanceAmount": 0,
  "TotalPatientPayableAmount": 1100,
  "TotalCorporatePayableAmount": 0,
  "TotalPatientPaidAmount": 1100,
  "ReceiptAmount": 1000,
  "TotalCorporatePaidAmount": 0,
  "DiscountApprovedById": 1,
  "DiscountReason": "",
  "Remarks": "",
  "Services": [
    {
      "ServiceItemId": 126,
      "SubSubCategoryId": 10,
      "ServiceName": "LIVER FUNCTION TEST (LFT)",
      "Rate": 350,
      "Amount": 350,
      "Qty": 1,
      "GrossAmt": 350,
      "DiscPer": 0,
      "DiscAmt": 0,
      "TotalTaxPer": 0,
      "TotalTaxAmt": 0,
      "NetAmt": 350,
      "IsUrgent": 0,
      "Barcode": "fghtysvb",
      "TestRemark": "",
      "SampleTypeId": 2,
      "SampleType": "SERUM"
    },
    {
      "ServiceItemId": 3356,
      "SubSubCategoryId": 10,
      "ServiceName": "Liver Function Test Gold (LFT\nGold)",
      "Rate": 750,
      "Amount": 750,
      "Qty": 1,
      "GrossAmt": 750,
      "DiscPer": 0,
      "DiscAmt": 0,
      "TotalTaxPer": 0,
      "TotalTaxAmt": 0,
      "NetAmt": 750,
      "IsUrgent": 0,
      "Barcode": "xcvbsdfg",
      "TestRemark": "",
      "SampleTypeId": null,
      "SampleType": ""
    }
  ],
  "payments": [
    {
      "paymentModeId": 1,
      "amount": 1000,
      "bankId": 0,
      "referenceNo": ""
    },
    {
      "paymentModeId": 1002,
      "amount": 100,
      "bankId": 8,
      "referenceNo": "Debit card"
    }
  ],
  "Investigations": [
    {
      "ReportingBranchId": 1,
      "TestRemark": "bahut mst "
    }
  ]
}
ResponseBody: {"success":false,"message":"Barcode already used: fghtysvb"}
2026-05-02 16:57:43,395 ERROR LISD.Middleware.ErrorLoggingMiddleware - API error response
Correlation: 00-5a61c39a0f44d30743104a80a0335677-0262359d0f7f936e-00
Status     : 500
Method     : POST
Path       : /api/Patient/save
Query      : 
Host       : 192.168.31.71:5021
Scheme     : http
Remote IP  : 192.168.31.71
User-Agent : PostmanRuntime/7.53.0
RequestBody: {
  "HospId": 1,
  "BranchId": 1,
  "LoginBranchId": 1,
  "CorporateId": 1,
  "Title": "MR.",
  "FirstName": "punam",
  "MiddleName": "",
  "LastName": "",
  "AgeYears": 23,
  "AgeMonths": 0,
  "AgeDays": 0,
  "DOB": "2003-05-01",
  "Gender": "MALE",
  "MaritalStatus": "",
  "Relation": "",
  "RelativeName": "",
  "ContactNumber": "",
  "Address": "",
  "DoctorId": 0,
  "ReferDoctorId": 3,
  "ReferLabId": 0,
  "FieldBoyId": 0,
  "MedicalHistory": "",
  "CollectionDateTime": null,
  "CountryId": 1,
  "Country": "India",
  "StateId": 1,
  "State": "",
  "DistrictId": 0,
  "District": "",
  "CityId": 0,
  "City": "",
  "UserId": 1,
  "IpAddress": "10.0.2.16",
  "GrossAmount": 1100,
  "DiscountPercentage": 0,
  "DiscountAmount": 0,
  "RoundOff": 0,
  "NetAmount": 1100,
  "TotalPayableAmount": 1100,
  "TotalPaidAmount": 1100,
  "TotalBalanceAmount": 0,
  "TotalPatientPayableAmount": 1100,
  "TotalCorporatePayableAmount": 0,
  "TotalPatientPaidAmount": 1100,
  "ReceiptAmount": 1000,
  "TotalCorporatePaidAmount": 0,
  "DiscountApprovedById": 1,
  "DiscountReason": "",
  "Remarks": "",
  "Services": [
    {
      "ServiceItemId": 126,
      "SubSubCategoryId": 10,
      "ServiceName": "LIVER FUNCTION TEST (LFT)",
      "Rate": 350,
      "Amount": 350,
      "Qty": 1,
      "GrossAmt": 350,
      "DiscPer": 0,
      "DiscAmt": 0,
      "TotalTaxPer": 0,
      "TotalTaxAmt": 0,
      "NetAmt": 350,
      "IsUrgent": 0,
      "Barcode": "dhgshjg456",
      "TestRemark": "",
      "SampleTypeId": 2,
      "SampleType": "SERUM"
    },
    {
      "ServiceItemId": 3356,
      "SubSubCategoryId": 10,
      "ServiceName": "Liver Function Test Gold (LFT\nGold)",
      "Rate": 750,
      "Amount": 750,
      "Qty": 1,
      "GrossAmt": 750,
      "DiscPer": 0,
      "DiscAmt": 0,
      "TotalTaxPer": 0,
      "TotalTaxAmt": 0,
      "NetAmt": 750,
      "IsUrgent": 0,
      "Barcode": "shghd565",
      "TestRemark": "",
      "SampleTypeId": null,
      "SampleType": ""
    }
  ],
  "payments": [
    {
      "paymentModeId": 1,
      "amount": 1000,
      "bankId": 0,
      "referenceNo": ""
    },
    {
      "paymentModeId": 1002,
      "amount": 100,
      "bankId": 8,
      "referenceNo": "Debit card"
    }
  ],
  "Investigations": [
    {
      "ReportingBranchId": 1,
      "TestRemark": "bahut mst "
    }
  ]
}
ResponseBody: {"success":false,"message":"Barcode already used: dhgshjg456"}
2026-05-02 17:11:08,665 INFO  BranchController - GetBranchDetailsByBranchId API called. branchId=1
2026-05-02 17:11:08,705 INFO  BranchController - GetBranchDetailsByBranchId success. branchId=1, count=1
2026-05-02 17:11:08,968 INFO  BranchController - GetBranchDetailsByBranchId API called. branchId=1
2026-05-02 17:11:08,971 INFO  BranchController - GetBranchDetailsByBranchId success. branchId=1, count=1
2026-05-02 17:12:30,729 INFO  BranchController - GetBranchAndUserWiseBranchList API called. branchId=1, userId=1
2026-05-02 17:12:30,745 INFO  BranchController - GetBranchAndUserWiseBranchList success. branchId=1, userId=1, count=4
2026-05-02 17:12:30,833 INFO  BranchController - GetBranchAndUserWiseBranchList API called. branchId=1, userId=1
2026-05-02 17:12:30,836 INFO  BranchController - GetBranchAndUserWiseBranchList success. branchId=1, userId=1, count=4
2026-05-02 17:13:44,983 INFO  App.Controllers.DashboardController - GetDashboardStates API called. branchId=1, userId=1
2026-05-02 17:13:45,000 INFO  App.Controllers.DashboardController - GetWalletAmount API called. clientIds=1
2026-05-02 17:13:45,686 INFO  BranchController - GetBranchDetailsByBranchId API called. branchId=1
2026-05-02 17:13:45,689 INFO  BranchController - GetBranchDetailsByBranchId success. branchId=1, count=1
2026-05-02 17:22:56,158 INFO  App.Controllers.DashboardController - GetWalletAmount API called. clientIds=1
2026-05-02 17:22:56,157 INFO  App.Controllers.DashboardController - GetDashboardStates API called. branchId=1, userId=1
2026-05-02 17:23:23,845 INFO  App.Controllers.DashboardController - GetDashboardStates API called. branchId=1, userId=1
2026-05-02 17:23:23,874 INFO  App.Controllers.DashboardController - GetWalletAmount API called. clientIds=1
2026-05-02 17:23:24,288 INFO  App.Controllers.DashboardController - GetDashboardStates API called. branchId=1, userId=1
2026-05-02 17:23:27,005 INFO  BranchController - GetBranchDetailsByBranchId API called. branchId=1
2026-05-02 17:23:27,014 INFO  BranchController - GetBranchDetailsByBranchId success. branchId=1, count=1
2026-05-02 17:23:27,832 INFO  BranchController - GetBranchDetailsByBranchId API called. branchId=1
2026-05-02 17:23:27,838 INFO  BranchController - GetBranchDetailsByBranchId success. branchId=1, count=1
