2026-05-19 10:52:26,224 ERROR LISD.Middleware.ErrorLoggingMiddleware - API error response
Correlation: 00-e66f4bf88c08829e14ad53b6f4ae0a1a-eff770edd0b16883-00
Status     : 500
Method     : POST
Path       : /api/Patient/save
Query      : 
Host       : 192.168.31.237:5021
Scheme     : http
Remote IP  : 192.168.31.237
User-Agent : PostmanRuntime/7.54.0
RequestBody: {
  "HospId": 1,
  "BranchId": 8066,
  "LoginBranchId": 8066,
  "CorporateId": 1,
  "Title": "MR.",
  "FirstName": "kalicharan",
  "MiddleName": "",
  "LastName": "",
  "AgeYears": 37,
  "AgeMonths": 0,
  "AgeDays": 0,
  "DOB": "1989-05-11",
  "Gender": "MALE",
  "MaritalStatus": "",
  "Relation": "",
  "RelativeName": "",
  "ContactNumber": "",
  "Address": "",
  "DoctorId": 0,
  "ReferDoctorId": 3,
  "ReferLabId": 0,
  "FieldBoyId": "",
  "MedicalHistory": "",
  "CollectionDateTime": "2026-05-13T07:34:00.000Z",
  "CountryId": 1,
  "Country": "India",
  "StateId": 1,
  "State": "",
  "DistrictId": 0,
  "District": "",
  "CityId": 0,
  "City": "",
  "UserId": 1,
  "IpAddress": "10.0.2.16",
  "GrossAmount": 60,
  "DiscountPercentage": 0,
  "DiscountAmount": 0,
  "RoundOff": 0,
  "NetAmount": 60,
  "TotalPayableAmount": 60,
  "TotalPaidAmount": 60,
  "TotalBalanceAmount": 0,
  "TotalPatientPayableAmount": 60,
  "TotalCorporatePayableAmount": 0,
  "TotalPatientPaidAmount": 60,
  "TotalCorporatePaidAmount": 0,
  "ReceiptAmount": 60,
  "DiscountApprovedById": 0,
  "DiscountReason": "",
  "Remarks": "",
  "Services": [
    {
      "ServiceItemId": 346,
      "SubSubCategoryId": 29261,
      "SubCategoryId": 1,
      "CategoryId": 3,
      "ServiceName": "CBC -(COMPLETE BLOOD COUNT)",
      "Code": "",
      "Rate": 60,
      "Amount": 60,
      "Qty": 1,
      "GrossAmt": 60,
      "DiscPer": 0,
      "DiscAmt": 0,
      "TotalTaxPer": 0,
      "TotalTaxAmt": 0,
      "NetAmt": 60,
      "IsUrgent": 1,
      "IsUnderPackage": 0,
      "PackageId": 0,
      "Barcode": "487653847",
      "TestRemark": "",
      "SampleTypeId": 2,
      "SampleType": ""
    }
  ],
  "payments": [
    {
      "paymentModeId": 1,
      "amount": 60,
      "bankId": 0,
      "referenceNo": ""
    }
  ],
  "Investigations": [
    {
      "ReportingBranchId": 8066,
      "TestRemark": ""
    }
  ]
}
ResponseBody: {"success":false,"message":"UHID not found in PatientMaster"}
2026-05-19 10:52:31,581 ERROR LISD.Middleware.ErrorLoggingMiddleware - API error response
Correlation: 00-20289b3ad42c91789b1d970308ef51ac-7e71374e74ba1d28-00
Status     : 500
Method     : POST
Path       : /api/Patient/save
Query      : 
Host       : 192.168.31.237:5021
Scheme     : http
Remote IP  : 192.168.31.237
User-Agent : PostmanRuntime/7.54.0
RequestBody: {
  "HospId": 1,
  "BranchId": 8066,
  "LoginBranchId": 8066,
  "CorporateId": 1,
  "Title": "MR.",
  "FirstName": "kalicharan",
  "MiddleName": "",
  "LastName": "",
  "AgeYears": 37,
  "AgeMonths": 0,
  "AgeDays": 0,
  "DOB": "1989-05-11",
  "Gender": "MALE",
  "MaritalStatus": "",
  "Relation": "",
  "RelativeName": "",
  "ContactNumber": "",
  "Address": "",
  "DoctorId": 0,
  "ReferDoctorId": 3,
  "ReferLabId": 0,
  "FieldBoyId": "",
  "MedicalHistory": "",
  "CollectionDateTime": "2026-05-13T07:34:00.000Z",
  "CountryId": 1,
  "Country": "India",
  "StateId": 1,
  "State": "",
  "DistrictId": 0,
  "District": "",
  "CityId": 0,
  "City": "",
  "UserId": 1,
  "IpAddress": "10.0.2.16",
  "GrossAmount": 60,
  "DiscountPercentage": 0,
  "DiscountAmount": 0,
  "RoundOff": 0,
  "NetAmount": 60,
  "TotalPayableAmount": 60,
  "TotalPaidAmount": 60,
  "TotalBalanceAmount": 0,
  "TotalPatientPayableAmount": 60,
  "TotalCorporatePayableAmount": 0,
  "TotalPatientPaidAmount": 60,
  "TotalCorporatePaidAmount": 0,
  "ReceiptAmount": 60,
  "DiscountApprovedById": 0,
  "DiscountReason": "",
  "Remarks": "",
  "Services": [
    {
      "ServiceItemId": 346,
      "SubSubCategoryId": 29261,
      "SubCategoryId": 1,
      "CategoryId": 3,
      "ServiceName": "CBC -(COMPLETE BLOOD COUNT)",
      "Code": "",
      "Rate": 60,
      "Amount": 60,
      "Qty": 1,
      "GrossAmt": 60,
      "DiscPer": 0,
      "DiscAmt": 0,
      "TotalTaxPer": 0,
      "TotalTaxAmt": 0,
      "NetAmt": 60,
      "IsUrgent": 1,
      "IsUnderPackage": 0,
      "PackageId": 0,
      "Barcode": "487653847",
      "TestRemark": "",
      "SampleTypeId": 2,
      "SampleType": ""
    }
  ],
  "payments": [
    {
      "paymentModeId": 1,
      "amount": 60,
      "bankId": 0,
      "referenceNo": ""
    }
  ],
  "Investigations": [
    {
      "ReportingBranchId": 8066,
      "TestRemark": ""
    }
  ]
}
ResponseBody: {"success":false,"message":"UHID not found in PatientMaster"}
2026-05-19 10:52:36,977 ERROR LISD.Middleware.ErrorLoggingMiddleware - API error response
Correlation: 00-2d298cfa9d8a65dd37a4f5cb02282954-20d4e0a5ac079308-00
Status     : 500
Method     : POST
Path       : /api/Patient/save
Query      : 
Host       : 192.168.31.237:5021
Scheme     : http
Remote IP  : 192.168.31.237
User-Agent : PostmanRuntime/7.54.0
RequestBody: {
  "HospId": 1,
  "BranchId": 8066,
  "LoginBranchId": 8066,
  "CorporateId": 1,
  "Title": "MR.",
  "FirstName": "kalicharan",
  "MiddleName": "",
  "LastName": "",
  "AgeYears": 37,
  "AgeMonths": 0,
  "AgeDays": 0,
  "DOB": "1989-05-11",
  "Gender": "MALE",
  "MaritalStatus": "",
  "Relation": "",
  "RelativeName": "",
  "ContactNumber": "",
  "Address": "",
  "DoctorId": 0,
  "ReferDoctorId": 3,
  "ReferLabId": 0,
  "FieldBoyId": "",
  "MedicalHistory": "",
  "CollectionDateTime": "2026-05-13T07:34:00.000Z",
  "CountryId": 1,
  "Country": "India",
  "StateId": 1,
  "State": "",
  "DistrictId": 0,
  "District": "",
  "CityId": 0,
  "City": "",
  "UserId": 1,
  "IpAddress": "10.0.2.16",
  "GrossAmount": 60,
  "DiscountPercentage": 0,
  "DiscountAmount": 0,
  "RoundOff": 0,
  "NetAmount": 60,
  "TotalPayableAmount": 60,
  "TotalPaidAmount": 60,
  "TotalBalanceAmount": 0,
  "TotalPatientPayableAmount": 60,
  "TotalCorporatePayableAmount": 0,
  "TotalPatientPaidAmount": 60,
  "TotalCorporatePaidAmount": 0,
  "ReceiptAmount": 60,
  "DiscountApprovedById": 0,
  "DiscountReason": "",
  "Remarks": "",
  "Services": [
    {
      "ServiceItemId": 346,
      "SubSubCategoryId": 29261,
      "SubCategoryId": 1,
      "CategoryId": 3,
      "ServiceName": "CBC -(COMPLETE BLOOD COUNT)",
      "Code": "",
      "Rate": 60,
      "Amount": 60,
      "Qty": 1,
      "GrossAmt": 60,
      "DiscPer": 0,
      "DiscAmt": 0,
      "TotalTaxPer": 0,
      "TotalTaxAmt": 0,
      "NetAmt": 60,
      "IsUrgent": 1,
      "IsUnderPackage": 0,
      "PackageId": 0,
      "Barcode": "575765",
      "TestRemark": "",
      "SampleTypeId": 2,
      "SampleType": ""
    }
  ],
  "payments": [
    {
      "paymentModeId": 1,
      "amount": 60,
      "bankId": 0,
      "referenceNo": ""
    }
  ],
  "Investigations": [
    {
      "ReportingBranchId": 8066,
      "TestRemark": ""
    }
  ]
}
ResponseBody: {"success":false,"message":"UHID not found in PatientMaster"}
2026-05-19 10:53:02,616 ERROR LISD.Middleware.ErrorLoggingMiddleware - API error response
Correlation: 00-bbe9eda44e334f808b3e55a8f93ccf66-13b842f5b86206f1-00
Status     : 500
Method     : POST
Path       : /api/Patient/save
Query      : 
Host       : 192.168.31.237:5021
Scheme     : http
Remote IP  : 192.168.31.237
User-Agent : PostmanRuntime/7.54.0
RequestBody: {
  "HospId": 1,
  "BranchId": 8066,
  "LoginBranchId": 8066,
  "CorporateId": 1,
  "Title": "MR.",
  "FirstName": "kalicharan",
  "MiddleName": "",
  "LastName": "",
  "AgeYears": 37,
  "AgeMonths": 0,
  "AgeDays": 0,
  "DOB": "1989-05-11",
  "Gender": "MALE",
  "MaritalStatus": "",
  "Relation": "",
  "RelativeName": "",
  "ContactNumber": "",
  "Address": "",
  "DoctorId": 0,
  "ReferDoctorId": 3,
  "ReferLabId": 0,
  "FieldBoyId": "",
  "MedicalHistory": "",
  "CollectionDateTime": "2026-05-13T07:34:00.000Z",
  "CountryId": 1,
  "Country": "India",
  "StateId": 1,
  "State": "",
  "DistrictId": 0,
  "District": "",
  "CityId": 0,
  "City": "",
  "UserId": 1,
  "IpAddress": "10.0.2.16",
  "GrossAmount": 60,
  "DiscountPercentage": 0,
  "DiscountAmount": 0,
  "RoundOff": 0,
  "NetAmount": 60,
  "TotalPayableAmount": 60,
  "TotalPaidAmount": 60,
  "TotalBalanceAmount": 0,
  "TotalPatientPayableAmount": 60,
  "TotalCorporatePayableAmount": 0,
  "TotalPatientPaidAmount": 60,
  "TotalCorporatePaidAmount": 0,
  "ReceiptAmount": 60,
  "DiscountApprovedById": 0,
  "DiscountReason": "",
  "Remarks": "",
  "Services": [
    {
      "ServiceItemId": 346,
      "SubSubCategoryId": 29261,
      "SubCategoryId": 1,
      "CategoryId": 3,
      "ServiceName": "CBC -(COMPLETE BLOOD COUNT)",
      "Code": "",
      "Rate": 60,
      "Amount": 60,
      "Qty": 1,
      "GrossAmt": 60,
      "DiscPer": 0,
      "DiscAmt": 0,
      "TotalTaxPer": 0,
      "TotalTaxAmt": 0,
      "NetAmt": 60,
      "IsUrgent": 1,
      "IsUnderPackage": 0,
      "PackageId": 0,
      "Barcode": "575765",
      "TestRemark": "",
      "SampleTypeId": 2,
      "SampleType": ""
    }
  ],
  "payments": [
    {
      "paymentModeId": 1,
      "amount": 60,
      "bankId": 0,
      "referenceNo": ""
    }
  ],
  "Investigations": [
    {
      "ReportingBranchId": 8066,
      "TestRemark": ""
    }
  ]
}
ResponseBody: {"success":false,"message":"UHID not found in PatientMaster"}
2026-05-19 10:56:46,291 INFO  App.Controllers.DashboardController - GetWalletAmount API called. clientIds=8066
2026-05-19 10:56:46,661 INFO  App.Controllers.DashboardController - GetWalletAmount API called. clientIds=8066
2026-05-19 10:57:59,041 INFO  App.Controllers.DashboardController - GetWalletAmount API called. clientIds=1
2026-05-19 10:57:59,056 INFO  App.Controllers.DashboardController - GetWalletAmount API called. clientIds=1
2026-05-19 10:58:15,776 INFO  BranchController - GetBranchAndUserWiseBranchList API called. branchId=1, userId=1
2026-05-19 10:58:15,816 INFO  BranchController - GetBranchAndUserWiseBranchList success. branchId=1, userId=1, count=4
2026-05-19 10:58:15,886 INFO  BranchController - GetBranchAndUserWiseBranchList API called. branchId=1, userId=1
2026-05-19 10:58:15,891 INFO  BranchController - GetBranchAndUserWiseBranchList success. branchId=1, userId=1, count=4
2026-05-19 10:58:39,889 INFO  BranchController - GetBranchAndUserWiseBranchList API called. branchId=1, userId=1
2026-05-19 10:58:39,894 INFO  BranchController - GetBranchAndUserWiseBranchList success. branchId=1, userId=1, count=4
2026-05-19 11:00:14,119 ERROR LISD.Middleware.ErrorLoggingMiddleware - API error response
Correlation: 00-05b68686c03c4f31743d941c1021d1fc-aeb42f364aa555db-00
Status     : 500
Method     : POST
Path       : /api/HelpDesk/flabo_help_desk
Query      : 
Host       : 192.168.31.237:5021
Scheme     : http
Remote IP  : 192.168.31.237
User-Agent : Mozilla/5.0 (Macintosh; Intel Mac OS X 10_15_7) AppleWebKit/537.36 (KHTML, like Gecko) Chrome/148.0.0.0 Safari/537.36
RequestBody: {
  "branchId": "1",
  "typeId": "0",
  "uhid": "",
  "ipdNo": "",
  "labNo": "",
  "fromDate": "19-05-2026",
  "toDate": "19-05-2026",
  "barCode": "",
  "subCategoryId": "",
  "subSubCategoryId": "",
  "investigationName": "",
  "patientName": "",
  "branchIdList": "1",
  "corporateId": "",
  "roleId": "",
  "filter": ""
}
ResponseBody: {"success":false,"message":"Conversion failed when converting date and/or time from character string."}
2026-05-19 11:00:31,262 WARN  LISD.Middleware.ErrorLoggingMiddleware - API error response
Correlation: 00-8123b34e168fb1346b6d520184920557-16add82890af979d-00
Status     : 400
Method     : POST
Path       : /api/HelpDesk/flabo_help_desk
Query      : 
Host       : 192.168.31.237:5021
Scheme     : http
Remote IP  : 192.168.31.237
User-Agent : Mozilla/5.0 (Macintosh; Intel Mac OS X 10_15_7) AppleWebKit/537.36 (KHTML, like Gecko) Chrome/148.0.0.0 Safari/537.36
RequestBody: {
  "branchId": "1",
  "typeId": "0",
  "uhid": "",
  "ipdNo": "",
  "labNo": "",
  "fromDate": 19-05-2026,
  "toDate": 19-05-2026,
  "barCode": "",
  "subCategoryId": "",
  "subSubCategoryId": "",
  "investigationName": "",
  "patientName": "",
  "branchIdList": "1",
  "corporateId": "",
  "roleId": "",
  "filter": ""
}
ResponseBody: {"status":false,"message":"Validation error","correlationId":"00-8123b34e168fb1346b6d520184920557-16add82890af979d-00","data":{"request":["The request field is required."],"$.fromDate":["'-' is an invalid end of a number. Expected a delimiter. Path: $.fromDate | LineNumber: 6 | BytePositionInLine: 16."]}}
2026-05-19 11:00:54,234 WARN  LISD.Middleware.ErrorLoggingMiddleware - API error response
Correlation: 00-53d930d989fd0a4b5d34936586927afd-fa73c16924c7207b-00
Status     : 400
Method     : POST
Path       : /api/HelpDesk/flabo_help_desk
Query      : 
Host       : 192.168.31.237:5021
Scheme     : http
Remote IP  : 192.168.31.237
User-Agent : Mozilla/5.0 (Macintosh; Intel Mac OS X 10_15_7) AppleWebKit/537.36 (KHTML, like Gecko) Chrome/148.0.0.0 Safari/537.36
RequestBody: {
  "branchId":1,
  "typeId": "0",
  "uhid": "",
  "ipdNo": "",
  "labNo": "",
  "fromDate": 19-05-2026,
  "toDate": 19-05-2026,
  "barCode": "",
  "subCategoryId": "",
  "subSubCategoryId": "",
  "investigationName": "",
  "patientName": "",
  "branchIdList": 1,
  "corporateId": "",
  "roleId": "",
  "filter": ""
}
ResponseBody: {"status":false,"message":"Validation error","correlationId":"00-53d930d989fd0a4b5d34936586927afd-fa73c16924c7207b-00","data":{"request":["The request field is required."],"$.branchId":["The JSON value could not be converted to System.String. Path: $.branchId | LineNumber: 1 | BytePositionInLine: 14."]}}
2026-05-19 11:01:05,180 WARN  LISD.Middleware.ErrorLoggingMiddleware - API error response
Correlation: 00-0ac7757b8981f5da30c9ee0396680a1e-e70bd5c082c0a4bf-00
Status     : 400
Method     : POST
Path       : /api/HelpDesk/flabo_help_desk
Query      : 
Host       : 192.168.31.237:5021
Scheme     : http
Remote IP  : 192.168.31.237
User-Agent : Mozilla/5.0 (Macintosh; Intel Mac OS X 10_15_7) AppleWebKit/537.36 (KHTML, like Gecko) Chrome/148.0.0.0 Safari/537.36
RequestBody: {
  "branchId":1,
  "typeId":0,
  "uhid": "",
  "ipdNo": "",
  "labNo": "",
  "fromDate": 19-05-2026,
  "toDate": 19-05-2026,
  "barCode": "",
  "subCategoryId": "",
  "subSubCategoryId": "",
  "investigationName": "",
  "patientName": "",
  "branchIdList": 1,
  "corporateId": "",
  "roleId": "",
  "filter": ""
}
ResponseBody: {"status":false,"message":"Validation error","correlationId":"00-0ac7757b8981f5da30c9ee0396680a1e-e70bd5c082c0a4bf-00","data":{"request":["The request field is required."],"$.branchId":["The JSON value could not be converted to System.String. Path: $.branchId | LineNumber: 1 | BytePositionInLine: 14."]}}
2026-05-19 11:01:22,956 INFO  BranchController - GetBranchAndUserWiseBranchList API called. branchId=1, userId=1
2026-05-19 11:01:22,968 INFO  BranchController - GetBranchAndUserWiseBranchList success. branchId=1, userId=1, count=4
2026-05-19 11:01:25,815 INFO  App.Controllers.DashboardController - GetWalletAmount API called. clientIds=1
2026-05-19 11:04:55,908 INFO  App.Controllers.DashboardController - GetWalletAmount API called. clientIds=8066
2026-05-19 11:04:56,260 INFO  App.Controllers.DashboardController - GetWalletAmount API called. clientIds=8066
2026-05-19 11:05:24,174 INFO  App.Controllers.DashboardController - GetWalletAmount API called. clientIds=8066
2026-05-19 11:05:24,174 INFO  App.Controllers.DashboardController - GetWalletAmount API called. clientIds=8066
2026-05-19 11:09:48,256 INFO  App.Controllers.DashboardController - GetWalletAmount API called. clientIds=8066
2026-05-19 11:13:41,042 INFO  App.Controllers.DashboardController - GetWalletAmount API called. clientIds=8066
2026-05-19 11:14:09,381 INFO  App.Controllers.DashboardController - GetWalletAmount API called. clientIds=8066
2026-05-19 11:23:55,425 INFO  App.Controllers.DashboardController - GetWalletAmount API called. clientIds=8066
2026-05-19 11:33:44,728 INFO  App.Controllers.DashboardController - GetWalletAmount API called. clientIds=8066
2026-05-19 12:04:49,849 INFO  App.Controllers.DashboardController - GetWalletAmount API called. clientIds=8066
2026-05-19 12:09:32,595 INFO  App.Controllers.DashboardController - GetWalletAmount API called. clientIds=8066
2026-05-19 12:09:59,660 INFO  App.Controllers.DashboardController - GetWalletAmount API called. clientIds=8066
2026-05-19 12:10:04,565 INFO  App.Controllers.DashboardController - GetWalletAmount API called. clientIds=8066
2026-05-19 12:33:23,742 INFO  App.Controllers.DashboardController - GetWalletAmount API called. clientIds=8066
2026-05-19 12:33:46,306 INFO  App.Controllers.DashboardController - GetWalletAmount API called. clientIds=8066
2026-05-19 12:33:46,392 INFO  App.Controllers.DashboardController - GetWalletAmount API called. clientIds=8066
2026-05-19 12:33:56,211 WARN  LISD.Middleware.ErrorLoggingMiddleware - API error response
Correlation: 00-04a91641c4844a2f312a1476006366e7-b722800953a4010a-00
Status     : 405
Method     : GET
Path       : /api/FlaboDashBoard/patient-sample-tracking
Query      : 
Host       : 192.168.31.237:5021
Scheme     : http
Remote IP  : 192.168.31.237
User-Agent : okhttp/4.12.0

2026-05-19 12:34:06,051 WARN  LISD.Middleware.ErrorLoggingMiddleware - API error response
Correlation: 00-c23aa289583f3e9265bee2f55e7695ae-72f2c46c74bfe720-00
Status     : 400
Method     : POST
Path       : /api/FlaboDashBoard/patient-sample-tracking
Query      : 
Host       : 192.168.31.237:5021
Scheme     : http
Remote IP  : 192.168.31.237
User-Agent : okhttp/4.12.0
RequestBody: {"fieldBoyId":1,"loginBranchIdList":8066,"fromDate":"2026-05-19","toDate":"2026-05-19"}
ResponseBody: {"status":false,"message":"Validation error","correlationId":"00-c23aa289583f3e9265bee2f55e7695ae-72f2c46c74bfe720-00","data":{"request":["The request field is required."],"$.loginBranchIdList":["The JSON value could not be converted to System.String. Path: $.loginBranchIdList | LineNumber: 0 | BytePositionInLine: 40."]}}
2026-05-19 12:34:12,704 INFO  App.Controllers.DashboardController - GetWalletAmount API called. clientIds=8066
2026-05-19 12:34:19,247 WARN  LISD.Middleware.ErrorLoggingMiddleware - API error response
Correlation: 00-cf14594b1978cb3ca66e35c2410944ec-013a62a70596e306-00
Status     : 400
Method     : POST
Path       : /api/FlaboDashBoard/patient-sample-tracking
Query      : 
Host       : 192.168.31.237:5021
Scheme     : http
Remote IP  : 192.168.31.237
User-Agent : okhttp/4.12.0
RequestBody: {"fieldBoyId":1,"loginBranchIdList":8066,"fromDate":"2026-05-19","toDate":"2026-05-19"}
ResponseBody: {"status":false,"message":"Validation error","correlationId":"00-cf14594b1978cb3ca66e35c2410944ec-013a62a70596e306-00","data":{"request":["The request field is required."],"$.loginBranchIdList":["The JSON value could not be converted to System.String. Path: $.loginBranchIdList | LineNumber: 0 | BytePositionInLine: 40."]}}
2026-05-19 12:36:10,662 INFO  App.Controllers.DashboardController - GetWalletAmount API called. clientIds=8066
2026-05-19 12:36:10,747 INFO  App.Controllers.DashboardController - GetWalletAmount API called. clientIds=8066
2026-05-19 12:40:46,204 INFO  App.Controllers.DashboardController - GetWalletAmount API called. clientIds=8066
2026-05-19 12:40:46,697 INFO  App.Controllers.DashboardController - GetWalletAmount API called. clientIds=8066
2026-05-19 12:42:48,691 INFO  App.Controllers.DashboardController - GetWalletAmount API called. clientIds=8066
2026-05-19 12:42:48,735 INFO  App.Controllers.DashboardController - GetWalletAmount API called. clientIds=8066
2026-05-19 12:42:55,418 INFO  App.Controllers.DashboardController - GetWalletAmount API called. clientIds=8066
2026-05-19 12:42:55,925 INFO  App.Controllers.DashboardController - GetWalletAmount API called. clientIds=8066
2026-05-19 12:47:39,470 WARN  LISD.Middleware.ErrorLoggingMiddleware - API error response
Correlation: 00-7c5b43c29b830bb67cec10c1fc80ce95-31c4ec2b71025a3a-00
Status     : 400
Method     : POST
Path       : /api/FlaboDashBoard/update-sample-status
Query      : 
Host       : 192.168.31.237:5021
Scheme     : http
Remote IP  : 192.168.31.237
User-Agent : okhttp/4.12.0
RequestBody: {"sampleId":3,"status":"Sample Picked","fieldBoyId":1}
ResponseBody: {"success":false,"message":"Invalid request"}
2026-05-19 12:53:55,828 INFO  App.Controllers.DashboardController - GetWalletAmount API called. clientIds=8066
2026-05-19 12:53:55,828 INFO  App.Controllers.DashboardController - GetWalletAmount API called. clientIds=8066
2026-05-19 12:59:31,253 INFO  App.Controllers.DashboardController - GetWalletAmount API called. clientIds=8066
2026-05-19 12:59:31,254 INFO  App.Controllers.DashboardController - GetWalletAmount API called. clientIds=8066
2026-05-19 13:00:02,399 INFO  App.Controllers.DashboardController - GetWalletAmount API called. clientIds=8066
2026-05-19 13:00:02,900 INFO  App.Controllers.DashboardController - GetWalletAmount API called. clientIds=8066
2026-05-19 13:05:47,179 INFO  App.Controllers.DashboardController - GetWalletAmount API called. clientIds=8066
2026-05-19 13:05:47,191 INFO  App.Controllers.DashboardController - GetWalletAmount API called. clientIds=8066
2026-05-19 13:05:56,467 INFO  App.Controllers.DashboardController - GetWalletAmount API called. clientIds=8066
2026-05-19 13:05:56,974 INFO  App.Controllers.DashboardController - GetWalletAmount API called. clientIds=8066
2026-05-19 13:07:35,689 INFO  App.Controllers.DashboardController - GetWalletAmount API called. clientIds=8066
2026-05-19 13:07:36,177 INFO  App.Controllers.DashboardController - GetWalletAmount API called. clientIds=8066
2026-05-19 13:12:16,172 INFO  App.Controllers.DashboardController - GetWalletAmount API called. clientIds=8066
2026-05-19 13:12:16,175 INFO  App.Controllers.DashboardController - GetWalletAmount API called. clientIds=8066
2026-05-19 13:12:32,904 INFO  App.Controllers.DashboardController - GetWalletAmount API called. clientIds=8066
2026-05-19 13:12:32,904 INFO  App.Controllers.DashboardController - GetWalletAmount API called. clientIds=8066
2026-05-19 13:12:41,990 INFO  App.Controllers.DashboardController - GetWalletAmount API called. clientIds=8066
2026-05-19 13:12:41,990 INFO  App.Controllers.DashboardController - GetWalletAmount API called. clientIds=8066
2026-05-19 13:12:56,332 INFO  App.Controllers.DashboardController - GetWalletAmount API called. clientIds=8066
2026-05-19 13:12:56,355 INFO  App.Controllers.DashboardController - GetWalletAmount API called. clientIds=8066
2026-05-19 13:16:23,353 INFO  App.Controllers.DashboardController - GetWalletAmount API called. clientIds=8066
2026-05-19 13:16:23,855 INFO  App.Controllers.DashboardController - GetWalletAmount API called. clientIds=8066
2026-05-19 13:19:03,289 INFO  App.Controllers.DashboardController - GetWalletAmount API called. clientIds=8066
2026-05-19 13:29:17,867 INFO  App.Controllers.DashboardController - GetWalletAmount API called. clientIds=8066
2026-05-19 13:29:17,946 INFO  App.Controllers.DashboardController - GetWalletAmount API called. clientIds=8066
2026-05-19 13:30:42,924 WARN  LISD.Middleware.ErrorLoggingMiddleware - API error response
Correlation: 00-dd758936441b631bbeb44a754a1dc583-5abd36d8d3057684-00
Status     : 405
Method     : GET
Path       : /api/FlaboDashBoard/update-sample-status
Query      : 
Host       : 192.168.31.237:5021
Scheme     : http
Remote IP  : 192.168.31.237
User-Agent : Mozilla/5.0 (Macintosh; Intel Mac OS X 10_15_7) AppleWebKit/537.36 (KHTML, like Gecko) Chrome/148.0.0.0 Safari/537.36

2026-05-19 13:31:25,315 WARN  LISD.Middleware.ErrorLoggingMiddleware - API error response
Correlation: 00-fe06b50ad8f9f389a8b38d5396ea4f45-fc62d4cb4a182cd1-00
Status     : 405
Method     : GET
Path       : /api/FlaboDashBoard/patient-sample-tracking
Query      : 
Host       : 192.168.31.237:5021
Scheme     : http
Remote IP  : 192.168.31.237
User-Agent : Mozilla/5.0 (Macintosh; Intel Mac OS X 10_15_7) AppleWebKit/537.36 (KHTML, like Gecko) Chrome/148.0.0.0 Safari/537.36

2026-05-19 13:34:51,192 INFO  App.Controllers.DashboardController - GetWalletAmount API called. clientIds=8066
2026-05-19 13:34:51,196 INFO  App.Controllers.DashboardController - GetWalletAmount API called. clientIds=8066
2026-05-19 13:35:07,045 WARN  LISD.Middleware.ErrorLoggingMiddleware - API error response
Correlation: 00-37a4fdb06ce7fb26b044b0d41fcd2679-6ef3a8f42c792d92-00
Status     : 404
Method     : POST
Path       : /api/FlaboDashBoard/sample-picked
Query      : 
Host       : 192.168.31.237:5021
Scheme     : http
Remote IP  : 192.168.31.237
User-Agent : okhttp/4.12.0
RequestBody: {"id":3}

2026-05-19 13:35:20,190 WARN  LISD.Middleware.ErrorLoggingMiddleware - API error response
Correlation: 00-0b24382bf48126db269c23d4bf2bdbd1-b0b6daf2e57538ef-00
Status     : 404
Method     : POST
Path       : /api/FlaboDashBoard/sample-delivered
Query      : 
Host       : 192.168.31.237:5021
Scheme     : http
Remote IP  : 192.168.31.237
User-Agent : okhttp/4.12.0
RequestBody: {"id":3}

2026-05-19 13:35:32,356 WARN  LISD.Middleware.ErrorLoggingMiddleware - API error response
Correlation: 00-4f6d43406f137ea5ec59f8dfbc468b06-1e23e2898bda87dd-00
Status     : 404
Method     : POST
Path       : /api/FlaboDashBoard/sample-picked
Query      : 
Host       : 192.168.31.237:5021
Scheme     : http
Remote IP  : 192.168.31.237
User-Agent : okhttp/4.12.0
RequestBody: {"id":2}

2026-05-19 13:37:02,730 INFO  App.Controllers.DashboardController - GetWalletAmount API called. clientIds=8066
2026-05-19 13:37:02,730 INFO  App.Controllers.DashboardController - GetWalletAmount API called. clientIds=8066
2026-05-19 13:37:16,140 WARN  LISD.Middleware.ErrorLoggingMiddleware - API error response
Correlation: 00-b7be4079d2d010c1eec10f0248676baf-e91780856b91fc9e-00
Status     : 404
Method     : POST
Path       : /api/FlaboDashBoard/sample-picked
Query      : 
Host       : 192.168.31.237:5021
Scheme     : http
Remote IP  : 192.168.31.237
User-Agent : okhttp/4.12.0
RequestBody: {"id":3,"samplePickup":true}

2026-05-19 13:37:26,490 WARN  LISD.Middleware.ErrorLoggingMiddleware - API error response
Correlation: 00-fc289e5ce6bb03ba10712a8ab2d525ca-74df86ed1ae03c19-00
Status     : 404
Method     : POST
Path       : /api/FlaboDashBoard/sample-picked
Query      : 
Host       : 192.168.31.237:5021
Scheme     : http
Remote IP  : 192.168.31.237
User-Agent : okhttp/4.12.0
RequestBody: {"id":2,"samplePickup":true}

2026-05-19 13:40:45,710 WARN  LISD.Middleware.ErrorLoggingMiddleware - API error response
Correlation: 00-48170b90a2df1b648633dc6c848bd0d7-37ac61eca2d6f780-00
Status     : 404
Method     : POST
Path       : /api/FlaboDashBoard/sample-delivered
Query      : 
Host       : 192.168.31.237:5021
Scheme     : http
Remote IP  : 192.168.31.237
User-Agent : okhttp/4.12.0
RequestBody: {"id":3}

2026-05-19 15:22:34,420 INFO  App.Controllers.DashboardController - GetWalletAmount API called. clientIds=8066
2026-05-19 15:22:34,420 INFO  App.Controllers.DashboardController - GetWalletAmount API called. clientIds=8066
2026-05-19 15:32:07,891 INFO  App.Controllers.DashboardController - GetWalletAmount API called. clientIds=8066
2026-05-19 15:32:07,891 INFO  App.Controllers.DashboardController - GetWalletAmount API called. clientIds=8066
2026-05-19 15:33:21,434 INFO  App.Controllers.DashboardController - GetWalletAmount API called. clientIds=8066
2026-05-19 15:33:21,437 INFO  App.Controllers.DashboardController - GetWalletAmount API called. clientIds=8066
2026-05-19 15:34:29,091 INFO  App.Controllers.DashboardController - GetWalletAmount API called. clientIds=8066
2026-05-19 15:36:44,613 INFO  App.Controllers.DashboardController - GetWalletAmount API called. clientIds=8066
2026-05-19 15:36:44,652 INFO  App.Controllers.DashboardController - GetWalletAmount API called. clientIds=8066
2026-05-19 15:36:54,772 INFO  App.Controllers.DashboardController - GetWalletAmount API called. clientIds=8066
2026-05-19 15:37:54,420 INFO  App.Controllers.DashboardController - GetWalletAmount API called. clientIds=8066
2026-05-19 15:38:48,751 INFO  App.Controllers.DashboardController - GetWalletAmount API called. clientIds=8066
2026-05-19 15:41:22,807 INFO  App.Controllers.DashboardController - GetWalletAmount API called. clientIds=8066
2026-05-19 15:51:50,338 INFO  App.Controllers.DashboardController - GetWalletAmount API called. clientIds=8066
2026-05-19 15:52:11,263 INFO  App.Controllers.DashboardController - GetWalletAmount API called. clientIds=8066
2026-05-19 15:53:53,957 INFO  App.Controllers.DashboardController - GetWalletAmount API called. clientIds=8066
2026-05-19 15:53:53,958 INFO  App.Controllers.DashboardController - GetWalletAmount API called. clientIds=8066
2026-05-19 16:01:39,778 INFO  App.Controllers.DashboardController - GetWalletAmount API called. clientIds=8066
2026-05-19 16:02:21,069 INFO  App.Controllers.DashboardController - GetWalletAmount API called. clientIds=8066
2026-05-19 16:11:07,172 INFO  App.Controllers.DashboardController - GetWalletAmount API called. clientIds=8066
2026-05-19 16:11:07,175 INFO  App.Controllers.DashboardController - GetWalletAmount API called. clientIds=8066
2026-05-19 16:14:42,763 WARN  LISD.Middleware.ErrorLoggingMiddleware - API error response
Correlation: 00-0e71a94ab7459ea173f9428fb0e76195-d55da822bc6d7d5e-00
Status     : 404
Method     : POST
Path       : /api/FlaboDashBoard/sample-delivered
Query      : 
Host       : 192.168.31.237:5021
Scheme     : http
Remote IP  : 192.168.31.237
User-Agent : okhttp/4.12.0
RequestBody: {"id":3,"sampleDelivered":true}

2026-05-19 16:15:06,918 WARN  LISD.Middleware.ErrorLoggingMiddleware - API error response
Correlation: 00-5250ec2dbc4aee3b8dcba08b1bff6b1a-a053513ce3ebda9d-00
Status     : 404
Method     : POST
Path       : /api/FlaboDashBoard/sample-delivered
Query      : 
Host       : 192.168.31.237:5021
Scheme     : http
Remote IP  : 192.168.31.237
User-Agent : okhttp/4.12.0
RequestBody: {"id":4,"sampleDelivered":true}

2026-05-19 16:22:49,343 INFO  App.Controllers.DashboardController - GetWalletAmount API called. clientIds=8066
2026-05-19 16:22:49,343 INFO  App.Controllers.DashboardController - GetWalletAmount API called. clientIds=8066
2026-05-19 16:29:54,680 INFO  App.Controllers.DashboardController - GetWalletAmount API called. clientIds=8066
2026-05-19 16:31:37,806 INFO  App.Controllers.DashboardController - GetWalletAmount API called. clientIds=8066
2026-05-19 16:38:31,593 INFO  App.Controllers.DashboardController - GetWalletAmount API called. clientIds=8066
2026-05-19 16:39:19,204 ERROR LISD.Middleware.ErrorLoggingMiddleware - API error response
Correlation: 00-a8d418eb6ff04ca3b351ec68c5735800-982da935ce888c3f-00
Status     : 500
Method     : POST
Path       : /api/Patient/save
Query      : 
Host       : 192.168.31.237:5021
Scheme     : http
Remote IP  : 192.168.31.237
User-Agent : okhttp/4.12.0
RequestBody: {"HospId":1,"BranchId":8066,"LoginBranchId":8066,"CorporateId":1,"Title":"Mr.","FirstName":"Arjun","MiddleName":"","LastName":"","AgeYears":23,"AgeMonths":0,"AgeDays":0,"DOB":"2003-05-18","Gender":"MALE","MaritalStatus":"","Relation":"","RelativeName":"","ContactNumber":"","Address":"","DoctorId":0,"ReferDoctorId":1,"ReferLabId":0,"FieldBoyId":1,"MedicalHistory":"","CollectionDateTime":"2026-05-19T11:08:00.000Z","CountryId":1,"Country":"India","StateId":1,"State":"","DistrictId":0,"District":"","CityId":0,"City":"","UserId":null,"IpAddress":"10.0.2.16","GrossAmount":350,"DiscountPercentage":0,"DiscountAmount":0,"RoundOff":0,"NetAmount":350,"TotalPayableAmount":350,"TotalPaidAmount":350,"TotalBalanceAmount":0,"TotalPatientPayableAmount":350,"TotalCorporatePayableAmount":0,"TotalPatientPaidAmount":350,"TotalCorporatePaidAmount":0,"ReceiptAmount":350,"DiscountApprovedById":0,"DiscountReason":"","Remarks":"","Services":[{"ServiceItemId":110,"SubSubCategoryId":10,"SubCategoryId":1,"CategoryId":3,"ServiceName":"KIDNEY FUNCTION TEST (KFT)","Code":"","Rate":350,"Amount":350,"Qty":1,"GrossAmt":350,"DiscPer":0,"DiscAmt":0,"TotalTaxPer":0,"TotalTaxAmt":0,"NetAmt":350,"IsUrgent":0,"IsUnderPackage":0,"PackageId":0,"Barcode":"4736jh","TestRemark":"","SampleTypeId":2,"SampleType":""}],"payments":[{"paymentModeId":1,"amount":350,"bankId":0,"referenceNo":""}],"Investigations":[{"ReportingBranchId":8066,"TestRemark":""}]}
ResponseBody: {"success":false,"message":"UHID not found in PatientMaster"}
2026-05-19 16:39:50,833 INFO  App.Controllers.DashboardController - GetWalletAmount API called. clientIds=8066
2026-05-19 16:40:58,779 INFO  App.Controllers.DashboardController - GetWalletAmount API called. clientIds=8066
2026-05-19 16:41:32,950 INFO  App.Controllers.DashboardController - GetWalletAmount API called. clientIds=8066
2026-05-19 16:50:38,134 INFO  App.Controllers.DashboardController - GetWalletAmount API called. clientIds=8066
2026-05-19 16:53:08,423 INFO  App.Controllers.DashboardController - GetWalletAmount API called. clientIds=8066
2026-05-19 16:53:40,604 INFO  App.Controllers.DashboardController - GetWalletAmount API called. clientIds=1
2026-05-19 16:53:40,708 INFO  App.Controllers.DashboardController - GetWalletAmount API called. clientIds=1
2026-05-19 16:54:26,430 INFO  App.Controllers.DashboardController - GetWalletAmount API called. clientIds=1
2026-05-19 16:54:51,896 INFO  App.Controllers.DashboardController - GetWalletAmount API called. clientIds=1
2026-05-19 16:58:02,969 INFO  App.Controllers.DashboardController - GetWalletAmount API called. clientIds=1
2026-05-19 16:59:32,045 INFO  App.Controllers.DashboardController - GetWalletAmount API called. clientIds=1
2026-05-19 16:59:32,045 INFO  App.Controllers.DashboardController - GetWalletAmount API called. clientIds=1
2026-05-19 16:59:39,743 INFO  App.Controllers.DashboardController - GetWalletAmount API called. clientIds=1
2026-05-19 17:00:01,858 INFO  App.Controllers.DashboardController - GetWalletAmount API called. clientIds=8066
2026-05-19 17:00:01,956 INFO  App.Controllers.DashboardController - GetWalletAmount API called. clientIds=8066
2026-05-19 17:01:57,744 INFO  App.Controllers.DashboardController - GetWalletAmount API called. clientIds=1
2026-05-19 17:01:57,864 INFO  App.Controllers.DashboardController - GetWalletAmount API called. clientIds=1
2026-05-19 17:02:19,126 INFO  App.Controllers.DashboardController - GetWalletAmount API called. clientIds=1
2026-05-19 17:02:43,357 INFO  App.Controllers.DashboardController - GetWalletAmount API called. clientIds=1
2026-05-19 17:02:43,524 INFO  App.Controllers.DashboardController - GetWalletAmount API called. clientIds=1
2026-05-19 17:02:52,281 INFO  App.Controllers.DashboardController - GetWalletAmount API called. clientIds=1
2026-05-19 17:05:09,334 INFO  App.Controllers.DashboardController - GetWalletAmount API called. clientIds=1
2026-05-19 17:05:09,840 INFO  App.Controllers.DashboardController - GetWalletAmount API called. clientIds=1
2026-05-19 17:05:47,375 INFO  App.Controllers.DashboardController - GetWalletAmount API called. clientIds=1
2026-05-19 17:05:47,375 INFO  App.Controllers.DashboardController - GetWalletAmount API called. clientIds=1
2026-05-19 17:07:15,396 INFO  App.Controllers.DashboardController - GetWalletAmount API called. clientIds=1
2026-05-19 17:07:15,532 INFO  App.Controllers.DashboardController - GetWalletAmount API called. clientIds=1
2026-05-19 17:16:18,355 INFO  App.Controllers.DashboardController - GetWalletAmount API called. clientIds=1
2026-05-19 17:16:33,213 INFO  App.Controllers.DashboardController - GetWalletAmount API called. clientIds=1
2026-05-19 17:16:35,331 INFO  BranchController - GetBranchAndUserWiseBranchList API called. branchId=1, userId=2
2026-05-19 17:16:35,337 INFO  BranchController - GetBranchAndUserWiseBranchList success. branchId=1, userId=2, count=0
2026-05-19 17:16:35,374 INFO  BranchController - GetBranchAndUserWiseBranchList API called. branchId=1, userId=2
2026-05-19 17:16:35,376 INFO  BranchController - GetBranchAndUserWiseBranchList success. branchId=1, userId=2, count=0
2026-05-19 17:22:48,668 INFO  BranchController - GetBranchAndUserWiseBranchList API called. branchId=1, userId=2
2026-05-19 17:22:48,714 INFO  BranchController - GetBranchAndUserWiseBranchList success. branchId=1, userId=2, count=0
2026-05-19 17:22:53,029 INFO  App.Controllers.DashboardController - GetWalletAmount API called. clientIds=1
2026-05-19 17:25:57,315 INFO  App.Controllers.DashboardController - GetWalletAmount API called. clientIds=1
2026-05-19 17:32:04,040 INFO  App.Controllers.DashboardController - GetWalletAmount API called. clientIds=1
2026-05-19 17:32:21,204 INFO  App.Controllers.DashboardController - GetWalletAmount API called. clientIds=1
2026-05-19 17:32:21,311 INFO  App.Controllers.DashboardController - GetWalletAmount API called. clientIds=1
2026-05-19 17:32:39,667 INFO  App.Controllers.DashboardController - GetWalletAmount API called. clientIds=8066
2026-05-19 17:32:39,795 INFO  App.Controllers.DashboardController - GetWalletAmount API called. clientIds=8066
2026-05-19 17:32:57,837 INFO  App.Controllers.DashboardController - GetWalletAmount API called. clientIds=8066
2026-05-19 17:32:59,927 INFO  BranchController - GetBranchAndUserWiseBranchList API called. branchId=8066, userId=1
2026-05-19 17:32:59,936 INFO  BranchController - GetBranchAndUserWiseBranchList success. branchId=8066, userId=1, count=2
2026-05-19 17:32:59,994 INFO  BranchController - GetBranchAndUserWiseBranchList API called. branchId=8066, userId=1
2026-05-19 17:32:59,998 INFO  BranchController - GetBranchAndUserWiseBranchList success. branchId=8066, userId=1, count=2
2026-05-19 17:34:17,813 INFO  BranchController - GetBranchAndUserWiseBranchList API called. branchId=8066, userId=1
2026-05-19 17:34:17,823 INFO  BranchController - GetBranchAndUserWiseBranchList success. branchId=8066, userId=1, count=2
2026-05-19 17:34:19,596 INFO  App.Controllers.DashboardController - GetWalletAmount API called. clientIds=8066
2026-05-19 17:41:13,117 INFO  App.Controllers.DashboardController - GetWalletAmount API called. clientIds=8066
2026-05-19 17:41:34,268 INFO  App.Controllers.DashboardController - GetWalletAmount API called. clientIds=8066
2026-05-19 18:21:19,197 INFO  App.Controllers.DashboardController - GetWalletAmount API called. clientIds=8066
2026-05-19 18:24:06,146 INFO  App.Controllers.DashboardController - GetWalletAmount API called. clientIds=8066
2026-05-19 18:25:15,038 INFO  BranchController - GetBranchAndUserWiseBranchList API called. branchId=8066, userId=1
2026-05-19 18:25:15,050 INFO  BranchController - GetBranchAndUserWiseBranchList success. branchId=8066, userId=1, count=2
2026-05-19 18:29:57,370 INFO  App.Controllers.DashboardController - GetWalletAmount API called. clientIds=8066
2026-05-19 18:29:57,370 INFO  App.Controllers.DashboardController - GetWalletAmount API called. clientIds=8066
2026-05-19 18:30:26,865 INFO  App.Controllers.DashboardController - GetWalletAmount API called. clientIds=8066
2026-05-19 18:30:26,902 INFO  App.Controllers.DashboardController - GetWalletAmount API called. clientIds=8066
2026-05-19 18:30:57,640 INFO  App.Controllers.DashboardController - GetWalletAmount API called. clientIds=8066
2026-05-19 18:34:27,085 INFO  App.Controllers.DashboardController - GetWalletAmount API called. clientIds=8066
2026-05-19 18:34:27,086 INFO  App.Controllers.DashboardController - GetWalletAmount API called. clientIds=8066
2026-05-19 18:35:26,638 INFO  App.Controllers.DashboardController - GetWalletAmount API called. clientIds=8066
2026-05-19 18:35:26,638 INFO  App.Controllers.DashboardController - GetWalletAmount API called. clientIds=8066
2026-05-19 18:35:58,015 INFO  App.Controllers.DashboardController - GetWalletAmount API called. clientIds=8066
2026-05-19 18:39:09,424 INFO  App.Controllers.DashboardController - GetWalletAmount API called. clientIds=8066
2026-05-19 18:39:09,435 INFO  App.Controllers.DashboardController - GetWalletAmount API called. clientIds=8066
2026-05-19 18:51:11,537 INFO  App.Controllers.DashboardController - GetWalletAmount API called. clientIds=8066
2026-05-19 18:52:15,003 INFO  App.Controllers.DashboardController - GetWalletAmount API called. clientIds=8066
2026-05-19 18:52:18,146 INFO  App.Controllers.DashboardController - GetWalletAmount API called. clientIds=8066
2026-05-19 18:52:52,351 INFO  App.Controllers.DashboardController - GetWalletAmount API called. clientIds=8066
2026-05-19 18:54:39,692 INFO  App.Controllers.DashboardController - GetWalletAmount API called. clientIds=8066
2026-05-19 18:58:49,534 INFO  App.Controllers.DashboardController - GetWalletAmount API called. clientIds=8066
2026-05-19 18:58:49,540 INFO  App.Controllers.DashboardController - GetWalletAmount API called. clientIds=8066
