2026-05-01 10:24:34,011 ERROR LISD.Middleware.ErrorLoggingMiddleware - API error response
Correlation: 00-eff776e81a4bbe0a8c1f03f042faec15-f488d880d5e6e661-00
Status     : 500
Method     : POST
Path       : /api/Patient/update-patient-services
Query      : 
Host       : 192.168.1.38:5021
Scheme     : http
Remote IP  : 192.168.1.38
User-Agent : okhttp/4.9.2
RequestBody: {"patientId":60151,"branchId":1,"loginBranchId":1,"userId":1,"ipAddress":"10.0.2.16","discountAmount":0,"services":[{"serviceItemId":61088,"subSubCategoryId":5,"serviceName":"KFT/RFT WITHOUT ELECTROLYTE","amount":600,"qty":1,"isUrgent":1,"barcode":"","testRemark":"","corporateId":2}]}
ResponseBody: {"success":false,"message":"There is already an open DataReader associated with this Connection which must be closed first."}
2026-05-01 10:24:34,011 ERROR LISD.Middleware.ErrorLoggingMiddleware - API error response
Correlation: 00-df7b174ae7feeff0368fca641ea51547-3a6c77bf506def13-00
Status     : 500
Method     : POST
Path       : /api/Patient/update-patient-services
Query      : 
Host       : 192.168.1.38:5021
Scheme     : http
Remote IP  : 192.168.1.38
User-Agent : okhttp/4.9.2
RequestBody: {"patientId":60151,"branchId":1,"loginBranchId":1,"userId":1,"ipAddress":"10.0.2.16","discountAmount":0,"services":[{"serviceItemId":61088,"subSubCategoryId":5,"serviceName":"KFT/RFT WITHOUT ELECTROLYTE","amount":600,"qty":1,"isUrgent":1,"barcode":"","testRemark":"","corporateId":2}]}
ResponseBody: {"success":false,"message":"There is already an open DataReader associated with this Connection which must be closed first."}
2026-05-01 10:26:32,606 WARN  LISD.Middleware.ErrorLoggingMiddleware - API error response
Correlation: 00-670928ffe2c4e9a561cf4a7a8cfd9014-dff115366110b0c9-00
Status     : 404
Method     : POST
Path       : /api/Patient/update-patient-services
Query      : 
Host       : 192.168.1.38:5021
Scheme     : http
Remote IP  : 192.168.1.38
User-Agent : okhttp/4.9.2
RequestBody: {"patientId":60151,"branchId":1,"loginBranchId":1,"userId":1,"ipAddress":"10.0.2.16","discountAmount":0,"services":[{"serviceItemId":61088,"subSubCategoryId":5,"serviceName":"KFT/RFT WITHOUT ELECTROLYTE","amount":600,"qty":1,"isUrgent":1,"barcode":"","testRemark":"","corporateId":2}]}
ResponseBody: {"success":false,"message":"Financial transaction not found"}
2026-05-01 10:27:18,583 INFO  App.Controllers.DashboardController - GetDashboardStates API called. branchId=1, userId=1
2026-05-01 10:27:18,583 INFO  App.Controllers.DashboardController - GetWalletAmount API called. clientIds=1
2026-05-01 10:27:18,583 INFO  App.Controllers.DashboardController - GetDashboardStates API called. branchId=1, userId=1
2026-05-01 10:27:25,095 INFO  BranchController - GetBranchDetailsByBranchId API called. branchId=1
2026-05-01 10:27:25,100 INFO  BranchController - GetBranchDetailsByBranchId success. branchId=1, count=1
2026-05-01 10:27:25,102 INFO  BranchController - GetBranchAndUserWiseBranchList API called. branchId=1, userId=1
2026-05-01 10:27:25,111 INFO  BranchController - GetBranchAndUserWiseBranchList success. branchId=1, userId=1, count=111
2026-05-01 10:27:25,283 INFO  BranchController - GetBranchDetailsByBranchId API called. branchId=1
2026-05-01 10:27:25,286 INFO  BranchController - GetBranchDetailsByBranchId success. branchId=1, count=1
2026-05-01 10:29:19,654 INFO  BranchController - GetBranchAndUserWiseBranchList API called. branchId=1, userId=1
2026-05-01 10:29:19,673 INFO  BranchController - GetBranchAndUserWiseBranchList success. branchId=1, userId=1, count=111
2026-05-01 10:29:19,677 INFO  BranchController - GetBranchDetailsByBranchId API called. branchId=1
2026-05-01 10:29:19,686 INFO  BranchController - GetBranchDetailsByBranchId success. branchId=1, count=1
2026-05-01 10:29:28,895 INFO  BranchController - GetBranchAndUserWiseBranchList API called. branchId=1, userId=1
2026-05-01 10:29:28,907 INFO  BranchController - GetBranchAndUserWiseBranchList success. branchId=1, userId=1, count=111
2026-05-01 10:29:28,918 INFO  BranchController - GetBranchDetailsByBranchId API called. branchId=1
2026-05-01 10:29:28,921 INFO  BranchController - GetBranchDetailsByBranchId success. branchId=1, count=1
2026-05-01 10:29:35,609 INFO  BranchController - GetBranchAndUserWiseBranchList API called. branchId=1, userId=1
2026-05-01 10:29:35,613 INFO  BranchController - GetBranchAndUserWiseBranchList success. branchId=1, userId=1, count=111
2026-05-01 10:29:35,639 INFO  BranchController - GetBranchDetailsByBranchId API called. branchId=1
2026-05-01 10:29:35,642 INFO  BranchController - GetBranchDetailsByBranchId success. branchId=1, count=1
2026-05-01 10:29:55,368 INFO  BranchController - GetBranchAndUserWiseBranchList API called. branchId=1, userId=1
2026-05-01 10:29:55,377 INFO  BranchController - GetBranchAndUserWiseBranchList success. branchId=1, userId=1, count=111
2026-05-01 10:29:55,385 INFO  BranchController - GetBranchDetailsByBranchId API called. branchId=1
2026-05-01 10:29:55,388 INFO  BranchController - GetBranchDetailsByBranchId success. branchId=1, count=1
2026-05-01 10:37:01,490 INFO  App.Controllers.DashboardController - GetWalletAmount API called. clientIds=1
2026-05-01 10:37:01,495 INFO  App.Controllers.DashboardController - GetDashboardStates API called. branchId=1, userId=1
2026-05-01 10:37:01,966 INFO  App.Controllers.DashboardController - GetDashboardStates API called. branchId=1, userId=1
2026-05-01 10:44:27,489 INFO  BranchController - GetBranchDetailsByBranchId API called. branchId=1
2026-05-01 10:44:27,546 INFO  BranchController - GetBranchDetailsByBranchId success. branchId=1, count=1
2026-05-01 10:44:27,985 INFO  BranchController - GetBranchDetailsByBranchId API called. branchId=1
2026-05-01 10:44:27,987 INFO  BranchController - GetBranchDetailsByBranchId success. branchId=1, count=1
2026-05-01 10:52:13,368 INFO  App.Controllers.DashboardController - GetWalletAmount API called. clientIds=1
2026-05-01 10:52:13,368 INFO  App.Controllers.DashboardController - GetDashboardStates API called. branchId=1, userId=1
2026-05-01 10:52:13,852 INFO  App.Controllers.DashboardController - GetDashboardStates API called. branchId=1, userId=1
2026-05-01 10:52:23,611 INFO  BranchController - GetBranchDetailsByBranchId API called. branchId=1
2026-05-01 10:52:23,615 INFO  BranchController - GetBranchDetailsByBranchId success. branchId=1, count=1
2026-05-01 10:52:23,921 INFO  BranchController - GetBranchDetailsByBranchId API called. branchId=1
2026-05-01 10:52:23,923 INFO  BranchController - GetBranchDetailsByBranchId success. branchId=1, count=1
2026-05-01 11:00:43,255 INFO  App.Controllers.DashboardController - GetDashboardStates API called. branchId=1, userId=1
2026-05-01 11:00:43,256 INFO  App.Controllers.DashboardController - GetWalletAmount API called. clientIds=1
2026-05-01 11:00:48,416 INFO  BranchController - GetBranchAndUserWiseBranchList API called. branchId=1, userId=1
2026-05-01 11:00:48,421 INFO  BranchController - GetBranchAndUserWiseBranchList success. branchId=1, userId=1, count=111
2026-05-01 11:00:48,519 INFO  App.Controllers.DashboardController - GetBillAndAdvanceDash API called. filter=, clientIdList=1, fromDate=2026-05-01, toDate=2026-05-01
2026-05-01 11:00:48,539 INFO  App.Controllers.DashboardController - GetBillAndAdvanceDash success. transactionsCount=1, summaryExists=True
2026-05-01 11:00:48,662 INFO  App.Controllers.DashboardController - GetBillAndAdvanceDash API called. filter=, clientIdList=1,9073,9084,9095,9135,9116,9119,9099,9167,9077,9097,9109,9151,9103,9158,9136,9104,9165,9123,9172,9105,9164,9154,9127,9088,9074,9166,9075,9163,9092,9081,9150,9147,9128,9132,9149,9174,9156,9138,9083,9171,9117,9161,9160,9110,9090,9080,9101,9106,9126,9146,9121,9076,9091,9082,9153,9108,9169,9134,9098,9143,9094,9162,9115,9086,9089,9125,9111,9071,9069,8066,9070,9067,9068,9066,9141,9113,9137,9130,9152,9122,9145,9129,9093,9140,9112,9168,9155,9114,9173,9118,9159,9087,9107,9142,9144,9072,9085,9096,9078,9079,9170,9124,9139,9100,9157,9120,9133,9102,9131,9148, fromDate=2026-05-01, toDate=2026-05-01
2026-05-01 11:00:48,689 INFO  App.Controllers.DashboardController - GetBillAndAdvanceDash success. transactionsCount=1, summaryExists=True
2026-05-01 11:00:50,985 INFO  App.Controllers.DashboardController - GetWalletAmount API called. clientIds=1
2026-05-01 11:00:50,996 INFO  App.Controllers.DashboardController - GetDashboardStates API called. branchId=1, userId=1
2026-05-01 11:00:55,796 INFO  BranchController - GetBranchAndUserWiseBranchList API called. branchId=1, userId=1
2026-05-01 11:00:55,800 INFO  BranchController - GetBranchAndUserWiseBranchList success. branchId=1, userId=1, count=111
2026-05-01 11:00:55,900 INFO  BranchController - GetBranchAndUserWiseBranchList API called. branchId=1, userId=1
2026-05-01 11:00:55,903 INFO  BranchController - GetBranchAndUserWiseBranchList success. branchId=1, userId=1, count=111
2026-05-01 11:05:26,432 WARN  LISD.Middleware.ErrorLoggingMiddleware - API error response
Correlation: 00-77363bc2f2ec40d69813e4d5077e1cbb-314bb834811948c0-00
Status     : 400
Method     : POST
Path       : /api/Patient/update-patient
Query      : 
Host       : 192.168.1.38:5021
Scheme     : http
Remote IP  : 192.168.1.38
User-Agent : Mozilla/5.0 (Macintosh; Intel Mac OS X 10_15_7) AppleWebKit/537.36 (KHTML, like Gecko) Chrome/147.0.0.0 Safari/537.36
RequestBody: {
  "patient": {
    "hospId": 0,
    "branchId": 0,
    "loginBranchId": 0,
    "patientId": 0,
    "uhid": "string",
    "title": "string",
    "firstName": "string",
    "middleName": "string",
    "lastName": "string",
    "ageYears": 0,
    "ageMonths": 0,
    "ageDays": 0,
    "dob": "2026-05-01T05:35:24.433Z",
    "gender": "string",
    "maritalStatus": "string",
    "relation": "string",
    "relativeName": "string",
    "aadharNumber": "string",
    "idProofName": "string",
    "idProofNumber": "string",
    "contactNumber": "string",
    "emergencyContactNumber": "string",
    "email": "string",
    "address": "string",
    "countryId": 0,
    "country": "string",
    "stateId": 0,
    "state": "string",
    "districtId": 0,
    "district": "string",
    "cityId": 0,
    "city": "string",
    "insuranceCompanyId": 0,
    "corporateId": 0,
    "cardNo": "string",
    "privilegedCardNumber": "string",
    "policyNo": "string",
    "policyCardNo": "string",
    "expiryDate": "string",
    "cardHolder": "string",
    "userId": 0,
    "ipAddress": "string",
    "uniqueId": "string",
    "isVaccination": 0,
    "vipPatient": 0,
    "type": "string",
    "typeId": 0,
    "doctorId": 0,
    "referDoctorId": 0,
    "referalDoctor": "string",
    "referLabId": 0,
    "visitTypeId": 0,
    "fieldBoyId": 0,
    "collectionDateTime": "2026-05-01T05:35:24.433Z",
    "referalNo": "string",
    "referalDate": "string",
    "medicalHistory": "string",
    "patientImagePath": "string",
    "services": [
      {
        "serviceItemId": 0,
        "subSubCategoryId": 0,
        "serviceName": "string",
        "amount": 0,
        "qty": 0
      }
    ],
    "payments": [
      {
        "paymentModeId": 0,
        "hospId": 0,
        "paymentModeName": "string",
        "payModeType": "string",
        "payModeTypeId": 0,
        "isRefundAllowed": true,
        "isActive": true,
        "referenceNo": "string",
        "remarks": "string",
        "createdBy": 0,
        "createdOn": "2026-05-01T05:35:24.433Z",
        "lastModifiedBy": 0,
        "lastModifiedOn": "2026-05-01T05:35:24.433Z",
        "ipAddress": "string",
        "uniqueId": "string",
        "amount": 0
      }
    ],
    "investigations": [
      {
        "ftdid": 0,
        "investigationId": 0,
        "labNo": 0,
        "tokenNo": 0,
        "isUrgent": 0,
        "reportingBranchId": 0,
        "barcode": "string",
        "remarks": "string",
        "sampleTypeId": 0,
        "labComment": "string"
      }
    ],
    "grossAmount": 0,
    "discountPercentage": 0,
    "discountAmount": 0,
    "totalTaxAmount": 0,
    "roundOff": 0,
    "netAmount": 0
  },
  "patientImagePath": "string",
  "documentList": [
    {
      "documentId": 0,
      "documentName": "string",
      "documentPath": "string",
      "documentBytes": "string",
      "fileExtension": "string"
    }
  ]
}
ResponseBody: {"success":false,"message":"HospId is required"}
2026-05-01 11:08:53,628 INFO  BranchController - GetBranchAndUserWiseBranchList API called. branchId=1, userId=1
2026-05-01 11:08:53,645 INFO  BranchController - GetBranchAndUserWiseBranchList success. branchId=1, userId=1, count=111
2026-05-01 11:11:54,269 INFO  App.Controllers.DashboardController - GetDashboardStates API called. branchId=1, userId=1
2026-05-01 11:11:54,269 INFO  App.Controllers.DashboardController - GetWalletAmount API called. clientIds=1
2026-05-01 11:11:54,269 INFO  App.Controllers.DashboardController - GetDashboardStates API called. branchId=1, userId=1
2026-05-01 11:11:55,677 INFO  BranchController - GetBranchAndUserWiseBranchList API called. branchId=1, userId=1
2026-05-01 11:11:55,685 INFO  BranchController - GetBranchAndUserWiseBranchList success. branchId=1, userId=1, count=111
2026-05-01 11:11:55,728 INFO  BranchController - GetBranchAndUserWiseBranchList API called. branchId=1, userId=1
2026-05-01 11:11:55,734 INFO  BranchController - GetBranchAndUserWiseBranchList success. branchId=1, userId=1, count=111
2026-05-01 11:12:17,348 INFO  BranchController - GetBranchAndUserWiseBranchList API called. branchId=1, userId=1
2026-05-01 11:12:17,366 INFO  BranchController - GetBranchAndUserWiseBranchList success. branchId=1, userId=1, count=111
2026-05-01 11:12:19,349 INFO  App.Controllers.DashboardController - GetWalletAmount API called. clientIds=1
2026-05-01 11:12:19,351 INFO  App.Controllers.DashboardController - GetDashboardStates API called. branchId=1, userId=1
2026-05-01 11:12:22,035 INFO  BranchController - GetBranchDetailsByBranchId API called. branchId=1
2026-05-01 11:12:22,045 INFO  BranchController - GetBranchDetailsByBranchId success. branchId=1, count=1
2026-05-01 11:12:22,099 INFO  BranchController - GetBranchAndUserWiseBranchList API called. branchId=1, userId=1
2026-05-01 11:12:22,102 INFO  BranchController - GetBranchAndUserWiseBranchList success. branchId=1, userId=1, count=111
2026-05-01 11:12:22,465 INFO  BranchController - GetBranchDetailsByBranchId API called. branchId=1
2026-05-01 11:12:22,469 INFO  BranchController - GetBranchDetailsByBranchId success. branchId=1, count=1
2026-05-01 11:12:26,552 INFO  BranchController - GetBranchAndUserWiseBranchList API called. branchId=1, userId=1
2026-05-01 11:12:26,556 INFO  BranchController - GetBranchAndUserWiseBranchList success. branchId=1, userId=1, count=111
2026-05-01 11:12:26,565 INFO  BranchController - GetBranchDetailsByBranchId API called. branchId=1
2026-05-01 11:12:26,568 INFO  BranchController - GetBranchDetailsByBranchId success. branchId=1, count=1
2026-05-01 11:12:32,927 INFO  App.Controllers.DashboardController - GetWalletAmount API called. clientIds=1
2026-05-01 11:12:32,927 INFO  App.Controllers.DashboardController - GetDashboardStates API called. branchId=1, userId=1
2026-05-01 11:12:35,081 INFO  BranchController - GetBranchAndUserWiseBranchList API called. branchId=1, userId=1
2026-05-01 11:12:35,085 INFO  BranchController - GetBranchAndUserWiseBranchList success. branchId=1, userId=1, count=111
2026-05-01 11:12:48,949 INFO  BranchController - GetBranchAndUserWiseBranchList API called. branchId=1, userId=1
2026-05-01 11:12:48,953 INFO  BranchController - GetBranchAndUserWiseBranchList success. branchId=1, userId=1, count=111
2026-05-01 11:13:04,502 INFO  BranchController - GetBranchAndUserWiseBranchList API called. branchId=1, userId=1
2026-05-01 11:13:04,508 INFO  BranchController - GetBranchAndUserWiseBranchList success. branchId=1, userId=1, count=111
2026-05-01 11:13:06,330 INFO  App.Controllers.DashboardController - GetDashboardStates API called. branchId=1, userId=1
2026-05-01 11:13:06,334 INFO  App.Controllers.DashboardController - GetWalletAmount API called. clientIds=1
2026-05-01 11:13:08,563 INFO  BranchController - GetBranchDetailsByBranchId API called. branchId=1
2026-05-01 11:13:08,566 INFO  BranchController - GetBranchDetailsByBranchId success. branchId=1, count=1
2026-05-01 11:13:08,574 INFO  BranchController - GetBranchAndUserWiseBranchList API called. branchId=1, userId=1
2026-05-01 11:13:08,578 INFO  BranchController - GetBranchAndUserWiseBranchList success. branchId=1, userId=1, count=111
2026-05-01 11:13:08,792 INFO  BranchController - GetBranchDetailsByBranchId API called. branchId=1
2026-05-01 11:13:08,795 INFO  BranchController - GetBranchDetailsByBranchId success. branchId=1, count=1
2026-05-01 11:13:15,941 INFO  BranchController - GetBranchAndUserWiseBranchList API called. branchId=1, userId=1
2026-05-01 11:13:15,947 INFO  BranchController - GetBranchAndUserWiseBranchList success. branchId=1, userId=1, count=111
2026-05-01 11:13:15,958 INFO  BranchController - GetBranchDetailsByBranchId API called. branchId=1
2026-05-01 11:13:15,961 INFO  BranchController - GetBranchDetailsByBranchId success. branchId=1, count=1
2026-05-01 11:16:43,022 INFO  BranchController - GetBranchAndUserWiseBranchList API called. branchId=1, userId=1
2026-05-01 11:16:43,028 INFO  BranchController - GetBranchAndUserWiseBranchList success. branchId=1, userId=1, count=111
2026-05-01 11:16:43,080 INFO  BranchController - GetBranchDetailsByBranchId API called. branchId=1
2026-05-01 11:16:43,084 INFO  BranchController - GetBranchDetailsByBranchId success. branchId=1, count=1
2026-05-01 11:16:43,961 INFO  App.Controllers.DashboardController - GetWalletAmount API called. clientIds=1
2026-05-01 11:16:43,968 INFO  App.Controllers.DashboardController - GetDashboardStates API called. branchId=1, userId=1
2026-05-01 11:16:47,510 INFO  BranchController - GetBranchAndUserWiseBranchList API called. branchId=1, userId=1
2026-05-01 11:16:47,514 INFO  BranchController - GetBranchAndUserWiseBranchList success. branchId=1, userId=1, count=111
2026-05-01 12:09:08,960 INFO  LISD.Controllers.CountryController - GetFullLocationByPincode API called. pincode=221003
2026-05-01 12:10:19,682 INFO  LISD.Controllers.CountryController - GetFullLocationByPincode API called. pincode=221003
2026-05-01 12:10:19,800 ERROR LISD.Controllers.CountryController - SQL error in GetFullLocationByPincode API. pincode=221003
Microsoft.Data.SqlClient.SqlException (0x80131904): Could not find stored procedure 'S_GetFullLocationByPincode'.
   at Microsoft.Data.SqlClient.SqlConnection.OnError(SqlException exception, Boolean breakConnection, Action`1 wrapCloseInAction)
   at Microsoft.Data.SqlClient.SqlInternalConnection.OnError(SqlException exception, Boolean breakConnection, Action`1 wrapCloseInAction)
   at Microsoft.Data.SqlClient.TdsParser.ThrowExceptionAndWarning(TdsParserStateObject stateObj, Boolean callerHasConnectionLock, Boolean asyncClose)
   at Microsoft.Data.SqlClient.TdsParser.TryRun(RunBehavior runBehavior, SqlCommand cmdHandler, SqlDataReader dataStream, BulkCopySimpleResultSet bulkCopyHandler, TdsParserStateObject stateObj, Boolean& dataReady)
   at Microsoft.Data.SqlClient.SqlDataReader.TryConsumeMetaData()
   at Microsoft.Data.SqlClient.SqlDataReader.get_MetaData()
   at Microsoft.Data.SqlClient.SqlCommand.FinishExecuteReader(SqlDataReader ds, RunBehavior runBehavior, String resetOptionsString, Boolean isInternal, Boolean forDescribeParameterEncryption, Boolean shouldCacheForAlwaysEncrypted)
   at Microsoft.Data.SqlClient.SqlCommand.RunExecuteReaderTds(CommandBehavior cmdBehavior, RunBehavior runBehavior, Boolean returnStream, Boolean isAsync, Int32 timeout, Task& task, Boolean asyncWrite, Boolean inRetry, SqlDataReader ds, Boolean describeParameterEncryptionRequest)
   at Microsoft.Data.SqlClient.SqlCommand.RunExecuteReader(CommandBehavior cmdBehavior, RunBehavior runBehavior, Boolean returnStream, TaskCompletionSource`1 completion, Int32 timeout, Task& task, Boolean& usedCache, Boolean asyncWrite, Boolean inRetry, String method)
   at Microsoft.Data.SqlClient.SqlCommand.RunExecuteReader(CommandBehavior cmdBehavior, RunBehavior runBehavior, Boolean returnStream, String method)
   at Microsoft.Data.SqlClient.SqlCommand.ExecuteReader(CommandBehavior behavior)
   at Microsoft.Data.SqlClient.SqlCommand.ExecuteReader()
   at LISD.Controllers.CountryController.GetFullLocationByPincode(Int32 pincode) in /Users/gravitywebtechnologiespvtltd/Desktop/ClientMaster/LISDBACKEND/Controllers/CountryController.cs:line 113
ClientConnectionId:9458273d-2524-437f-aed8-6aa0d226cf88
Error Number:2812,State:62,Class:16
2026-05-01 12:10:19,814 ERROR LISD.Middleware.ErrorLoggingMiddleware - API error response
Correlation: 00-55e3589462621fe858a53366a710556c-617cb631b80f555d-00
Status     : 500
Method     : GET
Path       : /api/Country/GetFullLocationByPincode
Query      : ?pincode=221003
Host       : 192.168.1.38:5021
Scheme     : http
Remote IP  : 192.168.1.38
User-Agent : Mozilla/5.0 (Macintosh; Intel Mac OS X 10_15_7) AppleWebKit/537.36 (KHTML, like Gecko) Chrome/147.0.0.0 Safari/537.36
ResponseBody: {"status":false,"message":"Database error occurred"}
2026-05-01 12:10:22,831 INFO  LISD.Controllers.CountryController - GetFullLocationByPincode API called. pincode=221003
2026-05-01 12:10:22,838 ERROR LISD.Controllers.CountryController - SQL error in GetFullLocationByPincode API. pincode=221003
Microsoft.Data.SqlClient.SqlException (0x80131904): Could not find stored procedure 'S_GetFullLocationByPincode'.
   at Microsoft.Data.SqlClient.SqlConnection.OnError(SqlException exception, Boolean breakConnection, Action`1 wrapCloseInAction)
   at Microsoft.Data.SqlClient.SqlInternalConnection.OnError(SqlException exception, Boolean breakConnection, Action`1 wrapCloseInAction)
   at Microsoft.Data.SqlClient.TdsParser.ThrowExceptionAndWarning(TdsParserStateObject stateObj, Boolean callerHasConnectionLock, Boolean asyncClose)
   at Microsoft.Data.SqlClient.TdsParser.TryRun(RunBehavior runBehavior, SqlCommand cmdHandler, SqlDataReader dataStream, BulkCopySimpleResultSet bulkCopyHandler, TdsParserStateObject stateObj, Boolean& dataReady)
   at Microsoft.Data.SqlClient.SqlDataReader.TryConsumeMetaData()
   at Microsoft.Data.SqlClient.SqlDataReader.get_MetaData()
   at Microsoft.Data.SqlClient.SqlCommand.FinishExecuteReader(SqlDataReader ds, RunBehavior runBehavior, String resetOptionsString, Boolean isInternal, Boolean forDescribeParameterEncryption, Boolean shouldCacheForAlwaysEncrypted)
   at Microsoft.Data.SqlClient.SqlCommand.RunExecuteReaderTds(CommandBehavior cmdBehavior, RunBehavior runBehavior, Boolean returnStream, Boolean isAsync, Int32 timeout, Task& task, Boolean asyncWrite, Boolean inRetry, SqlDataReader ds, Boolean describeParameterEncryptionRequest)
   at Microsoft.Data.SqlClient.SqlCommand.RunExecuteReader(CommandBehavior cmdBehavior, RunBehavior runBehavior, Boolean returnStream, TaskCompletionSource`1 completion, Int32 timeout, Task& task, Boolean& usedCache, Boolean asyncWrite, Boolean inRetry, String method)
   at Microsoft.Data.SqlClient.SqlCommand.RunExecuteReader(CommandBehavior cmdBehavior, RunBehavior runBehavior, Boolean returnStream, String method)
   at Microsoft.Data.SqlClient.SqlCommand.ExecuteReader(CommandBehavior behavior)
   at Microsoft.Data.SqlClient.SqlCommand.ExecuteReader()
   at LISD.Controllers.CountryController.GetFullLocationByPincode(Int32 pincode) in /Users/gravitywebtechnologiespvtltd/Desktop/ClientMaster/LISDBACKEND/Controllers/CountryController.cs:line 113
ClientConnectionId:9458273d-2524-437f-aed8-6aa0d226cf88
Error Number:2812,State:62,Class:16
2026-05-01 12:10:22,839 ERROR LISD.Middleware.ErrorLoggingMiddleware - API error response
Correlation: 00-3426a665d092e073f58aa807e9b43c5a-67c0e349cc2a6eec-00
Status     : 500
Method     : GET
Path       : /api/Country/GetFullLocationByPincode
Query      : ?pincode=221003
Host       : 192.168.1.38:5021
Scheme     : http
Remote IP  : 192.168.1.38
User-Agent : Mozilla/5.0 (Macintosh; Intel Mac OS X 10_15_7) AppleWebKit/537.36 (KHTML, like Gecko) Chrome/147.0.0.0 Safari/537.36
ResponseBody: {"status":false,"message":"Database error occurred"}
2026-05-01 12:16:22,583 INFO  LISD.Controllers.CountryController - GetFullLocationByPincode API called. pincode=221003
2026-05-01 15:57:49,922 INFO  App.Controllers.DashboardController - GetWalletAmount API called. clientIds=1
2026-05-01 15:57:49,922 INFO  App.Controllers.DashboardController - GetDashboardStates API called. branchId=1, userId=1
2026-05-01 15:57:49,922 INFO  App.Controllers.DashboardController - GetDashboardStates API called. branchId=1, userId=1
2026-05-01 15:58:15,065 INFO  App.Controllers.DashboardController - GetDashboardStates API called. branchId=1, userId=1
2026-05-01 15:58:15,066 INFO  App.Controllers.DashboardController - GetWalletAmount API called. clientIds=1
2026-05-01 15:58:15,151 INFO  App.Controllers.DashboardController - GetDashboardStates API called. branchId=1, userId=1
2026-05-01 16:00:20,956 INFO  BranchController - GetBranchDetailsByBranchId API called. branchId=1
2026-05-01 16:00:21,016 INFO  BranchController - GetBranchDetailsByBranchId success. branchId=1, count=1
2026-05-01 16:00:21,376 INFO  BranchController - GetBranchDetailsByBranchId API called. branchId=1
2026-05-01 16:00:21,379 INFO  BranchController - GetBranchDetailsByBranchId success. branchId=1, count=1
2026-05-01 16:48:13,491 ERROR LISD.Middleware.ErrorLoggingMiddleware - API error response
Correlation: 00-ddbe689bc4590b333343238d1eb39b5f-5772c48d530c9730-00
Status     : 500
Method     : POST
Path       : /api/Patient/save
Query      : 
Host       : 192.168.1.38:5021
Scheme     : http
Remote IP  : 192.168.1.38
User-Agent : PostmanRuntime/7.53.0
RequestBody: {
  "HospId": 1,
  "BranchId": 1,
  "LoginBranchId": 1,
  "CorporateId": 1,
  "Title": "Mr",
  "FirstName": "Rohan k",
  "MiddleName": "A",
  "LastName": "Yadav",
  "AgeYears": 30,
  "AgeMonths": 0,
  "AgeDays": 0,
  "DOB": "1995-01-01",
  "Gender": "Male",
  "MaritalStatus": "Single",
  "Relation": "Father",
  "RelativeName": "Robert Doe",
  "ContactNumber": "6786585585",
  "Address": "123 Street, City",
  "DoctorId": 2,
  "ReferDoctorId": 2,
  "ReferLabId": 2,
  "FieldBoyId": 3,
  "MedicalHistory": "No major illness",
  "CollectionDateTime": "2026-03-18T11:30:00",
  "CountryId": 1,
  "Country": "India",
  "StateId": 1,
  "State": "Delhi",
  "DistrictId": 1,
  "District": "New Delhi",
  "CityId": 1,
  "City": "Delhi",
  "UserId": 1,
  "IpAddress": "127.0.0.1",
  "GrossAmount": 1500,
  "DiscountAmount": 100,
  "NetAmount": 1400,
  "Services": [
    {
      "ServiceItemId": 1,
      "SubSubCategoryId": 10,
      "ServiceName": "ACETYLCHOLINE RECEPTOR BINDING ANTIBODIES (ACHR)",
      "Amount": 500,
      "Rate": 500,
      "qty": 2,
      "Qty": 2,
      "GrossAmt": 1000,
      "DiscPer": 10,
      "DiscAmt": 50,
      "TotalTaxPer": 0,
      "TotalTaxAmt": 0,
      "NetAmt": 950,
      "IsUrgent": 1,
      "Barcode": "BAR123",
      "TestRemark": "Fasting"
    },
    {
      "ServiceItemId": 263,
      "SubSubCategoryId": 11,
      "ServiceName": "HEPATITIS E ANTIBODY - Anti HEV-IGG",
      "Amount": 500,
      "Rate": 500,
      "qty": 1,
      "Qty": 1,
      "GrossAmt": 500,
      "DiscPer": 10,
      "DiscAmt": 50,
      "TotalTaxPer": 0,
      "TotalTaxAmt": 0,
      "NetAmt": 450,
      "IsUrgent": 1,
      "Barcode": "BAR124",
      "TestRemark": "Fasting"
    }
  ],
  "payments": [],
  "Investigations": [
    {
      "ReportingBranchId": 1,
      "TestRemark": ""
    }
  ]
}
ResponseBody: {"success":false,"message":"UHID not found in PatientMaster"}
2026-05-01 16:48:26,789 ERROR LISD.Middleware.ErrorLoggingMiddleware - API error response
Correlation: 00-6ea2861911fd068bcd703dae079c0a81-9df007662d691893-00
Status     : 500
Method     : POST
Path       : /api/Patient/save
Query      : 
Host       : 192.168.1.38:5021
Scheme     : http
Remote IP  : 192.168.1.38
User-Agent : PostmanRuntime/7.53.0
RequestBody: {
  "HospId": 1,
  "BranchId": 1,
  "LoginBranchId": 1,
  "CorporateId": 1,
  "Title": "Mr",
  "FirstName": "Rohan kumar h",
  "MiddleName": "A",
  "LastName": "Yadav",
  "AgeYears": 30,
  "AgeMonths": 0,
  "AgeDays": 0,
  "DOB": "1995-01-01",
  "Gender": "Male",
  "MaritalStatus": "Single",
  "Relation": "Father",
  "RelativeName": "Robert Doe",
  "ContactNumber": "6786585585",
  "Address": "123 Street, City",
  "DoctorId": 2,
  "ReferDoctorId": 2,
  "ReferLabId": 2,
  "FieldBoyId": 3,
  "MedicalHistory": "No major illness",
  "CollectionDateTime": "2026-03-18T11:30:00",
  "CountryId": 1,
  "Country": "India",
  "StateId": 1,
  "State": "Delhi",
  "DistrictId": 1,
  "District": "New Delhi",
  "CityId": 1,
  "City": "Delhi",
  "UserId": 1,
  "IpAddress": "127.0.0.1",
  "GrossAmount": 1500,
  "DiscountAmount": 100,
  "NetAmount": 1400,
  "Services": [
    {
      "ServiceItemId": 1,
      "SubSubCategoryId": 10,
      "ServiceName": "ACETYLCHOLINE RECEPTOR BINDING ANTIBODIES (ACHR)",
      "Amount": 500,
      "Rate": 500,
      "qty": 2,
      "Qty": 2,
      "GrossAmt": 1000,
      "DiscPer": 10,
      "DiscAmt": 50,
      "TotalTaxPer": 0,
      "TotalTaxAmt": 0,
      "NetAmt": 950,
      "IsUrgent": 1,
      "Barcode": "BAR123",
      "TestRemark": "Fasting"
    },
    {
      "ServiceItemId": 263,
      "SubSubCategoryId": 11,
      "ServiceName": "HEPATITIS E ANTIBODY - Anti HEV-IGG",
      "Amount": 500,
      "Rate": 500,
      "qty": 1,
      "Qty": 1,
      "GrossAmt": 500,
      "DiscPer": 10,
      "DiscAmt": 50,
      "TotalTaxPer": 0,
      "TotalTaxAmt": 0,
      "NetAmt": 450,
      "IsUrgent": 1,
      "Barcode": "BAR124",
      "TestRemark": "Fasting"
    }
  ],
  "payments": [],
  "Investigations": [
    {
      "ReportingBranchId": 1,
      "TestRemark": ""
    }
  ]
}
ResponseBody: {"success":false,"message":"Barcode already used: BAR123"}
2026-05-01 17:22:07,738 ERROR LISD.Middleware.ErrorLoggingMiddleware - API error response
Correlation: 00-40b73e587ff92372f657d23ebcb8c9c1-d6c26e4409276d6a-00
Status     : 500
Method     : POST
Path       : /api/Patient/save
Query      : 
Host       : 192.168.1.38:5021
Scheme     : http
Remote IP  : 192.168.1.38
User-Agent : PostmanRuntime/7.53.0
RequestBody: {
  "HospId": 1,
  "BranchId": 1,
  "LoginBranchId": 1,
  "CorporateId": 1,
  "Title": "Mr",
  "FirstName": "pawan kumar",
  "MiddleName": "",
  "LastName": "singh",
  "AgeYears": 30,
  "AgeMonths": 0,
  "AgeDays": 0,
  "DOB": "1995-01-01",
  "Gender": "Male",
  "MaritalStatus": "Single",
  "Relation": "Father",
  "RelativeName": "Robert Doe",
  "ContactNumber": "",
  "Address": "123 Street, City",
  "DoctorId": 2,
  "ReferDoctorId": 2,
  "ReferLabId": 2,
  "FieldBoyId": 3,
  "MedicalHistory": "No major illness",
  "CollectionDateTime": "2026-03-18T11:30:00",
  "CountryId": 1,
  "Country": "India",
  "StateId": 1,
  "State": "Delhi",
  "DistrictId": 1,
  "District": "New Delhi",
  "CityId": 1,
  "City": "Delhi",
  "UserId": 1,
  "IpAddress": "127.0.0.1",

  "GrossAmount": 1500,
  "DiscountPercentage": 10,
  "DiscountAmount": 150,
  "RoundOff": 50,
  "NetAmount": 1300,
  "Remarks": "10% overall discount",

  "Services": [
    {
      "ServiceItemId": 1,
      "SubSubCategoryId": 10,
      "ServiceName": "ACETYLCHOLINE RECEPTOR BINDING ANTIBODIES (ACHR)",
      "Amount": 1000,
      "Rate": 1000,
      "Qty": 1,
      "GrossAmt": 1000,
      "DiscPer": 10,
      "DiscAmt": 100,
      "TotalTaxPer": 0,
      "TotalTaxAmt": 0,
      "NetAmt": 900,
      "IsUrgent": 1,
      "Barcode": "",
      "TestRemark": "Fasting"
    },
    {
      "ServiceItemId": 263,
      "SubSubCategoryId": 11,
      "ServiceName": "HEPATITIS E ANTIBODY - Anti HEV-IGG",
      "Amount": 500,
      "Rate": 500,
      "Qty": 1,
      "GrossAmt": 500,
      "DiscPer": 10,
      "DiscAmt": 50,
      "TotalTaxPer": 0,
      "TotalTaxAmt": 0,
      "NetAmt": 450,
      "IsUrgent": 1,
      "Barcode": "",
      "TestRemark": "Fasting"
    }
  ],

  "payments": [],
  "Investigations": [
    {
      "ReportingBranchId": 1,
      "Barcode": "",
      "TestRemark": ""
    }
  ]
}
ResponseBody: {"success":false,"message":"UHID not found in PatientMaster"}
2026-05-01 17:22:40,011 ERROR LISD.Middleware.ErrorLoggingMiddleware - API error response
Correlation: 00-56518f125549a5704754a9faa05b642c-e7bba313a5f083ff-00
Status     : 500
Method     : POST
Path       : /api/Patient/save
Query      : 
Host       : 192.168.1.38:5021
Scheme     : http
Remote IP  : 192.168.1.38
User-Agent : PostmanRuntime/7.53.0
RequestBody: {
  "HospId": 1,
  "BranchId": 1,
  "LoginBranchId": 1,
  "CorporateId": 1,
  "Title": "Mr",
  "FirstName": "pawan kumar",
  "MiddleName": "",
  "LastName": "singh",
  "AgeYears": 30,
  "AgeMonths": 0,
  "AgeDays": 0,
  "DOB": "1995-01-01",
  "Gender": "Male",
  "MaritalStatus": "Single",
  "Relation": "Father",
  "RelativeName": "Robert Doe",
  "ContactNumber": "",
  "Address": "123 Street, City",
  "DoctorId": 2,
  "ReferDoctorId": 2,
  "ReferLabId": 2,
  "FieldBoyId": 3,
  "MedicalHistory": "No major illness",
  "CollectionDateTime": "2026-03-18T11:30:00",
  "CountryId": 1,
  "Country": "India",
  "StateId": 1,
  "State": "Delhi",
  "DistrictId": 1,
  "District": "New Delhi",
  "CityId": 1,
  "City": "Delhi",
  "UserId": 1,
  "IpAddress": "127.0.0.1",

  "GrossAmount": 1500,
  "DiscountPercentage": 10,
  "DiscountAmount": 150,
  "RoundOff": 50,
  "NetAmount": 1300,
  "Remarks": "10% overall discount",

  "Services": [
    {
      "ServiceItemId": 1,
      "SubSubCategoryId": 10,
      "ServiceName": "ACETYLCHOLINE RECEPTOR BINDING ANTIBODIES (ACHR)",
      "Amount": 1000,
      "Rate": 1000,
      "Qty": 1,
      "GrossAmt": 1000,
      "DiscPer": 10,
      "DiscAmt": 100,
      "TotalTaxPer": 0,
      "TotalTaxAmt": 0,
      "NetAmt": 900,
      "IsUrgent": 1,
      "Barcode": "",
      "TestRemark": "Fasting"
    },
    {
      "ServiceItemId": 263,
      "SubSubCategoryId": 11,
      "ServiceName": "HEPATITIS E ANTIBODY - Anti HEV-IGG",
      "Amount": 500,
      "Rate": 500,
      "Qty": 1,
      "GrossAmt": 500,
      "DiscPer": 10,
      "DiscAmt": 50,
      "TotalTaxPer": 0,
      "TotalTaxAmt": 0,
      "NetAmt": 450,
      "IsUrgent": 1,
      "Barcode": "",
      "TestRemark": "Fasting"
    }
  ],

  "payments": [],
  "Investigations": [
    {
      "ReportingBranchId": 1,
      "Barcode": "",
      "TestRemark": ""
    }
  ]
}
ResponseBody: {"success":false,"message":"UHID not found in PatientMaster"}
2026-05-01 17:47:06,449 INFO  App.Controllers.DashboardController - GetWalletAmount API called. clientIds=1
2026-05-01 17:47:06,449 INFO  App.Controllers.DashboardController - GetDashboardStates API called. branchId=1, userId=1
2026-05-01 17:47:54,708 INFO  App.Controllers.DashboardController - GetDashboardStates API called. branchId=1, userId=1
2026-05-01 17:47:54,709 INFO  App.Controllers.DashboardController - GetWalletAmount API called. clientIds=1
2026-05-01 17:47:54,846 INFO  App.Controllers.DashboardController - GetDashboardStates API called. branchId=1, userId=1
2026-05-01 17:47:56,916 INFO  BranchController - GetBranchDetailsByBranchId API called. branchId=1
2026-05-01 17:47:56,927 INFO  BranchController - GetBranchDetailsByBranchId success. branchId=1, count=1
2026-05-01 17:47:57,277 INFO  BranchController - GetBranchDetailsByBranchId API called. branchId=1
2026-05-01 17:47:57,280 INFO  BranchController - GetBranchDetailsByBranchId success. branchId=1, count=1
2026-05-01 17:48:38,934 WARN  LISD.Middleware.ErrorLoggingMiddleware - API error response
Correlation: 00-ced4266904c799a3d684c5b83938e1b8-df27ba46ef2b9069-00
Status     : 404
Method     : GET
Path       : /favicon.ico
Query      : 
Host       : 192.168.1.38:5021
Scheme     : http
Remote IP  : 192.168.1.38
User-Agent : Mozilla/5.0 (Macintosh; Intel Mac OS X 10_15_7) AppleWebKit/537.36 (KHTML, like Gecko) Chrome/147.0.0.0 Safari/537.36

2026-05-01 18:13:29,766 INFO  App.Controllers.DashboardController - GetWalletAmount API called. clientIds=1
2026-05-01 18:13:29,767 INFO  App.Controllers.DashboardController - GetDashboardStates API called. branchId=1, userId=1
2026-05-01 18:13:29,767 INFO  App.Controllers.DashboardController - GetDashboardStates API called. branchId=1, userId=1
2026-05-01 18:13:32,667 INFO  BranchController - GetBranchDetailsByBranchId API called. branchId=1
2026-05-01 18:13:32,678 INFO  BranchController - GetBranchDetailsByBranchId success. branchId=1, count=1
2026-05-01 18:13:33,178 INFO  BranchController - GetBranchDetailsByBranchId API called. branchId=1
2026-05-01 18:13:33,181 INFO  BranchController - GetBranchDetailsByBranchId success. branchId=1, count=1
